<?xml version="1.0" ?>
<coverage version="7.14.1" timestamp="1781714120780" lines-valid="15602" lines-covered="14997" line-rate="0.9612" branches-valid="1932" branches-covered="1599" branch-rate="0.8276" complexity="0">
	<!-- Generated by coverage.py: https://coverage.readthedocs.io/en/7.14.1 -->
	<!-- Based on https://raw.githubusercontent.com/cobertura/web/master/htdocs/xml/coverage-04.dtd -->
	<sources>
		<source>C:\Users\PICHAU\Desktop\CausalPy</source>
		<source>C:\Users\PICHAU\Desktop\CausalPy\causalpy</source>
	</sources>
	<packages>
		<package name="." line-rate="0" branch-rate="0" complexity="0">
			<classes>
				<class name="extract_metrics_before_pytest.py" filename="extract_metrics_before_pytest.py" complexity="0" line-rate="0" branch-rate="0">
					<methods/>
					<lines>
						<line number="1" hits="0"/>
						<line number="2" hits="0"/>
						<line number="3" hits="0"/>
						<line number="4" hits="0"/>
						<line number="9" hits="0"/>
						<line number="13" hits="0"/>
						<line number="16" hits="0"/>
						<line number="19" hits="0"/>
						<line number="21" hits="0" branch="true" condition-coverage="0% (0/2)" missing-branches="22,27"/>
						<line number="22" hits="0" branch="true" condition-coverage="0% (0/2)" missing-branches="23,27"/>
						<line number="23" hits="0" branch="true" condition-coverage="0% (0/2)" missing-branches="22,24"/>
						<line number="24" hits="0"/>
						<line number="25" hits="0"/>
						<line number="27" hits="0" branch="true" condition-coverage="0% (0/2)" missing-branches="28,34"/>
						<line number="28" hits="0"/>
						<line number="29" hits="0"/>
						<line number="30" hits="0"/>
						<line number="31" hits="0"/>
						<line number="34" hits="0"/>
						<line number="36" hits="0"/>
						<line number="37" hits="0"/>
						<line number="38" hits="0"/>
						<line number="39" hits="0"/>
						<line number="41" hits="0"/>
						<line number="61" hits="0"/>
						<line number="62" hits="0"/>
						<line number="63" hits="0"/>
						<line number="64" hits="0"/>
						<line number="65" hits="0"/>
						<line number="66" hits="0"/>
						<line number="67" hits="0"/>
						<line number="68" hits="0"/>
					</lines>
				</class>
			</classes>
		</package>
		<package name="causalpy" line-rate="0.8918" branch-rate="0.7615" complexity="0">
			<classes>
				<class name="__init__.py" filename="causalpy/__init__.py" complexity="0" line-rate="1" branch-rate="1">
					<methods/>
					<lines>
						<line number="16" hits="1"/>
						<line number="17" hits="1"/>
						<line number="18" hits="1"/>
						<line number="19" hits="1"/>
						<line number="20" hits="1"/>
						<line number="21" hits="1"/>
						<line number="22" hits="1"/>
						<line number="24" hits="1"/>
						<line number="25" hits="1"/>
						<line number="26" hits="1"/>
						<line number="27" hits="1"/>
						<line number="28" hits="1"/>
						<line number="29" hits="1"/>
						<line number="30" hits="1"/>
						<line number="31" hits="1"/>
						<line number="32" hits="1"/>
						<line number="33" hits="1"/>
						<line number="34" hits="1"/>
						<line number="35" hits="1"/>
						<line number="36" hits="1"/>
						<line number="39" hits="1"/>
						<line number="40" hits="1"/>
						<line number="46" hits="1"/>
						<line number="48" hits="1"/>
					</lines>
				</class>
				<class name="constants.py" filename="causalpy/constants.py" complexity="0" line-rate="1" branch-rate="1">
					<methods/>
					<lines>
						<line number="25" hits="1"/>
						<line number="28" hits="1"/>
					</lines>
				</class>
				<class name="custom_exceptions.py" filename="causalpy/custom_exceptions.py" complexity="0" line-rate="1" branch-rate="1">
					<methods/>
					<lines>
						<line number="19" hits="1"/>
						<line number="29" hits="1"/>
						<line number="30" hits="1"/>
						<line number="31" hits="1"/>
						<line number="34" hits="1"/>
						<line number="44" hits="1"/>
						<line number="45" hits="1"/>
						<line number="46" hits="1"/>
						<line number="49" hits="1"/>
						<line number="58" hits="1"/>
						<line number="59" hits="1"/>
						<line number="60" hits="1"/>
					</lines>
				</class>
				<class name="date_utils.py" filename="causalpy/date_utils.py" complexity="0" line-rate="1" branch-rate="1">
					<methods/>
					<lines>
						<line number="18" hits="1"/>
						<line number="19" hits="1"/>
						<line number="20" hits="1"/>
						<line number="23" hits="1"/>
						<line number="41" hits="1"/>
						<line number="44" hits="1"/>
						<line number="61" hits="1"/>
						<line number="62" hits="1"/>
						<line number="63" hits="1"/>
						<line number="64" hits="1"/>
						<line number="67" hits="1" branch="true" condition-coverage="100% (2/2)"/>
						<line number="68" hits="1"/>
						<line number="69" hits="1"/>
						<line number="70" hits="1" branch="true" condition-coverage="100% (2/2)"/>
						<line number="71" hits="1"/>
						<line number="73" hits="1"/>
						<line number="76" hits="1"/>
						<line number="87" hits="1" branch="true" condition-coverage="100% (2/2)"/>
						<line number="88" hits="1"/>
						<line number="91" hits="1"/>
					</lines>
				</class>
				<class name="maketables_adapters.py" filename="causalpy/maketables_adapters.py" complexity="0" line-rate="0.9877" branch-rate="0.9677">
					<methods/>
					<lines>
						<line number="21" hits="1"/>
						<line number="23" hits="1"/>
						<line number="25" hits="1"/>
						<line number="26" hits="1"/>
						<line number="27" hits="1"/>
						<line number="28" hits="1"/>
						<line number="29" hits="1"/>
						<line number="31" hits="1"/>
						<line number="32" hits="1"/>
						<line number="91" hits="1"/>
						<line number="93" hits="1"/>
						<line number="94" hits="1" branch="true" condition-coverage="100% (2/2)"/>
						<line number="95" hits="1"/>
						<line number="96" hits="1" branch="true" condition-coverage="100% (2/2)"/>
						<line number="97" hits="1"/>
						<line number="98" hits="1" branch="true" condition-coverage="100% (2/2)"/>
						<line number="99" hits="1"/>
						<line number="100" hits="1" branch="true" condition-coverage="100% (2/2)"/>
						<line number="101" hits="1"/>
						<line number="102" hits="1" branch="true" condition-coverage="100% (2/2)"/>
						<line number="103" hits="1"/>
						<line number="104" hits="1"/>
						<line number="107" hits="1"/>
						<line number="109" hits="1"/>
						<line number="110" hits="1" branch="true" condition-coverage="100% (2/2)"/>
						<line number="111" hits="1"/>
						<line number="112" hits="1"/>
						<line number="113" hits="1" branch="true" condition-coverage="100% (2/2)"/>
						<line number="114" hits="1"/>
						<line number="115" hits="1" branch="true" condition-coverage="100% (2/2)"/>
						<line number="116" hits="1"/>
						<line number="117" hits="1"/>
						<line number="118" hits="1"/>
						<line number="119" hits="1"/>
						<line number="120" hits="1"/>
						<line number="121" hits="1" branch="true" condition-coverage="100% (2/2)"/>
						<line number="122" hits="1"/>
						<line number="123" hits="1"/>
						<line number="124" hits="1" branch="true" condition-coverage="100% (2/2)"/>
						<line number="125" hits="1"/>
						<line number="126" hits="1"/>
						<line number="127" hits="1"/>
						<line number="128" hits="1"/>
						<line number="131" hits="1"/>
						<line number="140" hits="1" branch="true" condition-coverage="100% (2/2)"/>
						<line number="141" hits="1"/>
						<line number="142" hits="1" branch="true" condition-coverage="100% (2/2)"/>
						<line number="143" hits="1"/>
						<line number="145" hits="1"/>
						<line number="156" hits="1"/>
						<line number="157" hits="1"/>
						<line number="160" hits="1"/>
						<line number="164" hits="1" branch="true" condition-coverage="100% (2/2)"/>
						<line number="165" hits="1" branch="true" condition-coverage="100% (2/2)"/>
						<line number="166" hits="1"/>
						<line number="168" hits="1"/>
						<line number="170" hits="1"/>
						<line number="172" hits="1"/>
						<line number="173" hits="1"/>
						<line number="174" hits="1"/>
						<line number="177" hits="1"/>
						<line number="185" hits="1"/>
						<line number="186" hits="1" branch="true" condition-coverage="100% (2/2)"/>
						<line number="187" hits="1"/>
						<line number="188" hits="1" branch="true" condition-coverage="100% (2/2)"/>
						<line number="189" hits="1"/>
						<line number="191" hits="1"/>
						<line number="192" hits="1"/>
						<line number="193" hits="1"/>
						<line number="194" hits="1"/>
						<line number="195" hits="1"/>
						<line number="197" hits="1" branch="true" condition-coverage="100% (2/2)"/>
						<line number="198" hits="1"/>
						<line number="199" hits="1"/>
						<line number="200" hits="1"/>
						<line number="203" hits="1"/>
						<line number="205" hits="1"/>
						<line number="206" hits="1"/>
						<line number="208" hits="1"/>
						<line number="209" hits="1"/>
						<line number="210" hits="1" branch="true" condition-coverage="100% (2/2)"/>
						<line number="211" hits="1"/>
						<line number="215" hits="1"/>
						<line number="217" hits="1"/>
						<line number="219" hits="1" branch="true" condition-coverage="100% (2/2)"/>
						<line number="223" hits="1"/>
						<line number="227" hits="1"/>
						<line number="228" hits="1" branch="true" condition-coverage="100% (2/2)"/>
						<line number="229" hits="1"/>
						<line number="231" hits="1" branch="true" condition-coverage="50% (1/2)" missing-branches="232"/>
						<line number="232" hits="0"/>
						<line number="234" hits="1"/>
						<line number="235" hits="1"/>
						<line number="238" hits="1" branch="true" condition-coverage="100% (2/2)"/>
						<line number="239" hits="1"/>
						<line number="244" hits="1"/>
						<line number="246" hits="1"/>
						<line number="247" hits="1" branch="true" condition-coverage="100% (2/2)"/>
						<line number="248" hits="1"/>
						<line number="249" hits="1"/>
						<line number="252" hits="1"/>
						<line number="255" hits="1"/>
						<line number="263" hits="1"/>
						<line number="264" hits="1" branch="true" condition-coverage="100% (2/2)"/>
						<line number="265" hits="1"/>
						<line number="266" hits="1"/>
						<line number="267" hits="1"/>
						<line number="268" hits="1"/>
						<line number="269" hits="1"/>
						<line number="270" hits="1"/>
						<line number="271" hits="1"/>
						<line number="272" hits="1"/>
						<line number="273" hits="1" branch="true" condition-coverage="100% (2/2)"/>
						<line number="274" hits="1"/>
						<line number="275" hits="1"/>
						<line number="276" hits="1"/>
						<line number="277" hits="1"/>
						<line number="280" hits="1"/>
						<line number="281" hits="1"/>
						<line number="285" hits="1"/>
						<line number="295" hits="1"/>
						<line number="302" hits="1"/>
						<line number="304" hits="1"/>
						<line number="312" hits="1"/>
						<line number="314" hits="1"/>
						<line number="322" hits="1"/>
						<line number="324" hits="1"/>
						<line number="332" hits="1"/>
						<line number="333" hits="1" branch="true" condition-coverage="50% (1/2)" missing-branches="334"/>
						<line number="334" hits="0"/>
						<line number="335" hits="1"/>
						<line number="338" hits="1"/>
						<line number="341" hits="1"/>
						<line number="349" hits="1"/>
						<line number="350" hits="1" branch="true" condition-coverage="100% (2/2)"/>
						<line number="351" hits="1"/>
						<line number="352" hits="1"/>
						<line number="354" hits="1"/>
						<line number="355" hits="1" branch="true" condition-coverage="100% (2/2)"/>
						<line number="356" hits="1"/>
						<line number="360" hits="1"/>
						<line number="362" hits="1"/>
						<line number="363" hits="1"/>
						<line number="364" hits="1"/>
						<line number="366" hits="1"/>
						<line number="376" hits="1"/>
						<line number="383" hits="1"/>
						<line number="385" hits="1"/>
						<line number="393" hits="1"/>
						<line number="395" hits="1"/>
						<line number="403" hits="1"/>
						<line number="405" hits="1"/>
						<line number="413" hits="1"/>
						<line number="414" hits="1" branch="true" condition-coverage="100% (2/2)"/>
						<line number="415" hits="1"/>
						<line number="416" hits="1"/>
						<line number="419" hits="1"/>
						<line number="427" hits="1" branch="true" condition-coverage="100% (2/2)"/>
						<line number="428" hits="1"/>
						<line number="429" hits="1" branch="true" condition-coverage="100% (2/2)"/>
						<line number="430" hits="1"/>
						<line number="431" hits="1"/>
						<line number="432" hits="1"/>
					</lines>
				</class>
				<class name="pipeline.py" filename="causalpy/pipeline.py" complexity="0" line-rate="1" branch-rate="1">
					<methods/>
					<lines>
						<line number="23" hits="1"/>
						<line number="25" hits="1"/>
						<line number="26" hits="1"/>
						<line number="28" hits="1"/>
						<line number="30" hits="1"/>
						<line number="31" hits="1"/>
						<line number="34" hits="1"/>
						<line number="35" hits="1"/>
						<line number="59" hits="1"/>
						<line number="60" hits="1"/>
						<line number="61" hits="1"/>
						<line number="62" hits="1"/>
						<line number="63" hits="1"/>
						<line number="64" hits="1"/>
						<line number="67" hits="1"/>
						<line number="68" hits="1"/>
						<line number="83" hits="1"/>
						<line number="84" hits="1"/>
						<line number="85" hits="1"/>
						<line number="86" hits="1"/>
						<line number="88" hits="1"/>
						<line number="89" hits="1"/>
						<line number="103" hits="1"/>
						<line number="149" hits="1"/>
						<line number="179" hits="1"/>
						<line number="180" hits="1" branch="true" condition-coverage="100% (2/2)"/>
						<line number="181" hits="1"/>
						<line number="184" hits="1" branch="true" condition-coverage="100% (2/2)"/>
						<line number="185" hits="1"/>
						<line number="186" hits="1" branch="true" condition-coverage="100% (2/2)"/>
						<line number="187" hits="1" branch="true" condition-coverage="100% (2/2)"/>
						<line number="188" hits="1"/>
						<line number="192" hits="1"/>
						<line number="193" hits="1"/>
						<line number="195" hits="1"/>
						<line number="208" hits="1"/>
						<line number="210" hits="1" branch="true" condition-coverage="100% (2/2)"/>
						<line number="211" hits="1"/>
						<line number="213" hits="1" branch="true" condition-coverage="100% (2/2)"/>
						<line number="214" hits="1"/>
						<line number="216" hits="1"/>
					</lines>
				</class>
				<class name="plot_utils.py" filename="causalpy/plot_utils.py" complexity="0" line-rate="0.9231" branch-rate="0.5">
					<methods/>
					<lines>
						<line number="18" hits="1"/>
						<line number="20" hits="1"/>
						<line number="21" hits="1"/>
						<line number="22" hits="1"/>
						<line number="23" hits="1"/>
						<line number="24" hits="1"/>
						<line number="25" hits="1"/>
						<line number="26" hits="1"/>
						<line number="27" hits="1"/>
						<line number="29" hits="1"/>
						<line number="32" hits="1"/>
						<line number="65" hits="1" branch="true" condition-coverage="50% (1/2)" missing-branches="66"/>
						<line number="66" hits="0"/>
						<line number="69" hits="1"/>
						<line number="70" hits="1" branch="true" condition-coverage="50% (1/2)" missing-branches="71"/>
						<line number="71" hits="0"/>
						<line number="73" hits="1"/>
						<line number="80" hits="1"/>
						<line number="91" hits="1"/>
						<line number="94" hits="1"/>
						<line number="97" hits="1"/>
						<line number="117" hits="1"/>
						<line number="121" hits="1"/>
						<line number="125" hits="1"/>
						<line number="128" hits="1"/>
						<line number="130" hits="1"/>
					</lines>
				</class>
				<class name="pymc_models.py" filename="causalpy/pymc_models.py" complexity="0" line-rate="0.7428" branch-rate="0.5169">
					<methods/>
					<lines>
						<line number="16" hits="1"/>
						<line number="17" hits="1"/>
						<line number="18" hits="1"/>
						<line number="20" hits="1"/>
						<line number="21" hits="1"/>
						<line number="22" hits="1"/>
						<line number="23" hits="1"/>
						<line number="24" hits="1"/>
						<line number="25" hits="1"/>
						<line number="26" hits="1"/>
						<line number="27" hits="1"/>
						<line number="28" hits="1"/>
						<line number="30" hits="1"/>
						<line number="31" hits="1"/>
						<line number="32" hits="1"/>
						<line number="35" hits="1"/>
						<line number="37" hits="1"/>
						<line number="39" hits="1"/>
						<line number="42" hits="1"/>
						<line number="44" hits="1"/>
						<line number="45" hits="1"/>
						<line number="46" hits="1"/>
						<line number="47" hits="1"/>
						<line number="48" hits="1"/>
						<line number="51" hits="1"/>
						<line number="56" hits="1"/>
						<line number="57" hits="1" branch="true" condition-coverage="100% (2/2)"/>
						<line number="60" hits="1"/>
						<line number="61" hits="1"/>
						<line number="62" hits="1"/>
						<line number="65" hits="1"/>
						<line number="70" hits="1"/>
						<line number="73" hits="1"/>
						<line number="151" hits="1"/>
						<line number="153" hits="1"/>
						<line number="225" hits="1"/>
						<line number="227" hits="1"/>
						<line number="243" hits="1"/>
						<line number="244" hits="1"/>
						<line number="245" hits="1"/>
						<line number="246" hits="1"/>
						<line number="248" hits="1"/>
						<line number="250" hits="1"/>
						<line number="257" hits="1"/>
						<line number="262" hits="1"/>
						<line number="289" hits="1"/>
						<line number="301" hits="1" branch="true" condition-coverage="100% (2/2)"/>
						<line number="302" hits="1" branch="true" condition-coverage="100% (2/2)"/>
						<line number="303" hits="1"/>
						<line number="310" hits="1"/>
						<line number="313" hits="1"/>
						<line number="315" hits="1"/>
						<line number="317" hits="1"/>
						<line number="320" hits="1"/>
						<line number="322" hits="1"/>
						<line number="327" hits="1"/>
						<line number="351" hits="1"/>
						<line number="355" hits="1"/>
						<line number="357" hits="1"/>
						<line number="358" hits="1"/>
						<line number="359" hits="1"/>
						<line number="360" hits="1" branch="true" condition-coverage="50% (1/2)" missing-branches="361"/>
						<line number="361" hits="0"/>
						<line number="362" hits="1"/>
						<line number="363" hits="1"/>
						<line number="368" hits="1"/>
						<line number="370" hits="1"/>
						<line number="399" hits="1"/>
						<line number="402" hits="1"/>
						<line number="403" hits="1"/>
						<line number="404" hits="1"/>
						<line number="415" hits="1" branch="true" condition-coverage="100% (2/2)"/>
						<line number="416" hits="1"/>
						<line number="420" hits="1"/>
						<line number="422" hits="1"/>
						<line number="445" hits="1"/>
						<line number="446" hits="1"/>
						<line number="448" hits="1"/>
						<line number="451" hits="1" branch="true" condition-coverage="100% (2/2)"/>
						<line number="452" hits="1"/>
						<line number="453" hits="1"/>
						<line number="454" hits="1"/>
						<line number="455" hits="1"/>
						<line number="456" hits="1"/>
						<line number="458" hits="1"/>
						<line number="460" hits="1"/>
						<line number="502" hits="1"/>
						<line number="504" hits="1" branch="true" condition-coverage="50% (1/2)" missing-branches="513"/>
						<line number="505" hits="1"/>
						<line number="507" hits="1"/>
						<line number="508" hits="0"/>
						<line number="511" hits="0"/>
						<line number="512" hits="0"/>
						<line number="513" hits="1"/>
						<line number="514" hits="1"/>
						<line number="516" hits="1"/>
						<line number="530" hits="1"/>
						<line number="532" hits="1"/>
						<line number="545" hits="1" branch="true" condition-coverage="50% (1/2)" missing-branches="546"/>
						<line number="546" hits="0"/>
						<line number="548" hits="1"/>
						<line number="552" hits="1"/>
						<line number="553" hits="1"/>
						<line number="554" hits="1"/>
						<line number="556" hits="1"/>
						<line number="564" hits="1"/>
						<line number="566" hits="1" branch="true" condition-coverage="100% (2/2)"/>
						<line number="567" hits="1"/>
						<line number="568" hits="1"/>
						<line number="571" hits="1"/>
						<line number="573" hits="1"/>
						<line number="574" hits="1"/>
						<line number="577" hits="1"/>
						<line number="578" hits="1" branch="true" condition-coverage="50% (1/2)" missing-branches="579"/>
						<line number="579" hits="0"/>
						<line number="580" hits="1"/>
						<line number="581" hits="1"/>
						<line number="587" hits="1"/>
						<line number="588" hits="1" branch="true" condition-coverage="100% (2/2)"/>
						<line number="589" hits="1" branch="true" condition-coverage="100% (2/2)"/>
						<line number="590" hits="1"/>
						<line number="592" hits="1"/>
						<line number="593" hits="1"/>
						<line number="596" hits="1"/>
						<line number="599" hits="1"/>
						<line number="636" hits="1"/>
						<line number="645" hits="1"/>
						<line number="660" hits="1"/>
						<line number="662" hits="1" branch="true" condition-coverage="50% (1/2)" missing-branches="663"/>
						<line number="663" hits="0"/>
						<line number="664" hits="0"/>
						<line number="666" hits="1"/>
						<line number="667" hits="1"/>
						<line number="668" hits="1"/>
						<line number="669" hits="1"/>
						<line number="670" hits="1"/>
						<line number="673" hits="1"/>
						<line number="676" hits="1"/>
						<line number="716" hits="1"/>
						<line number="724" hits="1"/>
						<line number="747" hits="1"/>
						<line number="748" hits="1"/>
						<line number="754" hits="1"/>
						<line number="769" hits="1"/>
						<line number="770" hits="1"/>
						<line number="771" hits="1"/>
						<line number="772" hits="1"/>
						<line number="773" hits="1"/>
						<line number="774" hits="1"/>
						<line number="777" hits="1"/>
						<line number="780" hits="1"/>
						<line number="808" hits="1" branch="true" condition-coverage="100% (2/2)"/>
						<line number="809" hits="1"/>
						<line number="812" hits="1"/>
						<line number="813" hits="1" branch="true" condition-coverage="100% (2/2)"/>
						<line number="817" hits="1"/>
						<line number="818" hits="1"/>
						<line number="819" hits="1"/>
						<line number="820" hits="1"/>
						<line number="821" hits="1"/>
						<line number="822" hits="1"/>
						<line number="825" hits="1"/>
						<line number="896" hits="1"/>
						<line number="904" hits="1"/>
						<line number="951" hits="1"/>
						<line number="960" hits="1"/>
						<line number="975" hits="1" branch="true" condition-coverage="100% (2/2)"/>
						<line number="976" hits="1"/>
						<line number="979" hits="1"/>
						<line number="981" hits="1"/>
						<line number="982" hits="1"/>
						<line number="983" hits="1"/>
						<line number="984" hits="1"/>
						<line number="986" hits="1"/>
						<line number="987" hits="1"/>
						<line number="989" hits="1"/>
						<line number="996" hits="1"/>
						<line number="999" hits="1"/>
						<line number="1002" hits="1"/>
						<line number="1048" hits="1"/>
						<line number="1050" hits="1"/>
						<line number="1067" hits="1"/>
						<line number="1086" hits="1"/>
						<line number="1101" hits="1"/>
						<line number="1102" hits="1"/>
						<line number="1105" hits="1"/>
						<line number="1106" hits="1"/>
						<line number="1107" hits="1"/>
						<line number="1108" hits="1"/>
						<line number="1111" hits="1"/>
						<line number="1117" hits="1"/>
						<line number="1118" hits="1"/>
						<line number="1119" hits="1"/>
						<line number="1120" hits="1"/>
						<line number="1123" hits="1"/>
						<line number="1129" hits="1"/>
						<line number="1130" hits="1"/>
						<line number="1131" hits="1"/>
						<line number="1132" hits="1"/>
						<line number="1135" hits="1"/>
						<line number="1181" hits="1"/>
						<line number="1226" hits="1"/>
						<line number="1227" hits="1"/>
						<line number="1229" hits="1" branch="true" condition-coverage="100% (2/2)"/>
						<line number="1230" hits="1"/>
						<line number="1240" hits="1" branch="true" condition-coverage="100% (2/2)"/>
						<line number="1241" hits="1" branch="true" condition-coverage="50% (1/2)" missing-branches="1242"/>
						<line number="1242" hits="0"/>
						<line number="1244" hits="1"/>
						<line number="1247" hits="1"/>
						<line number="1251" hits="1"/>
						<line number="1254" hits="1" branch="true" condition-coverage="50% (1/2)" missing-branches="1259"/>
						<line number="1255" hits="1"/>
						<line number="1259" hits="0"/>
						<line number="1267" hits="1"/>
						<line number="1273" hits="1"/>
						<line number="1280" hits="1" branch="true" condition-coverage="100% (2/2)"/>
						<line number="1282" hits="1"/>
						<line number="1290" hits="1"/>
						<line number="1291" hits="1"/>
						<line number="1294" hits="1"/>
						<line number="1295" hits="1"/>
						<line number="1298" hits="1"/>
						<line number="1300" hits="1"/>
						<line number="1303" hits="1"/>
						<line number="1307" hits="1"/>
						<line number="1308" hits="1"/>
						<line number="1309" hits="1"/>
						<line number="1312" hits="1"/>
						<line number="1313" hits="1"/>
						<line number="1314" hits="1"/>
						<line number="1316" hits="1"/>
						<line number="1317" hits="1"/>
						<line number="1318" hits="1"/>
						<line number="1326" hits="1"/>
						<line number="1327" hits="1"/>
						<line number="1334" hits="1"/>
						<line number="1337" hits="1"/>
						<line number="1339" hits="1"/>
						<line number="1341" hits="1"/>
						<line number="1346" hits="1"/>
						<line number="1354" hits="1"/>
						<line number="1369" hits="1"/>
						<line number="1371" hits="1" branch="true" condition-coverage="50% (1/2)" missing-branches="1372"/>
						<line number="1372" hits="0" branch="true" condition-coverage="0% (0/2)" missing-branches="exit,1373"/>
						<line number="1373" hits="0"/>
						<line number="1374" hits="0"/>
						<line number="1381" hits="1" branch="true" condition-coverage="100% (2/2)"/>
						<line number="1382" hits="1"/>
						<line number="1383" hits="1"/>
						<line number="1384" hits="1"/>
						<line number="1391" hits="1"/>
						<line number="1440" hits="1"/>
						<line number="1443" hits="1"/>
						<line number="1444" hits="1"/>
						<line number="1445" hits="1"/>
						<line number="1446" hits="1"/>
						<line number="1449" hits="1"/>
						<line number="1483" hits="1"/>
						<line number="1487" hits="1"/>
						<line number="1512" hits="1"/>
						<line number="1513" hits="1"/>
						<line number="1514" hits="1"/>
						<line number="1515" hits="1"/>
						<line number="1516" hits="1"/>
						<line number="1517" hits="1"/>
						<line number="1518" hits="1"/>
						<line number="1519" hits="1"/>
						<line number="1521" hits="1"/>
						<line number="1546" hits="1" branch="true" condition-coverage="50% (1/2)" missing-branches="1550"/>
						<line number="1547" hits="1"/>
						<line number="1550" hits="1"/>
						<line number="1552" hits="1"/>
						<line number="1553" hits="1"/>
						<line number="1554" hits="1"/>
						<line number="1555" hits="1" branch="true" condition-coverage="50% (1/2)" missing-branches="1562"/>
						<line number="1556" hits="1"/>
						<line number="1557" hits="1"/>
						<line number="1562" hits="1"/>
						<line number="1564" hits="1"/>
						<line number="1645" hits="1" branch="true" condition-coverage="50% (1/2)" missing-branches="1651"/>
						<line number="1646" hits="1"/>
						<line number="1651" hits="1" branch="true" condition-coverage="50% (1/2)" missing-branches="1652"/>
						<line number="1652" hits="0"/>
						<line number="1656" hits="1"/>
						<line number="1657" hits="1"/>
						<line number="1659" hits="1"/>
						<line number="1660" hits="1"/>
						<line number="1661" hits="1"/>
						<line number="1663" hits="1" branch="true" condition-coverage="100% (2/2)"/>
						<line number="1664" hits="1"/>
						<line number="1665" hits="1"/>
						<line number="1666" hits="1"/>
						<line number="1670" hits="1"/>
						<line number="1677" hits="1"/>
						<line number="1679" hits="1"/>
						<line number="1680" hits="1"/>
						<line number="1681" hits="1"/>
						<line number="1683" hits="1"/>
						<line number="1685" hits="1" branch="true" condition-coverage="100% (2/2)"/>
						<line number="1686" hits="1"/>
						<line number="1692" hits="1"/>
						<line number="1696" hits="1"/>
						<line number="1697" hits="1"/>
						<line number="1700" hits="1"/>
						<line number="1702" hits="1"/>
						<line number="1704" hits="1" branch="true" condition-coverage="100% (2/2)"/>
						<line number="1705" hits="1"/>
						<line number="1707" hits="1"/>
						<line number="1708" hits="1"/>
						<line number="1712" hits="1"/>
						<line number="1713" hits="1"/>
						<line number="1715" hits="1"/>
						<line number="1718" hits="1"/>
						<line number="1757" hits="1"/>
						<line number="1767" hits="0"/>
						<line number="1770" hits="0"/>
						<line number="1778" hits="0"/>
						<line number="1779" hits="0"/>
						<line number="1780" hits="0"/>
						<line number="1781" hits="0"/>
						<line number="1782" hits="0"/>
						<line number="1785" hits="0"/>
						<line number="1786" hits="0"/>
						<line number="1789" hits="0"/>
						<line number="1790" hits="0"/>
						<line number="1791" hits="0"/>
						<line number="1793" hits="1"/>
						<line number="1795" hits="0"/>
						<line number="1805" hits="1"/>
						<line number="1811" hits="0" branch="true" condition-coverage="0% (0/2)" missing-branches="1814,1819"/>
						<line number="1814" hits="0"/>
						<line number="1819" hits="0" branch="true" condition-coverage="0% (0/2)" missing-branches="exit,1822"/>
						<line number="1822" hits="0"/>
						<line number="1827" hits="1"/>
						<line number="1829" hits="0" branch="true" condition-coverage="0% (0/2)" missing-branches="1830,1833"/>
						<line number="1830" hits="0"/>
						<line number="1833" hits="0" branch="true" condition-coverage="0% (0/2)" missing-branches="1834,1844"/>
						<line number="1834" hits="0"/>
						<line number="1835" hits="0"/>
						<line number="1836" hits="0"/>
						<line number="1837" hits="0"/>
						<line number="1841" hits="0"/>
						<line number="1844" hits="0"/>
						<line number="1846" hits="1"/>
						<line number="1848" hits="0" branch="true" condition-coverage="0% (0/2)" missing-branches="1849,1852"/>
						<line number="1849" hits="0"/>
						<line number="1852" hits="0" branch="true" condition-coverage="0% (0/2)" missing-branches="1853,1861"/>
						<line number="1853" hits="0"/>
						<line number="1854" hits="0"/>
						<line number="1855" hits="0"/>
						<line number="1856" hits="0"/>
						<line number="1860" hits="0"/>
						<line number="1861" hits="0"/>
						<line number="1863" hits="1"/>
						<line number="1887" hits="0" branch="true" condition-coverage="0% (0/2)" missing-branches="1888,1892"/>
						<line number="1888" hits="0"/>
						<line number="1892" hits="0" branch="true" condition-coverage="0% (0/2)" missing-branches="1893,1896"/>
						<line number="1893" hits="0"/>
						<line number="1896" hits="0" branch="true" condition-coverage="0% (0/2)" missing-branches="1897,1899"/>
						<line number="1897" hits="0"/>
						<line number="1899" hits="0"/>
						<line number="1900" hits="0" branch="true" condition-coverage="0% (0/2)" missing-branches="1901,1904"/>
						<line number="1901" hits="0"/>
						<line number="1904" hits="0" branch="true" condition-coverage="0% (0/2)" missing-branches="1905,1909"/>
						<line number="1905" hits="0"/>
						<line number="1909" hits="0"/>
						<line number="1910" hits="0"/>
						<line number="1913" hits="0"/>
						<line number="1914" hits="0" branch="true" condition-coverage="0% (0/2)" missing-branches="1915,1920"/>
						<line number="1915" hits="0"/>
						<line number="1916" hits="0" branch="true" condition-coverage="0% (0/2)" missing-branches="1917,1920"/>
						<line number="1917" hits="0"/>
						<line number="1920" hits="0" branch="true" condition-coverage="0% (0/2)" missing-branches="1921,1925"/>
						<line number="1921" hits="0"/>
						<line number="1925" hits="0" branch="true" condition-coverage="0% (0/2)" missing-branches="1926,1931"/>
						<line number="1926" hits="0"/>
						<line number="1931" hits="0" branch="true" condition-coverage="0% (0/2)" missing-branches="1932,1939"/>
						<line number="1932" hits="0" branch="true" condition-coverage="0% (0/2)" missing-branches="1933,1934"/>
						<line number="1933" hits="0"/>
						<line number="1934" hits="0" branch="true" condition-coverage="0% (0/2)" missing-branches="1935,1944"/>
						<line number="1935" hits="0"/>
						<line number="1939" hits="0" branch="true" condition-coverage="0% (0/2)" missing-branches="1941,1944"/>
						<line number="1941" hits="0"/>
						<line number="1944" hits="0" branch="true" condition-coverage="0% (0/2)" missing-branches="1945,1948"/>
						<line number="1945" hits="0"/>
						<line number="1948" hits="0"/>
						<line number="1951" hits="0"/>
						<line number="1954" hits="0"/>
						<line number="1955" hits="0" branch="true" condition-coverage="0% (0/2)" missing-branches="1956,1959"/>
						<line number="1956" hits="0"/>
						<line number="1959" hits="0"/>
						<line number="1961" hits="1"/>
						<line number="1980" hits="0"/>
						<line number="1988" hits="0"/>
						<line number="1994" hits="0" branch="true" condition-coverage="0% (0/2)" missing-branches="1995,1997"/>
						<line number="1995" hits="0"/>
						<line number="1997" hits="0"/>
						<line number="1998" hits="0"/>
						<line number="2001" hits="0"/>
						<line number="2006" hits="0"/>
						<line number="2013" hits="0"/>
						<line number="2014" hits="0"/>
						<line number="2017" hits="0"/>
						<line number="2026" hits="0"/>
						<line number="2029" hits="0"/>
						<line number="2036" hits="0"/>
						<line number="2039" hits="0" branch="true" condition-coverage="0% (0/2)" missing-branches="2041,2047"/>
						<line number="2041" hits="0"/>
						<line number="2042" hits="0"/>
						<line number="2043" hits="0"/>
						<line number="2047" hits="0"/>
						<line number="2051" hits="0"/>
						<line number="2052" hits="0"/>
						<line number="2053" hits="0"/>
						<line number="2061" hits="1"/>
						<line number="2077" hits="0"/>
						<line number="2078" hits="0"/>
						<line number="2079" hits="0"/>
						<line number="2080" hits="0"/>
						<line number="2081" hits="0" branch="true" condition-coverage="0% (0/2)" missing-branches="2082,2091"/>
						<line number="2082" hits="0"/>
						<line number="2083" hits="0"/>
						<line number="2091" hits="0"/>
						<line number="2093" hits="1"/>
						<line number="2104" hits="0"/>
						<line number="2111" hits="0"/>
						<line number="2114" hits="0"/>
						<line number="2120" hits="0"/>
						<line number="2125" hits="0"/>
						<line number="2128" hits="0" branch="true" condition-coverage="0% (0/2)" missing-branches="2129,2145"/>
						<line number="2129" hits="0" branch="true" condition-coverage="0% (0/2)" missing-branches="2130,2134"/>
						<line number="2130" hits="0"/>
						<line number="2134" hits="0" branch="true" condition-coverage="0% (0/2)" missing-branches="2136,2139"/>
						<line number="2136" hits="0"/>
						<line number="2139" hits="0"/>
						<line number="2144" hits="0"/>
						<line number="2145" hits="0" branch="true" condition-coverage="0% (0/2)" missing-branches="2146,2153"/>
						<line number="2146" hits="0"/>
						<line number="2153" hits="0"/>
						<line number="2154" hits="0"/>
						<line number="2156" hits="1"/>
						<line number="2184" hits="0"/>
						<line number="2185" hits="0"/>
						<line number="2186" hits="0"/>
						<line number="2187" hits="0"/>
						<line number="2195" hits="0" branch="true" condition-coverage="0% (0/2)" missing-branches="2196,2200"/>
						<line number="2196" hits="0"/>
						<line number="2200" hits="0"/>
						<line number="2202" hits="1"/>
						<line number="2228" hits="0"/>
						<line number="2231" hits="1"/>
						<line number="2254" hits="1"/>
						<line number="2264" hits="1"/>
						<line number="2267" hits="1"/>
						<line number="2274" hits="1"/>
						<line number="2275" hits="1"/>
						<line number="2276" hits="1"/>
						<line number="2277" hits="1"/>
						<line number="2278" hits="1"/>
						<line number="2279" hits="1"/>
						<line number="2280" hits="1"/>
						<line number="2281" hits="1"/>
						<line number="2283" hits="1"/>
						<line number="2285" hits="1"/>
						<line number="2295" hits="1"/>
						<line number="2301" hits="1" branch="true" condition-coverage="100% (2/2)"/>
						<line number="2304" hits="1"/>
						<line number="2309" hits="1" branch="true" condition-coverage="100% (2/2)"/>
						<line number="2312" hits="1"/>
						<line number="2318" hits="1"/>
						<line number="2319" hits="1"/>
						<line number="2321" hits="1"/>
						<line number="2323" hits="1" branch="true" condition-coverage="50% (1/2)" missing-branches="2324"/>
						<line number="2324" hits="0"/>
						<line number="2327" hits="1" branch="true" condition-coverage="50% (1/2)" missing-branches="2336"/>
						<line number="2328" hits="1"/>
						<line number="2329" hits="1"/>
						<line number="2330" hits="0"/>
						<line number="2331" hits="0"/>
						<line number="2335" hits="1"/>
						<line number="2336" hits="1"/>
						<line number="2338" hits="1"/>
						<line number="2340" hits="1" branch="true" condition-coverage="50% (1/2)" missing-branches="2341"/>
						<line number="2341" hits="0"/>
						<line number="2344" hits="1" branch="true" condition-coverage="50% (1/2)" missing-branches="2355"/>
						<line number="2345" hits="1"/>
						<line number="2346" hits="1"/>
						<line number="2347" hits="0"/>
						<line number="2348" hits="0"/>
						<line number="2352" hits="1"/>
						<line number="2355" hits="1"/>
						<line number="2357" hits="1"/>
						<line number="2378" hits="1" branch="true" condition-coverage="100% (2/2)"/>
						<line number="2379" hits="1"/>
						<line number="2384" hits="1" branch="true" condition-coverage="100% (2/2)"/>
						<line number="2385" hits="1"/>
						<line number="2387" hits="1"/>
						<line number="2388" hits="1" branch="true" condition-coverage="100% (2/2)"/>
						<line number="2389" hits="1"/>
						<line number="2392" hits="1" branch="true" condition-coverage="100% (2/2)"/>
						<line number="2393" hits="1"/>
						<line number="2394" hits="1" branch="true" condition-coverage="100% (2/2)"/>
						<line number="2396" hits="1"/>
						<line number="2397" hits="1" branch="true" condition-coverage="100% (2/2)"/>
						<line number="2398" hits="1"/>
						<line number="2402" hits="1"/>
						<line number="2407" hits="1"/>
						<line number="2410" hits="1"/>
						<line number="2411" hits="1"/>
						<line number="2412" hits="1"/>
						<line number="2413" hits="1"/>
						<line number="2416" hits="1" branch="true" condition-coverage="50% (1/2)" missing-branches="2417"/>
						<line number="2417" hits="0"/>
						<line number="2418" hits="1"/>
						<line number="2423" hits="1"/>
						<line number="2424" hits="1" branch="true" condition-coverage="100% (2/2)"/>
						<line number="2426" hits="1"/>
						<line number="2427" hits="1"/>
						<line number="2428" hits="1"/>
						<line number="2431" hits="1"/>
						<line number="2434" hits="1"/>
						<line number="2436" hits="1"/>
						<line number="2437" hits="1"/>
						<line number="2438" hits="1"/>
						<line number="2443" hits="1"/>
						<line number="2445" hits="1"/>
						<line number="2448" hits="1"/>
						<line number="2452" hits="1"/>
						<line number="2457" hits="1"/>
						<line number="2458" hits="1" branch="true" condition-coverage="50% (1/2)" missing-branches="exit"/>
						<line number="2459" hits="1"/>
						<line number="2461" hits="1"/>
						<line number="2486" hits="1" branch="true" condition-coverage="100% (2/2)"/>
						<line number="2487" hits="1"/>
						<line number="2488" hits="1"/>
						<line number="2489" hits="1" branch="true" condition-coverage="50% (1/2)" missing-branches="2490"/>
						<line number="2490" hits="0"/>
						<line number="2491" hits="1"/>
						<line number="2492" hits="1"/>
						<line number="2493" hits="1" branch="true" condition-coverage="50% (1/2)" missing-branches="2499"/>
						<line number="2494" hits="1"/>
						<line number="2499" hits="1"/>
						<line number="2500" hits="1"/>
						<line number="2502" hits="1"/>
						<line number="2504" hits="1" branch="true" condition-coverage="50% (1/2)" missing-branches="2505"/>
						<line number="2505" hits="0"/>
						<line number="2507" hits="1"/>
						<line number="2509" hits="1"/>
						<line number="2512" hits="1"/>
						<line number="2515" hits="1" branch="true" condition-coverage="50% (1/2)" missing-branches="2518"/>
						<line number="2516" hits="1"/>
						<line number="2518" hits="0"/>
						<line number="2521" hits="1"/>
						<line number="2523" hits="1"/>
						<line number="2524" hits="1"/>
						<line number="2526" hits="1"/>
						<line number="2528" hits="1"/>
						<line number="2533" hits="1" branch="true" condition-coverage="100% (2/2)"/>
						<line number="2534" hits="1"/>
						<line number="2535" hits="1"/>
						<line number="2537" hits="1"/>
						<line number="2543" hits="1" branch="true" condition-coverage="100% (2/2)"/>
						<line number="2544" hits="1"/>
						<line number="2545" hits="1" branch="true" condition-coverage="50% (1/2)" missing-branches="2546"/>
						<line number="2546" hits="0"/>
						<line number="2547" hits="1"/>
						<line number="2549" hits="1"/>
						<line number="2578" hits="1" branch="true" condition-coverage="100% (2/2)"/>
						<line number="2579" hits="1"/>
						<line number="2582" hits="1" branch="true" condition-coverage="100% (2/2)"/>
						<line number="2583" hits="1"/>
						<line number="2586" hits="1" branch="true" condition-coverage="100% (2/2)"/>
						<line number="2587" hits="1"/>
						<line number="2591" hits="1"/>
						<line number="2592" hits="1" branch="true" condition-coverage="50% (1/2)" missing-branches="2595"/>
						<line number="2595" hits="0"/>
						<line number="2597" hits="1"/>
						<line number="2598" hits="1"/>
						<line number="2599" hits="1"/>
						<line number="2600" hits="1"/>
						<line number="2603" hits="1" branch="true" condition-coverage="50% (1/2)" missing-branches="2607"/>
						<line number="2604" hits="1"/>
						<line number="2607" hits="1"/>
						<line number="2608" hits="1"/>
						<line number="2611" hits="1"/>
						<line number="2618" hits="1" branch="true" condition-coverage="50% (1/2)" missing-branches="2623"/>
						<line number="2619" hits="1"/>
						<line number="2623" hits="1"/>
						<line number="2625" hits="1"/>
						<line number="2652" hits="1"/>
					</lines>
				</class>
				<class name="reporting.py" filename="causalpy/reporting.py" complexity="0" line-rate="0.9523" branch-rate="0.8509">
					<methods/>
					<lines>
						<line number="26" hits="1"/>
						<line number="27" hits="1"/>
						<line number="29" hits="1"/>
						<line number="30" hits="1"/>
						<line number="31" hits="1"/>
						<line number="32" hits="1"/>
						<line number="33" hits="1"/>
						<line number="35" hits="1"/>
						<line number="36" hits="1"/>
						<line number="39" hits="1"/>
						<line number="40" hits="1"/>
						<line number="62" hits="1"/>
						<line number="81" hits="1" branch="true" condition-coverage="100% (2/2)"/>
						<line number="82" hits="1"/>
						<line number="83" hits="1"/>
						<line number="84" hits="1"/>
						<line number="86" hits="1"/>
						<line number="87" hits="1"/>
						<line number="88" hits="1"/>
						<line number="91" hits="1"/>
						<line number="108" hits="1" branch="true" condition-coverage="100% (2/2)"/>
						<line number="109" hits="1"/>
						<line number="110" hits="1" branch="true" condition-coverage="100% (2/2)"/>
						<line number="111" hits="1"/>
						<line number="113" hits="1"/>
						<line number="114" hits="1"/>
						<line number="115" hits="1"/>
						<line number="116" hits="1"/>
						<line number="119" hits="1"/>
						<line number="140" hits="1" branch="true" condition-coverage="100% (2/2)"/>
						<line number="141" hits="1"/>
						<line number="142" hits="1" branch="true" condition-coverage="100% (2/2)"/>
						<line number="143" hits="1"/>
						<line number="144" hits="1" branch="true" condition-coverage="50% (1/2)" missing-branches="exit"/>
						<line number="145" hits="1"/>
						<line number="148" hits="1"/>
						<line number="163" hits="1"/>
						<line number="171" hits="1"/>
						<line number="197" hits="1"/>
						<line number="203" hits="1"/>
						<line number="204" hits="1"/>
						<line number="207" hits="1"/>
						<line number="210" hits="1" branch="true" condition-coverage="100% (2/2)"/>
						<line number="211" hits="1"/>
						<line number="213" hits="1"/>
						<line number="216" hits="1"/>
						<line number="233" hits="1"/>
						<line number="241" hits="1" branch="true" condition-coverage="100% (2/2)"/>
						<line number="242" hits="1" branch="true" condition-coverage="100% (2/2)"/>
						<line number="243" hits="1"/>
						<line number="245" hits="1"/>
						<line number="248" hits="1"/>
						<line number="273" hits="1"/>
						<line number="274" hits="1"/>
						<line number="275" hits="1"/>
						<line number="276" hits="1"/>
						<line number="279" hits="1" branch="true" condition-coverage="100% (2/2)"/>
						<line number="280" hits="1"/>
						<line number="281" hits="1"/>
						<line number="282" hits="1" branch="true" condition-coverage="100% (2/2)"/>
						<line number="283" hits="1"/>
						<line number="284" hits="1"/>
						<line number="286" hits="1"/>
						<line number="287" hits="1"/>
						<line number="289" hits="1"/>
						<line number="295" hits="1"/>
						<line number="298" hits="1"/>
						<line number="300" hits="1" branch="true" condition-coverage="50% (1/2)" missing-branches="301"/>
						<line number="301" hits="0"/>
						<line number="302" hits="1" branch="true" condition-coverage="50% (1/2)" missing-branches="303"/>
						<line number="303" hits="0"/>
						<line number="304" hits="1" branch="true" condition-coverage="50% (1/2)" missing-branches="305"/>
						<line number="305" hits="0"/>
						<line number="306" hits="1" branch="true" condition-coverage="100% (2/2)"/>
						<line number="307" hits="1"/>
						<line number="308" hits="1" branch="true" condition-coverage="50% (1/2)" missing-branches="309"/>
						<line number="309" hits="0"/>
						<line number="311" hits="1"/>
						<line number="318" hits="1"/>
						<line number="325" hits="1"/>
						<line number="328" hits="1" branch="true" condition-coverage="50% (1/2)" missing-branches="329"/>
						<line number="329" hits="0"/>
						<line number="336" hits="1"/>
						<line number="337" hits="1"/>
						<line number="342" hits="1"/>
						<line number="343" hits="1"/>
						<line number="347" hits="1"/>
						<line number="350" hits="1"/>
						<line number="380" hits="1"/>
						<line number="383" hits="1"/>
						<line number="384" hits="1"/>
						<line number="385" hits="1" branch="true" condition-coverage="50% (1/2)" missing-branches="387"/>
						<line number="386" hits="1"/>
						<line number="387" hits="1" branch="true" condition-coverage="50% (1/2)" missing-branches="391"/>
						<line number="388" hits="1"/>
						<line number="391" hits="1"/>
						<line number="394" hits="1"/>
						<line number="397" hits="1" branch="true" condition-coverage="50% (1/2)" missing-branches="419"/>
						<line number="398" hits="1"/>
						<line number="399" hits="1" branch="true" condition-coverage="100% (2/2)"/>
						<line number="401" hits="1"/>
						<line number="402" hits="1"/>
						<line number="404" hits="1"/>
						<line number="405" hits="1"/>
						<line number="406" hits="1"/>
						<line number="413" hits="1"/>
						<line number="419" hits="1" branch="true" condition-coverage="50% (1/2)" missing-branches="446"/>
						<line number="420" hits="1"/>
						<line number="424" hits="1" branch="true" condition-coverage="50% (1/2)" missing-branches="432"/>
						<line number="425" hits="1" branch="true" condition-coverage="50% (1/2)" missing-branches="430"/>
						<line number="426" hits="1"/>
						<line number="430" hits="0"/>
						<line number="432" hits="0"/>
						<line number="434" hits="1" branch="true" condition-coverage="100% (2/2)"/>
						<line number="435" hits="1"/>
						<line number="440" hits="1"/>
						<line number="446" hits="1"/>
						<line number="447" hits="1"/>
						<line number="449" hits="1"/>
						<line number="451" hits="1"/>
						<line number="454" hits="1"/>
						<line number="461" hits="1"/>
						<line number="464" hits="1"/>
						<line number="466" hits="1" branch="true" condition-coverage="100% (2/2)"/>
						<line number="468" hits="1"/>
						<line number="469" hits="1"/>
						<line number="472" hits="1"/>
						<line number="473" hits="1"/>
						<line number="478" hits="1"/>
						<line number="479" hits="1"/>
						<line number="480" hits="1"/>
						<line number="482" hits="1"/>
						<line number="490" hits="1"/>
						<line number="506" hits="1" branch="true" condition-coverage="50% (1/2)" missing-branches="513"/>
						<line number="507" hits="1"/>
						<line number="508" hits="1"/>
						<line number="509" hits="1" branch="true" condition-coverage="100% (2/2)"/>
						<line number="511" hits="1"/>
						<line number="513" hits="1" branch="true" condition-coverage="100% (2/2)"/>
						<line number="514" hits="1"/>
						<line number="516" hits="1"/>
						<line number="519" hits="1"/>
						<line number="538" hits="1" branch="true" condition-coverage="100% (2/2)"/>
						<line number="539" hits="1"/>
						<line number="540" hits="1"/>
						<line number="542" hits="1"/>
						<line number="545" hits="1"/>
						<line number="565" hits="1"/>
						<line number="568" hits="1"/>
						<line number="573" hits="1" branch="true" condition-coverage="100% (2/2)"/>
						<line number="574" hits="1"/>
						<line number="575" hits="1" branch="true" condition-coverage="50% (1/2)" missing-branches="580"/>
						<line number="580" hits="0"/>
						<line number="583" hits="1" branch="true" condition-coverage="100% (2/2)"/>
						<line number="584" hits="1"/>
						<line number="587" hits="1" branch="true" condition-coverage="50% (1/2)" missing-branches="588"/>
						<line number="588" hits="0"/>
						<line number="591" hits="1" branch="true" condition-coverage="100% (2/2)"/>
						<line number="593" hits="1"/>
						<line number="594" hits="1" branch="true" condition-coverage="100% (2/2)"/>
						<line number="596" hits="1"/>
						<line number="597" hits="1" branch="true" condition-coverage="100% (2/2)"/>
						<line number="599" hits="1" branch="true" condition-coverage="50% (1/2)" missing-branches="600"/>
						<line number="600" hits="0"/>
						<line number="601" hits="1" branch="true" condition-coverage="50% (1/2)" missing-branches="602"/>
						<line number="602" hits="0"/>
						<line number="603" hits="1"/>
						<line number="608" hits="1"/>
						<line number="609" hits="1"/>
						<line number="610" hits="1"/>
						<line number="613" hits="1"/>
						<line number="614" hits="1" branch="true" condition-coverage="100% (2/2)"/>
						<line number="616" hits="1" branch="true" condition-coverage="50% (1/2)" missing-branches="618"/>
						<line number="618" hits="0"/>
						<line number="621" hits="1"/>
						<line number="626" hits="1"/>
						<line number="631" hits="1"/>
						<line number="633" hits="1"/>
						<line number="636" hits="1"/>
						<line number="638" hits="1"/>
						<line number="643" hits="1" branch="true" condition-coverage="100% (2/2)"/>
						<line number="645" hits="1"/>
						<line number="646" hits="1" branch="true" condition-coverage="100% (2/2)"/>
						<line number="648" hits="1"/>
						<line number="651" hits="1"/>
						<line number="652" hits="1"/>
						<line number="655" hits="1" branch="true" condition-coverage="100% (2/2)"/>
						<line number="656" hits="1"/>
						<line number="658" hits="1"/>
						<line number="661" hits="1"/>
						<line number="680" hits="1"/>
						<line number="683" hits="1" branch="true" condition-coverage="100% (2/2)"/>
						<line number="685" hits="1"/>
						<line number="688" hits="1" branch="true" condition-coverage="50% (1/2)" missing-branches="692"/>
						<line number="689" hits="1"/>
						<line number="692" hits="1"/>
						<line number="693" hits="1"/>
						<line number="695" hits="1" branch="true" condition-coverage="100% (2/2)"/>
						<line number="697" hits="1"/>
						<line number="700" hits="1" branch="true" condition-coverage="100% (2/2)"/>
						<line number="701" hits="1"/>
						<line number="704" hits="1"/>
						<line number="705" hits="1"/>
						<line number="708" hits="1" branch="true" condition-coverage="100% (2/2)"/>
						<line number="711" hits="1" branch="true" condition-coverage="50% (1/2)" missing-branches="712"/>
						<line number="712" hits="0"/>
						<line number="715" hits="1"/>
						<line number="716" hits="1"/>
						<line number="717" hits="1"/>
						<line number="721" hits="1"/>
						<line number="722" hits="1"/>
						<line number="725" hits="1" branch="true" condition-coverage="50% (1/2)" missing-branches="726"/>
						<line number="726" hits="0"/>
						<line number="730" hits="1"/>
						<line number="733" hits="1"/>
						<line number="752" hits="1"/>
						<line number="755" hits="1"/>
						<line number="756" hits="1"/>
						<line number="762" hits="1"/>
						<line number="765" hits="1" branch="true" condition-coverage="100% (2/2)"/>
						<line number="766" hits="1"/>
						<line number="767" hits="1"/>
						<line number="768" hits="1"/>
						<line number="771" hits="1"/>
						<line number="772" hits="1"/>
						<line number="775" hits="1" branch="true" condition-coverage="100% (2/2)"/>
						<line number="776" hits="1"/>
						<line number="777" hits="1" branch="true" condition-coverage="100% (2/2)"/>
						<line number="778" hits="1"/>
						<line number="780" hits="1"/>
						<line number="781" hits="1"/>
						<line number="782" hits="1"/>
						<line number="783" hits="1"/>
						<line number="784" hits="1"/>
						<line number="787" hits="1" branch="true" condition-coverage="100% (2/2)"/>
						<line number="788" hits="1"/>
						<line number="789" hits="1" branch="true" condition-coverage="100% (2/2)"/>
						<line number="790" hits="1"/>
						<line number="791" hits="1"/>
						<line number="796" hits="1" branch="true" condition-coverage="100% (2/2)"/>
						<line number="798" hits="1"/>
						<line number="800" hits="1"/>
						<line number="802" hits="1"/>
						<line number="808" hits="1"/>
						<line number="809" hits="1" branch="true" condition-coverage="100% (2/2)"/>
						<line number="810" hits="1"/>
						<line number="811" hits="1"/>
						<line number="812" hits="1"/>
						<line number="814" hits="1"/>
						<line number="815" hits="1"/>
						<line number="818" hits="1" branch="true" condition-coverage="100% (2/2)"/>
						<line number="819" hits="1"/>
						<line number="820" hits="1" branch="true" condition-coverage="100% (2/2)"/>
						<line number="821" hits="1"/>
						<line number="823" hits="1"/>
						<line number="824" hits="1"/>
						<line number="825" hits="1"/>
						<line number="826" hits="1"/>
						<line number="827" hits="1"/>
						<line number="830" hits="1" branch="true" condition-coverage="100% (2/2)"/>
						<line number="831" hits="1"/>
						<line number="832" hits="1" branch="true" condition-coverage="100% (2/2)"/>
						<line number="833" hits="1"/>
						<line number="836" hits="1"/>
						<line number="841" hits="1" branch="true" condition-coverage="100% (2/2)"/>
						<line number="842" hits="1"/>
						<line number="843" hits="1"/>
						<line number="844" hits="1"/>
						<line number="846" hits="1"/>
						<line number="848" hits="1"/>
						<line number="849" hits="1" branch="true" condition-coverage="100% (2/2)"/>
						<line number="850" hits="1"/>
						<line number="851" hits="1"/>
						<line number="854" hits="1"/>
						<line number="858" hits="1"/>
						<line number="861" hits="1"/>
						<line number="865" hits="1" branch="true" condition-coverage="100% (2/2)"/>
						<line number="867" hits="1"/>
						<line number="870" hits="1"/>
						<line number="872" hits="1"/>
						<line number="876" hits="1"/>
						<line number="877" hits="1" branch="true" condition-coverage="100% (2/2)"/>
						<line number="878" hits="1"/>
						<line number="879" hits="1"/>
						<line number="882" hits="1"/>
						<line number="886" hits="1"/>
						<line number="889" hits="1"/>
						<line number="893" hits="1"/>
						<line number="896" hits="1"/>
						<line number="898" hits="1"/>
						<line number="899" hits="1"/>
						<line number="902" hits="1"/>
						<line number="910" hits="1" branch="true" condition-coverage="100% (2/2)"/>
						<line number="911" hits="1"/>
						<line number="912" hits="1" branch="true" condition-coverage="100% (2/2)"/>
						<line number="913" hits="1"/>
						<line number="914" hits="1" branch="true" condition-coverage="100% (2/2)"/>
						<line number="915" hits="1"/>
						<line number="916" hits="1"/>
						<line number="919" hits="1" branch="true" condition-coverage="100% (2/2)"/>
						<line number="920" hits="1"/>
						<line number="923" hits="1" branch="true" condition-coverage="100% (2/2)"/>
						<line number="924" hits="1"/>
						<line number="925" hits="1"/>
						<line number="926" hits="1"/>
						<line number="928" hits="1"/>
						<line number="929" hits="1"/>
						<line number="932" hits="1" branch="true" condition-coverage="100% (2/2)"/>
						<line number="933" hits="1"/>
						<line number="941" hits="1" branch="true" condition-coverage="100% (2/2)"/>
						<line number="942" hits="1"/>
						<line number="943" hits="1" branch="true" condition-coverage="100% (2/2)"/>
						<line number="944" hits="1"/>
						<line number="945" hits="1" branch="true" condition-coverage="100% (2/2)"/>
						<line number="946" hits="1"/>
						<line number="947" hits="1"/>
						<line number="950" hits="1" branch="true" condition-coverage="100% (2/2)"/>
						<line number="951" hits="1"/>
						<line number="954" hits="1" branch="true" condition-coverage="100% (2/2)"/>
						<line number="955" hits="1"/>
						<line number="956" hits="1"/>
						<line number="957" hits="1"/>
						<line number="959" hits="1"/>
						<line number="960" hits="1"/>
						<line number="962" hits="1"/>
						<line number="963" hits="1"/>
						<line number="966" hits="1"/>
						<line number="1021" hits="1"/>
						<line number="1024" hits="1" branch="true" condition-coverage="50% (1/2)" missing-branches="1029"/>
						<line number="1025" hits="1"/>
						<line number="1026" hits="1"/>
						<line number="1027" hits="1"/>
						<line number="1029" hits="0"/>
						<line number="1032" hits="1"/>
						<line number="1033" hits="1"/>
						<line number="1036" hits="1"/>
						<line number="1037" hits="1"/>
						<line number="1038" hits="1"/>
						<line number="1043" hits="1" branch="true" condition-coverage="100% (2/2)"/>
						<line number="1044" hits="1"/>
						<line number="1045" hits="1"/>
						<line number="1047" hits="1"/>
						<line number="1048" hits="1"/>
						<line number="1050" hits="1" branch="true" condition-coverage="100% (2/2)"/>
						<line number="1051" hits="1" branch="true" condition-coverage="100% (2/2)"/>
						<line number="1052" hits="1"/>
						<line number="1053" hits="1" branch="true" condition-coverage="50% (1/2)" missing-branches="1056"/>
						<line number="1054" hits="1"/>
						<line number="1056" hits="0"/>
						<line number="1057" hits="1"/>
						<line number="1059" hits="1" branch="true" condition-coverage="50% (1/2)" missing-branches="1060"/>
						<line number="1060" hits="0"/>
						<line number="1061" hits="1" branch="true" condition-coverage="50% (1/2)" missing-branches="1064"/>
						<line number="1062" hits="1"/>
						<line number="1064" hits="0"/>
						<line number="1065" hits="1"/>
						<line number="1068" hits="1"/>
						<line number="1070" hits="1" branch="true" condition-coverage="100% (2/2)"/>
						<line number="1074" hits="1"/>
						<line number="1075" hits="1"/>
						<line number="1077" hits="1"/>
						<line number="1089" hits="1"/>
						<line number="1096" hits="1"/>
						<line number="1099" hits="1" branch="true" condition-coverage="100% (2/2)"/>
						<line number="1100" hits="1"/>
						<line number="1101" hits="1"/>
						<line number="1102" hits="1"/>
						<line number="1104" hits="1" branch="true" condition-coverage="50% (1/2)" missing-branches="1116"/>
						<line number="1105" hits="1"/>
						<line number="1106" hits="1"/>
						<line number="1108" hits="1"/>
						<line number="1116" hits="0"/>
						<line number="1121" hits="1"/>
						<line number="1124" hits="1"/>
						<line number="1126" hits="1"/>
						<line number="1127" hits="1" branch="true" condition-coverage="100% (2/2)"/>
						<line number="1128" hits="1"/>
						<line number="1133" hits="1"/>
						<line number="1138" hits="1"/>
						<line number="1139" hits="1"/>
						<line number="1143" hits="1" branch="true" condition-coverage="100% (2/2)"/>
						<line number="1144" hits="1"/>
						<line number="1145" hits="1"/>
						<line number="1150" hits="1" branch="true" condition-coverage="100% (2/2)"/>
						<line number="1151" hits="1"/>
						<line number="1152" hits="1"/>
						<line number="1153" hits="1"/>
						<line number="1154" hits="1"/>
						<line number="1160" hits="1"/>
						<line number="1161" hits="1"/>
						<line number="1164" hits="1"/>
						<line number="1165" hits="1"/>
						<line number="1170" hits="1"/>
						<line number="1172" hits="1"/>
						<line number="1175" hits="1"/>
						<line number="1188" hits="1" branch="true" condition-coverage="100% (2/2)"/>
						<line number="1189" hits="1"/>
						<line number="1196" hits="1" branch="true" condition-coverage="100% (2/2)"/>
						<line number="1197" hits="1"/>
						<line number="1204" hits="1"/>
						<line number="1213" hits="1"/>
						<line number="1263" hits="1"/>
						<line number="1266" hits="1" branch="true" condition-coverage="50% (1/2)" missing-branches="1271"/>
						<line number="1267" hits="1"/>
						<line number="1268" hits="1"/>
						<line number="1269" hits="1"/>
						<line number="1271" hits="0"/>
						<line number="1274" hits="1"/>
						<line number="1275" hits="1"/>
						<line number="1278" hits="1"/>
						<line number="1279" hits="1"/>
						<line number="1280" hits="1"/>
						<line number="1281" hits="1"/>
						<line number="1284" hits="1"/>
						<line number="1286" hits="1" branch="true" condition-coverage="100% (2/2)"/>
						<line number="1287" hits="1"/>
						<line number="1288" hits="1"/>
						<line number="1290" hits="1"/>
						<line number="1303" hits="1"/>
						<line number="1310" hits="1"/>
						<line number="1313" hits="1" branch="true" condition-coverage="100% (2/2)"/>
						<line number="1314" hits="1"/>
						<line number="1315" hits="1"/>
						<line number="1316" hits="1"/>
						<line number="1318" hits="1" branch="true" condition-coverage="50% (1/2)" missing-branches="1330"/>
						<line number="1319" hits="1"/>
						<line number="1320" hits="1"/>
						<line number="1322" hits="1"/>
						<line number="1330" hits="0"/>
						<line number="1335" hits="1"/>
						<line number="1338" hits="1"/>
						<line number="1340" hits="1"/>
						<line number="1341" hits="1" branch="true" condition-coverage="100% (2/2)"/>
						<line number="1342" hits="1"/>
						<line number="1347" hits="1"/>
						<line number="1352" hits="1" branch="true" condition-coverage="100% (2/2)"/>
						<line number="1353" hits="1"/>
						<line number="1354" hits="1"/>
						<line number="1355" hits="1"/>
						<line number="1356" hits="1"/>
						<line number="1362" hits="1"/>
						<line number="1363" hits="1"/>
						<line number="1366" hits="1"/>
						<line number="1367" hits="1"/>
						<line number="1372" hits="1"/>
						<line number="1374" hits="1"/>
						<line number="1377" hits="1"/>
						<line number="1404" hits="1"/>
						<line number="1407" hits="1"/>
						<line number="1408" hits="1"/>
						<line number="1410" hits="1"/>
						<line number="1412" hits="1"/>
						<line number="1414" hits="1"/>
						<line number="1415" hits="1"/>
						<line number="1416" hits="1"/>
						<line number="1418" hits="1"/>
						<line number="1419" hits="1"/>
						<line number="1421" hits="1"/>
						<line number="1429" hits="1" branch="true" condition-coverage="100% (2/2)"/>
						<line number="1430" hits="1"/>
						<line number="1432" hits="1"/>
						<line number="1433" hits="1"/>
						<line number="1434" hits="1"/>
						<line number="1435" hits="1"/>
						<line number="1436" hits="1"/>
						<line number="1438" hits="1"/>
						<line number="1446" hits="1" branch="true" condition-coverage="100% (2/2)"/>
						<line number="1448" hits="1"/>
						<line number="1449" hits="1"/>
						<line number="1450" hits="1"/>
						<line number="1451" hits="1"/>
						<line number="1452" hits="1"/>
						<line number="1454" hits="1"/>
						<line number="1455" hits="1"/>
						<line number="1456" hits="1"/>
						<line number="1458" hits="1" branch="true" condition-coverage="100% (2/2)"/>
						<line number="1460" hits="1"/>
						<line number="1461" hits="1"/>
						<line number="1462" hits="1"/>
						<line number="1463" hits="1"/>
						<line number="1465" hits="1"/>
						<line number="1466" hits="1"/>
						<line number="1467" hits="1"/>
						<line number="1469" hits="1"/>
						<line number="1472" hits="1"/>
						<line number="1490" hits="1"/>
						<line number="1494" hits="1"/>
						<line number="1495" hits="1"/>
						<line number="1496" hits="1"/>
						<line number="1497" hits="1"/>
						<line number="1498" hits="1"/>
						<line number="1499" hits="1"/>
						<line number="1500" hits="1"/>
						<line number="1503" hits="1"/>
						<line number="1506" hits="1"/>
						<line number="1507" hits="1" branch="true" condition-coverage="100% (2/2)"/>
						<line number="1508" hits="1" branch="true" condition-coverage="100% (2/2)"/>
						<line number="1509" hits="1"/>
						<line number="1510" hits="1"/>
						<line number="1512" hits="1" branch="true" condition-coverage="100% (2/2)"/>
						<line number="1513" hits="1"/>
						<line number="1515" hits="1"/>
						<line number="1516" hits="1"/>
						<line number="1518" hits="1" branch="true" condition-coverage="50% (1/2)" missing-branches="1520"/>
						<line number="1519" hits="1"/>
						<line number="1520" hits="0" branch="true" condition-coverage="0% (0/2)" missing-branches="1521,1522"/>
						<line number="1521" hits="0"/>
						<line number="1522" hits="1"/>
						<line number="1523" hits="1"/>
						<line number="1524" hits="0"/>
						<line number="1526" hits="0"/>
						<line number="1529" hits="1"/>
						<line number="1530" hits="1"/>
						<line number="1531" hits="1"/>
						<line number="1533" hits="1"/>
						<line number="1534" hits="1"/>
						<line number="1536" hits="1"/>
						<line number="1542" hits="1"/>
						<line number="1545" hits="1"/>
						<line number="1547" hits="1"/>
						<line number="1548" hits="1"/>
						<line number="1551" hits="1"/>
						<line number="1559" hits="1" branch="true" condition-coverage="100% (2/2)"/>
						<line number="1560" hits="1"/>
						<line number="1561" hits="1"/>
						<line number="1562" hits="1"/>
						<line number="1564" hits="1"/>
						<line number="1565" hits="1"/>
						<line number="1568" hits="1" branch="true" condition-coverage="100% (2/2)"/>
						<line number="1569" hits="1"/>
						<line number="1577" hits="1" branch="true" condition-coverage="100% (2/2)"/>
						<line number="1578" hits="1"/>
						<line number="1579" hits="1"/>
						<line number="1580" hits="1"/>
						<line number="1582" hits="1"/>
						<line number="1583" hits="1"/>
						<line number="1585" hits="1"/>
						<line number="1586" hits="1"/>
						<line number="1589" hits="1"/>
						<line number="1591" hits="1"/>
						<line number="1597" hits="1"/>
						<line number="1598" hits="1"/>
						<line number="1601" hits="1"/>
						<line number="1603" hits="1"/>
						<line number="1605" hits="1"/>
						<line number="1606" hits="1"/>
						<line number="1608" hits="1"/>
						<line number="1609" hits="1"/>
						<line number="1610" hits="1"/>
						<line number="1611" hits="1"/>
						<line number="1613" hits="1"/>
						<line number="1619" hits="1"/>
						<line number="1622" hits="1"/>
						<line number="1624" hits="1"/>
						<line number="1627" hits="1"/>
						<line number="1628" hits="1"/>
						<line number="1629" hits="1"/>
						<line number="1630" hits="1"/>
						<line number="1631" hits="1"/>
						<line number="1632" hits="1"/>
						<line number="1633" hits="1"/>
						<line number="1636" hits="1"/>
						<line number="1637" hits="1" branch="true" condition-coverage="100% (2/2)"/>
						<line number="1638" hits="1" branch="true" condition-coverage="100% (2/2)"/>
						<line number="1639" hits="1"/>
						<line number="1640" hits="1"/>
						<line number="1642" hits="1" branch="true" condition-coverage="100% (2/2)"/>
						<line number="1643" hits="1"/>
						<line number="1645" hits="1"/>
						<line number="1646" hits="1"/>
						<line number="1647" hits="1" branch="true" condition-coverage="50% (1/2)" missing-branches="1649"/>
						<line number="1648" hits="1"/>
						<line number="1649" hits="0" branch="true" condition-coverage="0% (0/2)" missing-branches="1650,1651"/>
						<line number="1650" hits="0"/>
						<line number="1651" hits="1"/>
						<line number="1652" hits="1"/>
						<line number="1653" hits="0"/>
						<line number="1654" hits="0"/>
						<line number="1657" hits="1"/>
						<line number="1658" hits="1"/>
						<line number="1659" hits="1"/>
						<line number="1661" hits="1"/>
						<line number="1662" hits="1"/>
						<line number="1664" hits="1"/>
						<line number="1670" hits="1"/>
						<line number="1673" hits="1"/>
						<line number="1675" hits="1"/>
						<line number="1681" hits="1"/>
						<line number="1682" hits="1"/>
						<line number="1685" hits="1"/>
						<line number="1687" hits="1"/>
						<line number="1689" hits="1"/>
						<line number="1690" hits="1"/>
						<line number="1692" hits="1"/>
						<line number="1693" hits="1"/>
						<line number="1694" hits="1"/>
						<line number="1695" hits="1"/>
						<line number="1697" hits="1"/>
						<line number="1703" hits="1"/>
						<line number="1711" hits="1"/>
						<line number="1718" hits="1"/>
						<line number="1721" hits="1"/>
						<line number="1723" hits="1"/>
						<line number="1725" hits="1"/>
						<line number="1726" hits="1"/>
						<line number="1732" hits="1"/>
						<line number="1733" hits="1"/>
						<line number="1747" hits="1"/>
					</lines>
				</class>
				<class name="skl_models.py" filename="causalpy/skl_models.py" complexity="0" line-rate="1" branch-rate="1">
					<methods/>
					<lines>
						<line number="16" hits="1"/>
						<line number="18" hits="1"/>
						<line number="19" hits="1"/>
						<line number="20" hits="1"/>
						<line number="21" hits="1"/>
						<line number="23" hits="1"/>
						<line number="26" hits="1"/>
						<line number="31" hits="1"/>
						<line number="41" hits="1"/>
						<line number="43" hits="1"/>
						<line number="51" hits="1"/>
						<line number="53" hits="1"/>
						<line number="66" hits="1"/>
						<line number="67" hits="1"/>
						<line number="69" hits="1"/>
						<line number="71" hits="1" branch="true" condition-coverage="100% (2/2)"/>
						<line number="73" hits="1"/>
						<line number="75" hits="1"/>
						<line number="78" hits="1"/>
						<line number="80" hits="1"/>
						<line number="82" hits="1"/>
						<line number="85" hits="1"/>
						<line number="91" hits="1"/>
						<line number="103" hits="1"/>
						<line number="105" hits="1"/>
						<line number="115" hits="1"/>
						<line number="116" hits="1"/>
						<line number="123" hits="1"/>
						<line number="124" hits="1"/>
						<line number="125" hits="1"/>
						<line number="127" hits="1"/>
						<line number="135" hits="1"/>
						<line number="138" hits="1"/>
						<line number="149" hits="1"/>
						<line number="150" hits="1"/>
						<line number="153" hits="1"/>
						<line number="157" hits="1" branch="true" condition-coverage="100% (2/2)"/>
						<line number="158" hits="1"/>
						<line number="159" hits="1" branch="true" condition-coverage="100% (2/2)"/>
						<line number="161" hits="1"/>
						<line number="162" hits="1"/>
						<line number="163" hits="1"/>
					</lines>
				</class>
				<class name="transforms.py" filename="causalpy/transforms.py" complexity="0" line-rate="1" branch-rate="1">
					<methods/>
					<lines>
						<line number="33" hits="1"/>
						<line number="35" hits="1"/>
						<line number="37" hits="1"/>
						<line number="38" hits="1"/>
						<line number="39" hits="1"/>
						<line number="42" hits="1"/>
						<line number="74" hits="1"/>
						<line number="75" hits="1"/>
						<line number="76" hits="1"/>
						<line number="78" hits="1"/>
						<line number="80" hits="1"/>
						<line number="86" hits="1"/>
						<line number="100" hits="1" branch="true" condition-coverage="100% (2/2)"/>
						<line number="101" hits="1"/>
						<line number="102" hits="1"/>
						<line number="103" hits="1"/>
						<line number="104" hits="1" branch="true" condition-coverage="100% (2/2)"/>
						<line number="105" hits="1"/>
						<line number="108" hits="1"/>
						<line number="110" hits="1"/>
						<line number="112" hits="1"/>
						<line number="114" hits="1"/>
						<line number="132" hits="1" branch="true" condition-coverage="100% (2/2)"/>
						<line number="134" hits="1"/>
						<line number="136" hits="1" branch="true" condition-coverage="100% (2/2)"/>
						<line number="137" hits="1"/>
						<line number="141" hits="1"/>
						<line number="146" hits="1"/>
						<line number="147" hits="1"/>
						<line number="149" hits="1"/>
						<line number="150" hits="1"/>
						<line number="152" hits="1"/>
						<line number="154" hits="1"/>
						<line number="158" hits="1" branch="true" condition-coverage="100% (2/2)"/>
						<line number="159" hits="1"/>
						<line number="162" hits="1"/>
						<line number="165" hits="1"/>
						<line number="194" hits="1"/>
						<line number="195" hits="1"/>
						<line number="196" hits="1"/>
						<line number="198" hits="1"/>
						<line number="200" hits="1"/>
						<line number="206" hits="1"/>
						<line number="220" hits="1" branch="true" condition-coverage="100% (2/2)"/>
						<line number="221" hits="1"/>
						<line number="222" hits="1"/>
						<line number="223" hits="1"/>
						<line number="224" hits="1" branch="true" condition-coverage="100% (2/2)"/>
						<line number="225" hits="1"/>
						<line number="227" hits="1"/>
						<line number="229" hits="1"/>
						<line number="231" hits="1"/>
						<line number="233" hits="1"/>
						<line number="252" hits="1" branch="true" condition-coverage="100% (2/2)"/>
						<line number="254" hits="1"/>
						<line number="256" hits="1" branch="true" condition-coverage="100% (2/2)"/>
						<line number="257" hits="1"/>
						<line number="261" hits="1"/>
						<line number="266" hits="1"/>
						<line number="267" hits="1"/>
						<line number="269" hits="1"/>
						<line number="270" hits="1"/>
						<line number="272" hits="1"/>
						<line number="274" hits="1"/>
						<line number="278" hits="1" branch="true" condition-coverage="100% (2/2)"/>
						<line number="279" hits="1"/>
						<line number="282" hits="1"/>
						<line number="286" hits="1"/>
						<line number="287" hits="1"/>
						<line number="289" hits="1"/>
					</lines>
				</class>
				<class name="utils.py" filename="causalpy/utils.py" complexity="0" line-rate="0.95" branch-rate="0.8333">
					<methods/>
					<lines>
						<line number="16" hits="1"/>
						<line number="18" hits="1"/>
						<line number="19" hits="1"/>
						<line number="21" hits="1"/>
						<line number="22" hits="1"/>
						<line number="23" hits="1"/>
						<line number="24" hits="1"/>
						<line number="25" hits="1"/>
						<line number="27" hits="1" branch="true" condition-coverage="50% (1/2)" missing-branches="28"/>
						<line number="28" hits="0"/>
						<line number="30" hits="1"/>
						<line number="33" hits="1"/>
						<line number="49" hits="1"/>
						<line number="52" hits="1"/>
						<line number="55" hits="1"/>
						<line number="58" hits="1"/>
						<line number="60" hits="1"/>
						<line number="63" hits="1"/>
						<line number="79" hits="1"/>
						<line number="80" hits="1"/>
						<line number="83" hits="1"/>
						<line number="95" hits="1" branch="true" condition-coverage="100% (2/2)"/>
						<line number="96" hits="1"/>
						<line number="97" hits="1" branch="true" condition-coverage="50% (1/2)" missing-branches="98"/>
						<line number="98" hits="0"/>
						<line number="99" hits="1"/>
						<line number="102" hits="1"/>
						<line number="123" hits="1" branch="true" condition-coverage="100% (2/2)"/>
						<line number="125" hits="1"/>
						<line number="126" hits="1" branch="true" condition-coverage="50% (1/2)" missing-branches="137"/>
						<line number="128" hits="1"/>
						<line number="131" hits="1"/>
						<line number="135" hits="1"/>
						<line number="137" hits="0"/>
						<line number="142" hits="1"/>
						<line number="166" hits="1"/>
						<line number="169" hits="1"/>
						<line number="172" hits="1"/>
						<line number="175" hits="1"/>
						<line number="178" hits="1"/>
						<line number="179" hits="1" branch="true" condition-coverage="100% (2/2)"/>
						<line number="181" hits="1"/>
						<line number="182" hits="1" branch="true" condition-coverage="100% (2/2)"/>
						<line number="183" hits="1"/>
						<line number="185" hits="1"/>
						<line number="188" hits="1"/>
						<line number="229" hits="1"/>
						<line number="230" hits="1"/>
						<line number="232" hits="1"/>
						<line number="233" hits="1"/>
						<line number="235" hits="1"/>
						<line number="236" hits="1" branch="true" condition-coverage="100% (2/2)"/>
						<line number="237" hits="1"/>
						<line number="243" hits="1"/>
						<line number="251" hits="1"/>
						<line number="304" hits="1"/>
						<line number="305" hits="1"/>
						<line number="306" hits="1"/>
						<line number="308" hits="1" branch="true" condition-coverage="100% (2/2)"/>
						<line number="309" hits="1"/>
						<line number="311" hits="1"/>
						<line number="323" hits="1"/>
						<line number="325" hits="1"/>
						<line number="326" hits="1"/>
						<line number="329" hits="1"/>
						<line number="428" hits="1"/>
						<line number="429" hits="1" branch="true" condition-coverage="50% (1/2)" missing-branches="430"/>
						<line number="430" hits="0"/>
						<line number="434" hits="1"/>
						<line number="437" hits="1" branch="true" condition-coverage="100% (2/2)"/>
						<line number="438" hits="1"/>
						<line number="444" hits="1"/>
						<line number="445" hits="1"/>
						<line number="447" hits="1" branch="true" condition-coverage="100% (2/2)"/>
						<line number="449" hits="1"/>
						<line number="452" hits="1"/>
						<line number="455" hits="1"/>
						<line number="456" hits="1"/>
						<line number="458" hits="1"/>
[...]
						<line number="19" hits="1"/>
						<line number="27" hits="1"/>
						<line number="28" hits="1"/>
						<line number="30" hits="1"/>
						<line number="31" hits="1"/>
						<line number="32" hits="1"/>
						<line number="33" hits="1"/>
						<line number="34" hits="1"/>
						<line number="37" hits="1"/>
						<line number="38" hits="1"/>
						<line number="40" hits="1"/>
						<line number="43" hits="1"/>
						<line number="45" hits="1"/>
						<line number="47" hits="1"/>
						<line number="48" hits="1"/>
						<line number="51" hits="1"/>
						<line number="52" hits="1"/>
						<line number="55" hits="1"/>
						<line number="56" hits="1"/>
						<line number="57" hits="1"/>
						<line number="60" hits="1"/>
						<line number="62" hits="1"/>
						<line number="64" hits="1"/>
						<line number="65" hits="1"/>
						<line number="68" hits="1"/>
						<line number="69" hits="1"/>
						<line number="72" hits="1"/>
						<line number="73" hits="1"/>
						<line number="74" hits="1"/>
						<line number="75" hits="1"/>
						<line number="76" hits="1"/>
						<line number="79" hits="1"/>
						<line number="81" hits="1"/>
						<line number="83" hits="1"/>
						<line number="84" hits="1"/>
						<line number="86" hits="1"/>
						<line number="87" hits="1"/>
						<line number="90" hits="1"/>
						<line number="92" hits="1"/>
						<line number="94" hits="1"/>
						<line number="95" hits="1"/>
						<line number="99" hits="1"/>
						<line number="100" hits="1"/>
						<line number="103" hits="1"/>
						<line number="105" hits="1"/>
						<line number="107" hits="1"/>
						<line number="108" hits="1"/>
						<line number="110" hits="1"/>
						<line number="111" hits="1"/>
						<line number="114" hits="1"/>
						<line number="116" hits="1"/>
						<line number="117" hits="1"/>
						<line number="125" hits="1"/>
					</lines>
				</class>
			</classes>
		</package>
		<package name="scripts" line-rate="0.7983" branch-rate="0.7143" complexity="0">
			<classes>
				<class name="_ast_introspection.py" filename="scripts/_ast_introspection.py" complexity="0" line-rate="0.9" branch-rate="0.8182">
					<methods/>
					<lines>
						<line number="3" hits="1"/>
						<line number="5" hits="1"/>
						<line number="6" hits="1"/>
						<line number="7" hits="1"/>
						<line number="10" hits="1"/>
						<line number="11" hits="1"/>
						<line number="12" hits="1"/>
						<line number="13" hits="1"/>
						<line number="14" hits="1"/>
						<line number="15" hits="1"/>
						<line number="16" hits="1"/>
						<line number="18" hits="1"/>
						<line number="19" hits="1"/>
						<line number="20" hits="1" branch="true" condition-coverage="100% (2/2)"/>
						<line number="21" hits="1"/>
						<line number="22" hits="1" branch="true" condition-coverage="50% (1/2)" missing-branches="24"/>
						<line number="23" hits="1"/>
						<line number="24" hits="0" branch="true" condition-coverage="0% (0/2)" missing-branches="25,26"/>
						<line number="25" hits="0"/>
						<line number="26" hits="0"/>
						<line number="29" hits="1"/>
						<line number="30" hits="1" branch="true" condition-coverage="100% (2/2)"/>
						<line number="31" hits="1" branch="true" condition-coverage="100% (2/2)"/>
						<line number="32" hits="1"/>
						<line number="33" hits="1" branch="true" condition-coverage="50% (1/2)" missing-branches="34"/>
						<line number="34" hits="0"/>
						<line number="35" hits="1"/>
						<line number="38" hits="1"/>
						<line number="39" hits="1" branch="true" condition-coverage="50% (1/2)" missing-branches="50"/>
						<line number="40" hits="1" branch="true" condition-coverage="100% (2/2)"/>
						<line number="41" hits="1"/>
						<line number="42" hits="1" branch="true" condition-coverage="100% (2/2)"/>
						<line number="43" hits="1" branch="true" condition-coverage="100% (2/2)"/>
						<line number="49" hits="1"/>
						<line number="50" hits="0"/>
						<line number="53" hits="1"/>
						<line number="54" hits="1" branch="true" condition-coverage="100% (2/2)"/>
						<line number="55" hits="1" branch="true" condition-coverage="100% (2/2)"/>
						<line number="56" hits="1"/>
						<line number="57" hits="1" branch="true" condition-coverage="100% (2/2)"/>
						<line number="58" hits="1" branch="true" condition-coverage="100% (2/2)"/>
						<line number="63" hits="1"/>
						<line number="64" hits="1"/>
						<line number="67" hits="1"/>
						<line number="68" hits="1" branch="true" condition-coverage="100% (2/2)"/>
						<line number="69" hits="1" branch="true" condition-coverage="100% (2/2)"/>
						<line number="70" hits="1"/>
						<line number="71" hits="1" branch="true" condition-coverage="100% (2/2)"/>
						<line number="72" hits="1" branch="true" condition-coverage="100% (2/2)"/>
						<line number="73" hits="1"/>
						<line number="74" hits="1"/>
						<line number="75" hits="1" branch="true" condition-coverage="50% (1/2)" missing-branches="76"/>
						<line number="76" hits="0"/>
						<line number="77" hits="1" branch="true" condition-coverage="50% (1/2)" missing-branches="71"/>
						<line number="82" hits="1"/>
						<line number="83" hits="1"/>
						<line number="86" hits="1"/>
						<line number="87" hits="1" branch="true" condition-coverage="100% (2/2)"/>
						<line number="88" hits="1" branch="true" condition-coverage="100% (2/2)"/>
						<line number="93" hits="1"/>
						<line number="94" hits="1" branch="true" condition-coverage="50% (1/2)" missing-branches="96"/>
						<line number="95" hits="1"/>
						<line number="96" hits="0" branch="true" condition-coverage="0% (0/2)" missing-branches="87,97"/>
						<line number="97" hits="0" branch="true" condition-coverage="0% (0/2)" missing-branches="96,98"/>
						<line number="98" hits="0"/>
						<line number="99" hits="1"/>
						<line number="102" hits="1"/>
						<line number="103" hits="1"/>
						<line number="112" hits="1"/>
						<line number="116" hits="1"/>
						<line number="117" hits="1" branch="true" condition-coverage="100% (2/2)"/>
						<line number="118" hits="1" branch="true" condition-coverage="100% (2/2)"/>
						<line number="119" hits="1"/>
						<line number="120" hits="1"/>
						<line number="121" hits="1" branch="true" condition-coverage="100% (2/2)"/>
						<line number="122" hits="1" branch="true" condition-coverage="100% (2/2)"/>
						<line number="123" hits="1"/>
						<line number="124" hits="1"/>
						<line number="127" hits="1"/>
						<line number="129" hits="1"/>
						<line number="132" hits="1"/>
						<line number="134" hits="1"/>
						<line number="135" hits="1" branch="true" condition-coverage="100% (2/2)"/>
						<line number="136" hits="1" branch="true" condition-coverage="100% (2/2)"/>
						<line number="137" hits="1"/>
						<line number="138" hits="1"/>
						<line number="139" hits="1" branch="true" condition-coverage="100% (2/2)"/>
						<line number="140" hits="1" branch="true" condition-coverage="100% (2/2)"/>
						<line number="141" hits="1"/>
						<line number="142" hits="1"/>
					</lines>
				</class>
				<class name="check_architecture_inventory.py" filename="scripts/check_architecture_inventory.py" complexity="0" line-rate="0.7966" branch-rate="0.6667">
					<methods/>
					<lines>
						<line number="17" hits="1"/>
						<line number="19" hits="1"/>
						<line number="20" hits="1"/>
						<line number="21" hits="1"/>
						<line number="22" hits="1"/>
						<line number="23" hits="1"/>
						<line number="25" hits="1"/>
						<line number="26" hits="1"/>
						<line number="29" hits="1"/>
						<line number="30" hits="1"/>
						<line number="31" hits="1"/>
						<line number="32" hits="1"/>
						<line number="33" hits="1"/>
						<line number="34" hits="1"/>
						<line number="35" hits="1"/>
						<line number="36" hits="1"/>
						<line number="39" hits="1"/>
						<line number="40" hits="1"/>
						<line number="41" hits="1"/>
						<line number="42" hits="1"/>
						<line number="43" hits="1"/>
						<line number="46" hits="1"/>
						<line number="47" hits="1"/>
						<line number="48" hits="1"/>
						<line number="49" hits="1"/>
						<line number="50" hits="1"/>
						<line number="51" hits="1"/>
						<line number="53" hits="1"/>
						<line number="54" hits="1"/>
						<line number="56" hits="1"/>
						<line number="64" hits="1"/>
						<line number="66" hits="1"/>
						<line number="67" hits="1"/>
						<line number="68" hits="1" branch="true" condition-coverage="50% (1/2)" missing-branches="69"/>
						<line number="69" hits="0"/>
						<line number="70" hits="0"/>
						<line number="72" hits="1"/>
						<line number="73" hits="1"/>
						<line number="74" hits="1" branch="true" condition-coverage="50% (1/2)" missing-branches="75"/>
						<line number="75" hits="0"/>
						<line number="76" hits="0"/>
						<line number="78" hits="1"/>
						<line number="79" hits="1" branch="true" condition-coverage="100% (2/2)"/>
						<line number="80" hits="1" branch="true" condition-coverage="100% (2/2)"/>
						<line number="81" hits="1"/>
						<line number="82" hits="1"/>
						<line number="84" hits="1"/>
						<line number="85" hits="1" branch="true" condition-coverage="100% (2/2)"/>
						<line number="86" hits="1"/>
						<line number="87" hits="1" branch="true" condition-coverage="50% (1/2)" missing-branches="88"/>
						<line number="88" hits="0"/>
						<line number="89" hits="1"/>
						<line number="90" hits="1"/>
						<line number="95" hits="1"/>
						<line number="98" hits="1"/>
						<line number="100" hits="1"/>
						<line number="101" hits="1"/>
						<line number="102" hits="1" branch="true" condition-coverage="50% (1/2)" missing-branches="103"/>
						<line number="103" hits="0"/>
						<line number="104" hits="1" branch="true" condition-coverage="50% (1/2)" missing-branches="105"/>
						<line number="105" hits="0"/>
						<line number="106" hits="1"/>
						<line number="109" hits="1"/>
						<line number="111" hits="1"/>
						<line number="114" hits="1"/>
						<line number="116" hits="1"/>
						<line number="117" hits="1"/>
						<line number="120" hits="1"/>
						<line number="122" hits="1"/>
						<line number="123" hits="1"/>
						<line number="129" hits="1"/>
						<line number="131" hits="1"/>
						<line number="132" hits="1"/>
						<line number="133" hits="1"/>
						<line number="135" hits="1"/>
						<line number="136" hits="1"/>
						<line number="137" hits="1" branch="true" condition-coverage="100% (2/2)"/>
						<line number="138" hits="1"/>
						<line number="141" hits="1" branch="true" condition-coverage="50% (1/2)" missing-branches="142"/>
						<line number="142" hits="0"/>
						<line number="146" hits="1" branch="true" condition-coverage="100% (2/2)"/>
						<line number="147" hits="1" branch="true" condition-coverage="100% (2/2)"/>
						<line number="148" hits="1"/>
						<line number="149" hits="1"/>
						<line number="150" hits="1" branch="true" condition-coverage="100% (2/2)"/>
						<line number="151" hits="1"/>
						<line number="155" hits="1"/>
						<line number="156" hits="1"/>
						<line number="157" hits="1"/>
						<line number="158" hits="1" branch="true" condition-coverage="100% (2/2)"/>
						<line number="159" hits="1"/>
						<line number="163" hits="1"/>
						<line number="164" hits="1" branch="true" condition-coverage="100% (2/2)"/>
						<line number="165" hits="1"/>
						<line number="169" hits="1"/>
						<line number="172" hits="1"/>
						<line number="174" hits="1"/>
						<line number="175" hits="1"/>
						<line number="176" hits="1"/>
						<line number="180" hits="1"/>
						<line number="184" hits="1"/>
						<line number="187" hits="1"/>
						<line number="189" hits="0"/>
						<line number="190" hits="0"/>
						<line number="191" hits="0"/>
						<line number="196" hits="0"/>
						<line number="201" hits="0"/>
						<line number="203" hits="0" branch="true" condition-coverage="0% (0/2)" missing-branches="204,207"/>
						<line number="204" hits="0"/>
						<line number="205" hits="0"/>
						<line number="207" hits="0"/>
						<line number="208" hits="0" branch="true" condition-coverage="0% (0/2)" missing-branches="209,211"/>
						<line number="209" hits="0"/>
						<line number="211" hits="0"/>
						<line number="217" hits="0"/>
						<line number="218" hits="0" branch="true" condition-coverage="0% (0/2)" missing-branches="219,220"/>
						<line number="219" hits="0"/>
						<line number="220" hits="0"/>
					</lines>
				</class>
				<class name="check_public_exports.py" filename="scripts/check_public_exports.py" complexity="0" line-rate="0.7595" branch-rate="0.6111">
					<methods/>
					<lines>
						<line number="17" hits="1"/>
						<line number="19" hits="1"/>
						<line number="20" hits="1"/>
						<line number="21" hits="1"/>
						<line number="22" hits="1"/>
						<line number="23" hits="1"/>
						<line number="25" hits="1"/>
						<line number="26" hits="1"/>
						<line number="29" hits="1"/>
						<line number="30" hits="1"/>
						<line number="31" hits="1"/>
						<line number="32" hits="1"/>
						<line number="33" hits="1"/>
						<line number="34" hits="1"/>
						<line number="35" hits="1"/>
						<line number="36" hits="1"/>
						<line number="39" hits="1"/>
						<line number="40" hits="1"/>
						<line number="41" hits="1"/>
						<line number="44" hits="1"/>
						<line number="46" hits="1"/>
						<line number="47" hits="1"/>
						<line number="48" hits="1"/>
						<line number="49" hits="1" branch="true" condition-coverage="100% (2/2)"/>
						<line number="50" hits="1" branch="true" condition-coverage="100% (2/2)"/>
						<line number="51" hits="1" branch="true" condition-coverage="100% (2/2)"/>
						<line number="52" hits="1" branch="true" condition-coverage="50% (1/2)" missing-branches="51"/>
						<line number="57" hits="1" branch="true" condition-coverage="100% (2/2)"/>
						<line number="58" hits="1" branch="true" condition-coverage="50% (1/2)" missing-branches="57"/>
						<line number="59" hits="1"/>
						<line number="60" hits="1" branch="true" condition-coverage="100% (2/2)"/>
						<line number="61" hits="1" branch="true" condition-coverage="100% (2/2)"/>
						<line number="62" hits="1" branch="true" condition-coverage="50% (1/2)" missing-branches="63"/>
						<line number="63" hits="0"/>
						<line number="64" hits="1"/>
						<line number="65" hits="1"/>
						<line number="68" hits="1"/>
						<line number="70" hits="1"/>
						<line number="71" hits="1" branch="true" condition-coverage="50% (1/2)" missing-branches="72"/>
						<line number="72" hits="0"/>
						<line number="73" hits="1" branch="true" condition-coverage="50% (1/2)" missing-branches="74"/>
						<line number="74" hits="0"/>
						<line number="75" hits="1"/>
						<line number="78" hits="1"/>
						<line number="80" hits="1"/>
						<line number="82" hits="1"/>
						<line number="85" hits="1"/>
						<line number="86" hits="1"/>
						<line number="87" hits="1"/>
						<line number="89" hits="1"/>
						<line number="90" hits="1"/>
						<line number="91" hits="1"/>
						<line number="92" hits="1"/>
						<line number="94" hits="1"/>
						<line number="101" hits="1" branch="true" condition-coverage="50% (1/2)" missing-branches="102"/>
						<line number="102" hits="0"/>
						<line number="108" hits="1"/>
						<line number="115" hits="1" branch="true" condition-coverage="100% (2/2)"/>
						<line number="116" hits="1" branch="true" condition-coverage="50% (1/2)" missing-branches="117"/>
						<line number="117" hits="0"/>
						<line number="119" hits="1"/>
						<line number="126" hits="1"/>
						<line number="127" hits="1" branch="true" condition-coverage="50% (1/2)" missing-branches="128"/>
						<line number="128" hits="0"/>
						<line number="133" hits="1"/>
						<line number="136" hits="1"/>
						<line number="138" hits="0"/>
						<line number="139" hits="0"/>
						<line number="144" hits="0"/>
						<line number="145" hits="0" branch="true" condition-coverage="0% (0/2)" missing-branches="146,148"/>
						<line number="146" hits="0"/>
						<line number="148" hits="0"/>
						<line number="149" hits="0" branch="true" condition-coverage="0% (0/2)" missing-branches="150,152"/>
						<line number="150" hits="0"/>
						<line number="152" hits="0"/>
						<line number="157" hits="0"/>
						<line number="158" hits="0" branch="true" condition-coverage="0% (0/2)" missing-branches="159,160"/>
						<line number="159" hits="0"/>
						<line number="160" hits="0"/>
					</lines>
				</class>
				<class name="validate_docstring_lists.py" filename="scripts/validate_docstring_lists.py" complexity="0" line-rate="0.7077" branch-rate="0.6667">
					<methods/>
					<lines>
						<line number="25" hits="1"/>
						<line number="27" hits="1"/>
						<line number="28" hits="1"/>
						<line number="29" hits="1"/>
						<line number="32" hits="1"/>
						<line number="34" hits="1" branch="true" condition-coverage="50% (1/2)" missing-branches="35"/>
						<line number="35" hits="0"/>
						<line number="36" hits="1"/>
						<line number="37" hits="1" branch="true" condition-coverage="50% (1/2)" missing-branches="38"/>
						<line number="38" hits="0"/>
						<line number="39" hits="1"/>
						<line number="45" hits="1"/>
						<line number="48" hits="1"/>
						<line number="57" hits="1"/>
						<line number="58" hits="1"/>
						<line number="59" hits="1" branch="true" condition-coverage="100% (2/2)"/>
						<line number="60" hits="1"/>
						<line number="61" hits="1"/>
						<line number="62" hits="1" branch="true" condition-coverage="100% (2/2)"/>
						<line number="63" hits="1"/>
						<line number="64" hits="1" branch="true" condition-coverage="100% (2/2)"/>
						<line number="65" hits="1"/>
						<line number="66" hits="1"/>
						<line number="67" hits="1" branch="true" condition-coverage="100% (2/2)"/>
						<line number="68" hits="1"/>
						<line number="69" hits="1" branch="true" condition-coverage="100% (2/2)"/>
						<line number="70" hits="1"/>
						<line number="71" hits="1"/>
						<line number="72" hits="1"/>
						<line number="75" hits="1"/>
						<line number="77" hits="1"/>
						<line number="78" hits="1"/>
						<line number="79" hits="0"/>
						<line number="80" hits="0"/>
						<line number="81" hits="1"/>
						<line number="82" hits="1"/>
						<line number="83" hits="0"/>
						<line number="84" hits="0"/>
						<line number="86" hits="1"/>
						<line number="87" hits="1" branch="true" condition-coverage="100% (2/2)"/>
						<line number="88" hits="1" branch="true" condition-coverage="100% (2/2)"/>
						<line number="91" hits="1"/>
						<line number="92" hits="1"/>
						<line number="93" hits="1" branch="true" condition-coverage="100% (2/2)"/>
						<line number="94" hits="1"/>
						<line number="95" hits="1"/>
						<line number="96" hits="1" branch="true" condition-coverage="100% (2/2)"/>
						<line number="97" hits="1"/>
						<line number="98" hits="1"/>
						<line number="99" hits="1"/>
						<line number="102" hits="1"/>
						<line number="103" hits="0" branch="true" condition-coverage="0% (0/2)" missing-branches="104,105"/>
						<line number="104" hits="0"/>
						<line number="105" hits="0"/>
						<line number="108" hits="1"/>
						<line number="109" hits="0"/>
						<line number="110" hits="0" branch="true" condition-coverage="0% (0/2)" missing-branches="111,113"/>
						<line number="111" hits="0"/>
						<line number="113" hits="0" branch="true" condition-coverage="0% (0/2)" missing-branches="114,116"/>
						<line number="114" hits="0"/>
						<line number="116" hits="0"/>
						<line number="122" hits="0"/>
						<line number="123" hits="0" branch="true" condition-coverage="0% (0/2)" missing-branches="124,125"/>
						<line number="124" hits="0"/>
						<line number="125" hits="0"/>
					</lines>
				</class>
			</classes>
		</package>
	</packages>
</coverage>
