<?xml version="1.0" encoding="utf-8"?><testsuites name="pytest tests"><testsuite name="pytest" errors="0" failures="0" skipped="19" tests="1124" time="317.340" timestamp="2026-06-17T13:30:07.119842-03:00" hostname="DESKTOP-ALBENFI"><testcase classname="causalpy.tests.test_base_experiment_abc" name="test_cannot_instantiate_without_effect_summary" time="0.003" /><testcase classname="causalpy.tests.test_check_architecture_inventory" name="test_repo_architecture_inventory_is_current" time="0.083" /><testcase classname="causalpy.tests.test_check_architecture_inventory" name="test_parses_architecture_inventory_table" time="0.002" /><testcase classname="causalpy.tests.test_check_architecture_inventory" name="test_introspected_backends_match_known_experiments" time="0.045" /><testcase classname="causalpy.tests.test_check_architecture_inventory" name="test_print_markdown_includes_all_experiments" time="0.046" /><testcase classname="causalpy.tests.test_check_architecture_inventory" name="test_cli_exits_zero_when_inventory_is_current" time="0.139" /><testcase classname="causalpy.tests.test_check_architecture_inventory" name="test_cli_detects_backend_drift" time="0.117" /><testcase classname="causalpy.tests.test_check_architecture_inventory" name="test_cli_detects_missing_model_required_note" time="0.051" /><testcase classname="causalpy.tests.test_check_architecture_inventory" name="test_cli_detects_stale_model_required_note" time="0.054" /><testcase classname="causalpy.tests.test_check_architecture_inventory" name="test_cli_detects_plot_stub_note_drift" time="0.076" /><testcase classname="causalpy.tests.test_check_public_exports" name="test_repo_export_wiring_is_current" time="0.075" /><testcase classname="causalpy.tests.test_check_public_exports" name="test_detects_synthetic_did_in_experiment_exports" time="0.044" /><testcase classname="causalpy.tests.test_check_public_exports" name="test_cli_exits_zero_when_exports_are_current" time="0.142" /><testcase classname="causalpy.tests.test_check_public_exports" name="test_cli_requires_check_flag" time="0.085" /><testcase classname="causalpy.tests.test_cross_cutting_checks.TestConvexHullCheck" name="test_satisfies_check_protocol" time="0.010" /><testcase classname="causalpy.tests.test_cross_cutting_checks.TestConvexHullCheck" name="test_applicable_methods" time="0.002" /><testcase classname="causalpy.tests.test_cross_cutting_checks.TestConvexHullCheck" name="test_validate_rejects_non_sc" time="0.075" /><testcase classname="causalpy.tests.test_cross_cutting_checks.TestConvexHullCheck" name="test_run_on_sc" time="0.081" /><testcase classname="causalpy.tests.test_cross_cutting_checks.TestConvexHullCheck" name="test_run_detects_convex_hull_violation" time="0.015" /><testcase classname="causalpy.tests.test_cross_cutting_checks.TestPersistenceCheck" name="test_satisfies_check_protocol" time="0.002" /><testcase classname="causalpy.tests.test_cross_cutting_checks.TestPersistenceCheck" name="test_applicable_methods" time="0.002" /><testcase classname="causalpy.tests.test_cross_cutting_checks.TestPersistenceCheck" name="test_validate_rejects_two_period_its" time="0.013" /><testcase classname="causalpy.tests.test_cross_cutting_checks.TestPersistenceCheck" name="test_run_on_three_period_its" time="0.086" /><testcase classname="causalpy.tests.test_cross_cutting_checks.TestPreTreatmentPlaceboCheck" name="test_satisfies_check_protocol" time="0.002" /><testcase classname="causalpy.tests.test_cross_cutting_checks.TestPreTreatmentPlaceboCheck" name="test_applicable_methods" time="0.002" /><testcase classname="causalpy.tests.test_cross_cutting_checks.TestPreTreatmentPlaceboCheck" name="test_validate_rejects_non_staggered_did" time="0.012" /><testcase classname="causalpy.tests.test_cross_cutting_checks.TestPriorSensitivity" name="test_satisfies_check_protocol" time="0.009" /><testcase classname="causalpy.tests.test_cross_cutting_checks.TestPriorSensitivity" name="test_empty_alternatives_raises" time="0.001" /><testcase classname="causalpy.tests.test_cross_cutting_checks.TestPriorSensitivity" name="test_missing_keys_raises" time="0.001" /><testcase classname="causalpy.tests.test_cross_cutting_checks.TestPriorSensitivity" name="test_validate_rejects_ols_model" time="0.010" /><testcase classname="causalpy.tests.test_cross_cutting_checks.TestPriorSensitivity" name="test_applicable_to_all_experiment_types" time="0.002" /><testcase classname="causalpy.tests.test_cross_cutting_checks.TestPriorSensitivity" name="test_run_missing_experiment_config_raises" time="0.012" /><testcase classname="causalpy.tests.test_cross_cutting_checks.TestPriorSensitivity" name="test_run_with_ols_alternatives" time="0.114" /><testcase classname="causalpy.tests.test_cross_cutting_checks.TestPriorSensitivity" name="test_run_with_failing_effect_summary" time="0.029" /><testcase classname="causalpy.tests.test_cross_cutting_checks.TestPreTreatmentPlaceboCheckRun" name="test_validate_missing_att_event_time" time="0.002" /><testcase classname="causalpy.tests.test_cross_cutting_checks.TestPreTreatmentPlaceboCheckRun" name="test_run_passing_pre_treatment" time="0.010" /><testcase classname="causalpy.tests.test_cross_cutting_checks.TestPreTreatmentPlaceboCheckRun" name="test_run_failing_pre_treatment" time="0.004" /><testcase classname="causalpy.tests.test_cross_cutting_checks.TestPreTreatmentPlaceboCheckRun" name="test_run_empty_pre_treatment" time="0.006" /><testcase classname="causalpy.tests.test_cross_cutting_checks.TestCloneModel" name="test_clone_model_with_clone_method" time="0.003" /><testcase classname="causalpy.tests.test_cross_cutting_checks.TestCloneModel" name="test_clone_model_deepcopy_fallback" time="0.003" /><testcase classname="causalpy.tests.test_cross_cutting_checks.TestPersistenceCheckEdgeCases" name="test_validate_rejects_non_its" time="0.018" /><testcase classname="causalpy.tests.test_custom_exceptions" name="test_custom_exceptions_preserve_message[BadIndexException-Index type mismatch]" time="0.004" /><testcase classname="causalpy.tests.test_custom_exceptions" name="test_custom_exceptions_preserve_message[FormulaException-Invalid formula provided]" time="0.001" /><testcase classname="causalpy.tests.test_custom_exceptions" name="test_custom_exceptions_preserve_message[DataException-Dataset is missing required columns]" time="0.001" /><testcase classname="causalpy.tests.test_data_loading" name="test_data_loading[did]" time="0.007" /><testcase classname="causalpy.tests.test_data_loading" name="test_data_loading[rd]" time="0.003" /><testcase classname="causalpy.tests.test_data_loading" name="test_data_loading[sc]" time="0.009" /><testcase classname="causalpy.tests.test_data_loading" name="test_data_loading[its]" time="0.006" /><testcase classname="causalpy.tests.test_data_loading" name="test_data_loading[its simple]" time="0.005" /><testcase classname="causalpy.tests.test_data_loading" name="test_data_loading[anova1]" time="0.002" /><testcase classname="causalpy.tests.test_data_loading" name="test_data_loading[geolift1]" time="0.024" /><testcase classname="causalpy.tests.test_data_loading" name="test_data_loading[geolift_multi_cell]" time="0.023" /><testcase classname="causalpy.tests.test_data_loading" name="test_data_loading[banks]" time="0.014" /><testcase classname="causalpy.tests.test_data_loading" name="test_data_loading[brexit]" time="0.010" /><testcase classname="causalpy.tests.test_data_loading" name="test_data_loading[covid]" time="0.009" /><testcase classname="causalpy.tests.test_data_loading" name="test_data_loading[drinking]" time="0.009" /><testcase classname="causalpy.tests.test_data_loading" name="test_data_loading[risk]" time="0.009" /><testcase classname="causalpy.tests.test_data_loading" name="test_data_loading[nhefs]" time="0.013" /><testcase classname="causalpy.tests.test_data_loading" name="test_data_loading[schoolReturns]" time="0.018" /><testcase classname="causalpy.tests.test_data_loading" name="test_data_loading[pisa18]" time="0.012" /><testcase classname="causalpy.tests.test_data_loading" name="test_data_loading[nets]" time="0.015" /><testcase classname="causalpy.tests.test_data_loading" name="test_data_loading[lalonde]" time="0.010" /><testcase classname="causalpy.tests.test_data_loading" name="test_data_loading[zipcodes]" time="0.050" /><testcase classname="causalpy.tests.test_data_loading" name="test_data_loading[nevo]" time="0.022" /><testcase classname="causalpy.tests.test_data_loading" name="test_data_loading[california_prop99]" time="0.009" /><testcase classname="causalpy.tests.test_data_loading" name="test_synthetic_data_no_nulls[did]" time="0.007" /><testcase classname="causalpy.tests.test_data_loading" name="test_synthetic_data_no_nulls[rd]" time="0.001" /><testcase classname="causalpy.tests.test_data_loading" name="test_synthetic_data_no_nulls[sc]" time="0.010" /><testcase classname="causalpy.tests.test_data_loading" name="test_synthetic_data_no_nulls[its]" time="0.006" /><testcase classname="causalpy.tests.test_data_loading" name="test_synthetic_data_no_nulls[its simple]" time="0.005" /><testcase classname="causalpy.tests.test_data_loading" name="test_synthetic_data_no_nulls[anova1]" time="0.001" /><testcase classname="causalpy.tests.test_data_loading" name="test_synthetic_data_no_nulls[geolift1]" time="0.010" /><testcase classname="causalpy.tests.test_data_loading" name="test_synthetic_data_no_nulls[geolift_multi_cell]" time="0.023" /><testcase classname="causalpy.tests.test_data_loading" name="test_synthetic_data_reproducibility" time="0.100" /><testcase classname="causalpy.tests.test_data_loading" name="test_unknown_dataset_raises" time="0.001" /><testcase classname="causalpy.tests.test_date_utils.TestCombineDatetimeIndices" name="test_combines_and_sorts_indices" time="0.007" /><testcase classname="causalpy.tests.test_date_utils.TestCombineDatetimeIndices" name="test_handles_empty_indices" time="0.004" /><testcase classname="causalpy.tests.test_date_utils.TestFormatDateAxis" name="test_uses_auto_date_locator" time="0.015" /><testcase classname="causalpy.tests.test_date_utils.TestFormatDateAxis" name="test_uses_concise_date_formatter" time="0.009" /><testcase classname="causalpy.tests.test_date_utils.TestFormatDateAxis" name="test_long_date_range_rotates_labels_vertically" time="0.014" /><testcase classname="causalpy.tests.test_date_utils.TestFormatDateAxis" name="test_short_date_range_keeps_labels_horizontal" time="0.012" /><testcase classname="causalpy.tests.test_date_utils.TestFormatDateAxis" name="test_empty_date_index_does_not_error" time="0.006" /><testcase classname="causalpy.tests.test_date_utils.TestFormatDateAxis" name="test_single_date_does_not_error" time="0.005" /><testcase classname="causalpy.tests.test_date_utils.TestFormatDateAxis" name="test_maxticks_parameter_is_accepted" time="0.009" /><testcase classname="causalpy.tests.test_date_utils.TestFormatDateAxes" name="test_formats_multiple_axes" time="0.016" /><testcase classname="causalpy.tests.test_date_utils.TestFormatDateAxes" name="test_empty_axes_list_does_not_error" time="0.001" /><testcase classname="causalpy.tests.test_date_utils.TestFormatDateAxes" name="test_formats_only_bottom_axis" time="0.012" /><testcase classname="causalpy.tests.test_default_models" name="test_experiment_uses_default_model_when_model_is_none[DifferenceInDifferences]" time="0.398" /><testcase classname="causalpy.tests.test_default_models" name="test_experiment_uses_default_model_when_model_is_none[InterruptedTimeSeries]" time="0.327" /><testcase classname="causalpy.tests.test_default_models" name="test_experiment_uses_default_model_when_model_is_none[RegressionDiscontinuity]" time="0.166" /><testcase classname="causalpy.tests.test_default_models" name="test_experiment_uses_default_model_when_model_is_none[RegressionKink]" time="0.157" /><testcase classname="causalpy.tests.test_default_models" name="test_experiment_uses_default_model_when_model_is_none[PrePostNEGD]" time="0.146" /><testcase classname="causalpy.tests.test_default_models" name="test_experiment_uses_default_model_when_model_is_none[SyntheticControl]" time="0.184" /><testcase classname="causalpy.tests.test_default_models" name="test_experiment_uses_default_model_when_model_is_none[StaggeredDifferenceInDifferences]" time="0.250" /><testcase classname="causalpy.tests.test_default_models" name="test_experiment_uses_default_model_when_model_is_none[InstrumentalVariable]" time="0.536" /><testcase classname="causalpy.tests.test_default_models" name="test_experiment_uses_default_model_when_model_is_none[InversePropensityWeighting]" time="0.201" /><testcase classname="causalpy.tests.test_default_models" name="test_missing_default_model_class_raises_valueerror" time="0.001" /><testcase classname="causalpy.tests.test_default_models" name="test_explicit_model_takes_precedence_over_default" time="0.155" /><testcase classname="causalpy.tests.test_deprecated_design_aliases" name="test_deprecated_alias_did[X-design-X]" time="0.024" /><testcase classname="causalpy.tests.test_deprecated_design_aliases" name="test_deprecated_alias_did[y-design-y]" time="0.017" /><testcase classname="causalpy.tests.test_deprecated_design_aliases" name="test_deprecated_alias_rd[X-design-X]" time="0.010" /><testcase classname="causalpy.tests.test_deprecated_design_aliases" name="test_deprecated_alias_rd[y-design-y]" time="0.010" /><testcase classname="causalpy.tests.test_deprecated_design_aliases" name="test_deprecated_alias_its[pre_X-pre_design-X]" time="0.165" /><testcase classname="causalpy.tests.test_deprecated_design_aliases" name="test_deprecated_alias_its[pre_y-pre_design-y]" time="0.158" /><testcase classname="causalpy.tests.test_deprecated_design_aliases" name="test_deprecated_alias_its[post_X-post_design-X]" time="0.169" /><testcase classname="causalpy.tests.test_deprecated_design_aliases" name="test_deprecated_alias_its[post_y-post_design-y]" time="0.183" /><testcase classname="causalpy.tests.test_deprecated_design_aliases" name="test_deprecated_alias_sc[datapre_control-pre_design-control]" time="0.235" /><testcase classname="causalpy.tests.test_deprecated_design_aliases" name="test_deprecated_alias_sc[datapre_treated-pre_design-treated]" time="0.177" /><testcase classname="causalpy.tests.test_deprecated_design_aliases" name="test_deprecated_alias_sc[datapost_control-post_design-control]" time="0.167" /><testcase classname="causalpy.tests.test_deprecated_design_aliases" name="test_deprecated_alias_sc[datapost_treated-post_design-treated]" time="0.172" /><testcase classname="causalpy.tests.test_deprecated_design_aliases" name="test_deprecated_alias_sdid[datapre_control-pre_design-control]" time="0.274" /><testcase classname="causalpy.tests.test_deprecated_design_aliases" name="test_deprecated_alias_sdid[datapre_treated-pre_design-treated]" time="0.251" /><testcase classname="causalpy.tests.test_deprecated_design_aliases" name="test_deprecated_alias_sdid[datapost_control-post_design-control]" time="0.258" /><testcase classname="causalpy.tests.test_deprecated_design_aliases" name="test_deprecated_alias_sdid[datapost_treated-post_design-treated]" time="0.248" /><testcase classname="causalpy.tests.test_deprecated_design_aliases" name="test_convex_hull_check_no_deprecation_warning" time="0.172" /><testcase classname="causalpy.tests.test_deprecated_design_aliases" name="test_attribute_error_for_missing" time="0.020" /><testcase classname="causalpy.tests.test_generate_report.TestGenerateReport" name="test_satisfies_step_protocol" time="0.010" /><testcase classname="causalpy.tests.test_generate_report.TestGenerateReport" name="test_run_produces_html" time="0.418" /><testcase classname="causalpy.tests.test_generate_report.TestGenerateReport" name="test_includes_effect_summary" time="0.344" /><testcase classname="causalpy.tests.test_generate_report.TestGenerateReport" name="test_excludes_effect_summary_when_disabled" time="0.246" /><testcase classname="causalpy.tests.test_generate_report.TestGenerateReport" name="test_includes_sensitivity_results" time="0.243" /><testcase classname="causalpy.tests.test_generate_report.TestGenerateReport" name="test_handles_failing_check" time="0.246" /><testcase classname="causalpy.tests.test_generate_report.TestGenerateReport" name="test_handles_informational_check" time="0.250" /><testcase classname="causalpy.tests.test_generate_report.TestGenerateReport" name="test_handles_empty_context" time="0.011" /><testcase classname="causalpy.tests.test_generate_report.TestGenerateReport" name="test_write_to_file" time="0.262" /><testcase classname="causalpy.tests.test_generate_report.TestGenerateReport" name="test_repr" time="0.002" /><testcase classname="causalpy.tests.test_generate_report.TestGenerateReport" name="test_validate_always_passes" time="0.001" /><testcase classname="causalpy.tests.test_generate_report.TestGenerateReport" name="test_handles_plot_rendering_failure" time="0.025" /><testcase classname="causalpy.tests.test_generate_report.TestGenerateReportPipelineIntegration" name="test_full_pipeline" time="0.032" /><testcase classname="causalpy.tests.test_generate_report.TestStandaloneGenerateReport" name="test_returns_html_string" time="0.029" /><testcase classname="causalpy.tests.test_generate_report.TestStandaloneGenerateReport" name="test_includes_effect_summary_by_default" time="0.023" /><testcase classname="causalpy.tests.test_generate_report.TestStandaloneGenerateReport" name="test_excludes_effect_summary_when_disabled" time="0.017" /><testcase classname="causalpy.tests.test_generate_report.TestStandaloneGenerateReport" name="test_writes_to_file" time="0.034" /><testcase classname="causalpy.tests.test_generate_report.TestStandaloneGenerateReport" name="test_includes_plots" time="0.244" /><testcase classname="causalpy.tests.test_hdi_prob_defaults" name="test_at_least_one_hdi_prob_defaulted_method_discovered" time="0.011" /><testcase classname="causalpy.tests.test_hdi_prob_defaults" name="test_hdi_prob_default_matches_constant[causalpy.experiments.regression_discontinuity.RegressionDiscontinuity.plot-fn]" time="0.002" /><testcase classname="causalpy.tests.test_hdi_prob_defaults" name="test_hdi_prob_default_matches_constant[causalpy.experiments.regression_kink.RegressionKink.plot-fn]" time="0.001" /><testcase classname="causalpy.tests.test_hdi_prob_defaults" name="test_hdi_prob_default_matches_constant[causalpy.experiments.synthetic_control.SyntheticControl.plot-fn]" time="0.001" /><testcase classname="causalpy.tests.test_hdi_prob_defaults" name="test_hdi_prob_default_matches_constant[causalpy.experiments.synthetic_control.SyntheticControl.get_plot_data_bayesian-fn]" time="0.001" /><testcase classname="causalpy.tests.test_hdi_prob_defaults" name="test_hdi_prob_default_matches_constant[causalpy.experiments.diff_in_diff.DifferenceInDifferences.plot-fn]" time="0.001" /><testcase classname="causalpy.tests.test_hdi_prob_defaults" name="test_hdi_prob_default_matches_constant[causalpy.experiments.interrupted_time_series.InterruptedTimeSeries.plot-fn]" time="0.001" /><testcase classname="causalpy.tests.test_hdi_prob_defaults" name="test_hdi_prob_default_matches_constant[causalpy.experiments.interrupted_time_series.InterruptedTimeSeries.get_plot_data_bayesian-fn]" time="0.001" /><testcase classname="causalpy.tests.test_hdi_prob_defaults" name="test_hdi_prob_default_matches_constant[causalpy.experiments.interrupted_time_series.InterruptedTimeSeries.analyze_persistence-fn]" time="0.001" /><testcase classname="causalpy.tests.test_hdi_prob_defaults" name="test_hdi_prob_default_matches_constant[causalpy.experiments.piecewise_its.PiecewiseITS.plot-fn]" time="0.001" /><testcase classname="causalpy.tests.test_hdi_prob_defaults" name="test_hdi_prob_default_matches_constant[causalpy.experiments.piecewise_its.PiecewiseITS.get_plot_data_bayesian-fn]" time="0.000" /><testcase classname="causalpy.tests.test_hdi_prob_defaults" name="test_hdi_prob_default_matches_constant[causalpy.experiments.staggered_did.StaggeredDifferenceInDifferences.get_plot_data_bayesian-fn]" time="0.001" /><testcase classname="causalpy.tests.test_hdi_prob_defaults" name="test_hdi_prob_default_matches_constant[causalpy.experiments.prepostnegd.PrePostNEGD.plot-fn]" time="0.001" /><testcase classname="causalpy.tests.test_hdi_prob_defaults" name="test_hdi_prob_default_matches_constant[causalpy.experiments.panel_regression.PanelRegression.plot-fn]" time="0.001" /><testcase classname="causalpy.tests.test_hdi_prob_defaults" name="test_hdi_prob_default_matches_constant[causalpy.experiments.panel_regression.PanelRegression.plot_coefficients-fn]" time="0.001" /><testcase classname="causalpy.tests.test_hdi_prob_defaults" name="test_hdi_prob_default_matches_constant[causalpy.experiments.panel_regression.PanelRegression.plot_trajectories-fn]" time="0.001" /><testcase classname="causalpy.tests.test_hdi_prob_defaults" name="test_hdi_prob_default_matches_constant[causalpy.plot_utils.plot_xY-fn]" time="0.001" /><testcase classname="causalpy.tests.test_hdi_prob_defaults" name="test_hdi_prob_default_matches_constant[causalpy.plot_utils.get_hdi_to_df-fn]" time="0.001" /><testcase classname="causalpy.tests.test_hdi_prob_wiring" name="test_its_plot_threads_hdi_prob[0.5]" time="0.279" /><testcase classname="causalpy.tests.test_hdi_prob_wiring" name="test_its_plot_threads_hdi_prob[0.75]" time="0.046" /><testcase classname="causalpy.tests.test_hdi_prob_wiring" name="test_its_plot_threads_hdi_prob[0.99]" time="0.043" /><testcase classname="causalpy.tests.test_hdi_prob_wiring" name="test_its_plot_default_hdi_prob" time="0.046" /><testcase classname="causalpy.tests.test_hdi_prob_wiring" name="test_sc_plot_threads_hdi_prob[0.5]" time="0.256" /><testcase classname="causalpy.tests.test_hdi_prob_wiring" name="test_sc_plot_threads_hdi_prob[0.75]" time="0.059" /><testcase classname="causalpy.tests.test_hdi_prob_wiring" name="test_sc_plot_threads_hdi_prob[0.99]" time="0.058" /><testcase classname="causalpy.tests.test_hdi_prob_wiring" name="test_sc_plot_default_hdi_prob" time="0.111" /><testcase classname="causalpy.tests.test_hdi_prob_wiring" name="test_did_plot_threads_hdi_prob[0.5]" time="0.203" /><testcase classname="causalpy.tests.test_hdi_prob_wiring" name="test_did_plot_threads_hdi_prob[0.75]" time="0.032" /><testcase classname="causalpy.tests.test_hdi_prob_wiring" name="test_did_plot_threads_hdi_prob[0.99]" time="0.031" /><testcase classname="causalpy.tests.test_hdi_prob_wiring" name="test_did_plot_default_hdi_prob" time="0.031" /><testcase classname="causalpy.tests.test_hdi_prob_wiring" name="test_rd_plot_threads_hdi_prob[0.5]" time="0.192" /><testcase classname="causalpy.tests.test_hdi_prob_wiring" name="test_rd_plot_threads_hdi_prob[0.75]" time="0.025" /><testcase classname="causalpy.tests.test_hdi_prob_wiring" name="test_rd_plot_threads_hdi_prob[0.99]" time="0.027" /><testcase classname="causalpy.tests.test_hdi_prob_wiring" name="test_rd_plot_default_hdi_prob" time="0.029" /><testcase classname="causalpy.tests.test_hdi_prob_wiring" name="test_rkink_plot_threads_hdi_prob[0.5]" time="0.196" /><testcase classname="causalpy.tests.test_hdi_prob_wiring" name="test_rkink_plot_threads_hdi_prob[0.75]" time="0.029" /><testcase classname="causalpy.tests.test_hdi_prob_wiring" name="test_rkink_plot_threads_hdi_prob[0.99]" time="0.026" /><testcase classname="causalpy.tests.test_hdi_prob_wiring" name="test_rkink_plot_default_hdi_prob" time="0.026" /><testcase classname="causalpy.tests.test_hdi_prob_wiring" name="test_prepost_plot_threads_hdi_prob[0.5]" time="2.938" /><testcase classname="causalpy.tests.test_hdi_prob_wiring" name="test_prepost_plot_threads_hdi_prob[0.75]" time="0.038" /><testcase classname="causalpy.tests.test_hdi_prob_wiring" name="test_prepost_plot_threads_hdi_prob[0.99]" time="0.038" /><testcase classname="causalpy.tests.test_hdi_prob_wiring" name="test_prepost_plot_default_hdi_prob" time="0.038" /><testcase classname="causalpy.tests.test_hdi_prob_wiring" name="test_piecewise_plot_threads_hdi_prob[0.5]" time="0.294" /><testcase classname="causalpy.tests.test_hdi_prob_wiring" name="test_piecewise_plot_threads_hdi_prob[0.75]" time="0.080" /><testcase classname="causalpy.tests.test_hdi_prob_wiring" name="test_piecewise_plot_threads_hdi_prob[0.99]" time="0.087" /><testcase classname="causalpy.tests.test_hdi_prob_wiring" name="test_piecewise_plot_default_hdi_prob" time="0.090" /><testcase classname="causalpy.tests.test_hdi_prob_wiring" name="test_panel_plot_threads_hdi_prob[0.5]" time="0.166" /><testcase classname="causalpy.tests.test_hdi_prob_wiring" name="test_panel_plot_threads_hdi_prob[0.75]" time="0.043" /><testcase classname="causalpy.tests.test_hdi_prob_wiring" name="test_panel_plot_threads_hdi_prob[0.99]" time="0.045" /><testcase classname="causalpy.tests.test_hdi_prob_wiring" name="test_panel_plot_default_hdi_prob" time="0.113" /><testcase classname="causalpy.tests.test_hdi_prob_wiring" name="test_staggered_plot_uses_cached_hdi_prob" time="0.236" /><testcase classname="causalpy.tests.test_hdi_prob_wiring" name="test_staggered_plot_rejects_mismatched_hdi_prob" time="0.002" /><testcase classname="causalpy.tests.test_hdi_prob_wiring" name="test_staggered_group_time_plot_rejects_mismatched_hdi_prob" time="0.002" /><testcase classname="causalpy.tests.test_input_validation" name="test_did_validation_post_treatment_formula" time="0.028" /><testcase classname="causalpy.tests.test_input_validation" name="test_did_validation_post_treatment_data" time="0.003" /><testcase classname="causalpy.tests.test_input_validation" name="test_did_validation_unit_data" time="0.002" /><testcase classname="causalpy.tests.test_input_validation" name="test_did_validation_group_dummy_coded" time="0.003" /><testcase classname="causalpy.tests.test_input_validation" name="test_sc_input_error" time="0.005" /><testcase classname="causalpy.tests.test_input_validation" name="test_sc_ols_multiple_treated_units_error" time="0.002" /><testcase classname="causalpy.tests.test_input_validation" name="test_sc_brexit_input_error" time="0.005" /><testcase classname="causalpy.tests.test_input_validation" name="test_ancova_validation_2_levels" time="0.002" /><testcase classname="causalpy.tests.test_input_validation" name="test_rd_validation_treated_in_formula" time="0.002" /><testcase classname="causalpy.tests.test_input_validation" name="test_rd_validation_treated_is_dummy" time="0.003" /><testcase classname="causalpy.tests.test_input_validation" name="test_iv_treatment_var_is_present" time="0.002" /><testcase classname="causalpy.tests.test_input_validation" name="test_rkink_bandwidth_check" time="0.003" /><testcase classname="causalpy.tests.test_input_validation" name="test_rkink_epsilon_check" time="0.002" /><testcase classname="causalpy.tests.test_input_validation" name="test_regression_discontinuity_int_treatment" time="0.168" /><testcase classname="causalpy.tests.test_input_validation" name="test_regression_discontinuity_bool_treatment" time="0.167" /><testcase classname="causalpy.tests.test_input_validation" name="test_rd_donut_hole_zero_same_as_default" time="0.156" /><testcase classname="causalpy.tests.test_input_validation" name="test_rd_donut_hole_filters_data" time="0.164" /><testcase classname="causalpy.tests.test_input_validation" name="test_rd_donut_hole_with_bandwidth" time="0.162" /><testcase classname="causalpy.tests.test_input_validation" name="test_rd_donut_hole_validation_negative" time="0.002" /><testcase classname="causalpy.tests.test_input_validation" name="test_rd_donut_hole_validation_exceeds_bandwidth" time="0.002" /><testcase classname="causalpy.tests.test_input_validation" name="test_rd_running_variable_name_not_x" time="0.160" /><testcase classname="causalpy.tests.test_input_validation" name="test_rd_few_datapoints_warning" time="0.157" /><testcase classname="causalpy.tests.test_input_validation" name="test_rd_few_datapoints_warning_with_donut" time="0.152" /><testcase classname="causalpy.tests.test_input_validation" name="test_rd_unrecognized_model_type" time="0.002" /><testcase classname="causalpy.tests.test_input_validation" name="test_rd_ols_plot_with_donut_hole" time="0.047" /><testcase classname="causalpy.tests.test_input_validation" name="test_rd_bayesian_plot_with_donut_hole" time="0.189" /><testcase classname="causalpy.tests.test_input_validation" name="test_synthetic_control_convex_hull_warning" time="0.013" /><testcase classname="causalpy.tests.test_input_validation" name="test_synthetic_control_no_warning_when_assumption_satisfied" time="0.015" /><testcase classname="causalpy.tests.test_input_validation" name="test_synthetic_control_donor_correlation_warning" time="0.013" /><testcase classname="causalpy.tests.test_input_validation" name="test_synthetic_control_donor_correlation_no_warning" time="0.015" /><testcase classname="causalpy.tests.test_input_validation" name="test_synthetic_control_donor_correlation_custom_threshold" time="0.009" /><testcase classname="causalpy.tests.test_input_validation" name="test_synthetic_control_donor_correlation_warning_message_contents" time="0.015" /><testcase classname="causalpy.tests.test_input_validation" name="test_synthetic_control_donor_correlation_constant_donor" time="0.013" /><testcase classname="causalpy.tests.test_input_validation" name="test_synthetic_control_donor_correlation_invalid_threshold" time="0.002" /><testcase classname="causalpy.tests.test_instrumental_variable" name="test_iv_initialization" time="0.327" /><testcase classname="causalpy.tests.test_instrumental_variable" name="test_iv_design_matrices_shape" time="0.205" /><testcase classname="causalpy.tests.test_instrumental_variable" name="test_iv_labels_extracted" time="0.201" /><testcase classname="causalpy.tests.test_instrumental_variable" name="test_naive_ols_fit" time="0.200" /><testcase classname="causalpy.tests.test_instrumental_variable" name="test_2sls_fit" time="0.204" /><testcase classname="causalpy.tests.test_instrumental_variable" name="test_iv_missing_treatment_in_instruments_data" time="0.002" /><testcase classname="causalpy.tests.test_instrumental_variable" name="test_iv_missing_treatment_in_data" time="0.002" /><testcase classname="causalpy.tests.test_instrumental_variable" name="test_iv_continuous_treatment_warning" time="0.197" /><testcase classname="causalpy.tests.test_instrumental_variable" name="test_iv_binary_treatment_priors" time="0.123" /><testcase classname="causalpy.tests.test_instrumental_variable" name="test_iv_continuous_treatment_priors" time="0.201" /><testcase classname="causalpy.tests.test_instrumental_variable" name="test_iv_custom_priors" time="0.330" /><testcase classname="causalpy.tests.test_instrumental_variable" name="test_iv_variable_selection_priors[spike_and_slab-gamma_beta_t]" time="0.298" /><testcase classname="causalpy.tests.test_instrumental_variable" name="test_iv_variable_selection_priors[horseshoe-tau_beta_t]" time="0.277" /><testcase classname="causalpy.tests.test_instrumental_variable" name="test_iv_idata_structure" time="0.204" /><testcase classname="causalpy.tests.test_instrumental_variable" name="test_iv_coords_set" time="0.200" /><testcase classname="causalpy.tests.test_instrumental_variable" name="test_iv_not_implemented_methods[plot]" time="0.197" /><testcase classname="causalpy.tests.test_instrumental_variable" name="test_iv_not_implemented_methods[summary]" time="0.224" /><testcase classname="causalpy.tests.test_instrumental_variable" name="test_iv_not_implemented_methods[effect_summary]" time="0.309" /><testcase classname="causalpy.tests.test_instrumental_variable" name="test_iv_get_plot_data_not_implemented" time="0.206" /><testcase classname="causalpy.tests.test_instrumental_variable" name="test_iv_sample_predictive_distribution" time="0.475" /><testcase classname="causalpy.tests.test_instrumental_variable" name="test_iv_with_risk_data" time="0.200" /><testcase classname="causalpy.tests.test_integration_its_new_timeseries" name="test_its_with_bsts_model" time="0.002"><skipped type="pytest.skip" message="pymc-marketing optional for default BSTS components">C:\Users\PICHAU\Desktop\CausalPy\causalpy\tests\test_integration_its_new_timeseries.py:26: pymc-marketing optional for default BSTS components</skipped></testcase><testcase classname="causalpy.tests.test_integration_its_new_timeseries" name="test_its_with_state_space_model" time="46.961" /><testcase classname="causalpy.tests.test_integration_its_new_timeseries" name="test_state_space_predict_and_score" time="0.011"><skipped type="pytest.skip" message="pymc-extras is required for StateSpaceTimeSeries tests">C:\Users\PICHAU\Desktop\CausalPy\causalpy\tests\test_integration_its_new_timeseries.py:156: pymc-extras is required for StateSpaceTimeSeries tests</skipped></testcase><testcase classname="causalpy.tests.test_integration_its_new_timeseries" name="test_state_space_custom_components" time="0.002"><skipped type="pytest.skip" message="pymc-extras is required for StateSpaceTimeSeries tests">C:\Users\PICHAU\Desktop\CausalPy\causalpy\tests\test_integration_its_new_timeseries.py:215: pymc-extras is required for StateSpaceTimeSeries tests</skipped></testcase><testcase classname="causalpy.tests.test_integration_its_new_timeseries" name="test_state_space_error_conditions" time="0.005"><skipped type="pytest.skip" message="pymc-extras is required for StateSpaceTimeSeries tests">C:\Users\PICHAU\Desktop\CausalPy\causalpy\tests\test_integration_its_new_timeseries.py:252: pymc-extras is required for StateSpaceTimeSeries tests</skipped></testcase><testcase classname="causalpy.tests.test_integration_pymc_examples" name="test_did" time="0.264" /><testcase classname="causalpy.tests.test_integration_pymc_examples" name="test_did_banks_simple" time="0.212" /><testcase classname="causalpy.tests.test_integration_pymc_examples" name="test_did_banks_multi" time="0.223" /><testcase classname="causalpy.tests.test_integration_pymc_examples" name="test_rd" time="0.216" /><testcase classname="causalpy.tests.test_integration_pymc_examples" name="test_rd_bandwidth" time="0.212" /><testcase classname="causalpy.tests.test_integration_pymc_examples" name="test_rd_bandwidth_custom_running_variable" time="0.237" /><testcase classname="causalpy.tests.test_integration_pymc_examples" name="test_rd_drinking" time="0.329" /><testcase classname="causalpy.tests.test_integration_pymc_examples" name="test_rkink" time="0.208" /><testcase classname="causalpy.tests.test_integration_pymc_examples" name="test_rkink_bandwidth" time="0.211" /><testcase classname="causalpy.tests.test_integration_pymc_examples" name="test_its" time="0.309" /><testcase classname="causalpy.tests.test_integration_pymc_examples" name="test_its_covid" time="0.343" /><testcase classname="causalpy.tests.test_integration_pymc_examples" name="test_its_single_post_observation_plot" time="0.247" /><testcase classname="causalpy.tests.test_integration_pymc_examples" name="test_sc" time="0.310" /><testcase classname="causalpy.tests.test_integration_pymc_examples" name="test_sc_softmax" time="0.365" /><testcase classname="causalpy.tests.test_integration_pymc_examples" name="test_sdid" time="0.432" /><testcase classname="causalpy.tests.test_integration_pymc_examples" name="test_sdid_datetime_index_and_effect_summary" time="0.383" /><testcase classname="causalpy.tests.test_integration_pymc_examples" name="test_sc_brexit" time="0.262" /><testcase classname="causalpy.tests.test_integration_pymc_examples" name="test_ancova" time="0.193" /><testcase classname="causalpy.tests.test_integration_pymc_examples" name="test_geolift1" time="0.249" /><testcase classname="causalpy.tests.test_integration_pymc_examples" name="test_iv_reg" time="0.486" /><testcase classname="causalpy.tests.test_integration_pymc_examples" name="test_iv_binary_treatment" time="0.932" /><testcase classname="causalpy.tests.test_integration_pymc_examples" name="test_iv_reg_vs_prior" time="0.930" /><testcase classname="causalpy.tests.test_integration_pymc_examples" name="test_iv_reg_vs_prior_hs" time="0.841" /><testcase classname="causalpy.tests.test_integration_pymc_examples" name="test_inverse_prop" time="2.225" /><testcase classname="causalpy.tests.test_integration_pymc_examples" name="test_bayesian_structural_time_series" time="0.002"><skipped type="pytest.skip" message="pymc-marketing optional for default BSTS components">C:\Users\PICHAU\Desktop\CausalPy\causalpy\tests\test_integration_pymc_examples.py:1075: pymc-marketing optional for default BSTS components</skipped></testcase><testcase classname="causalpy.tests.test_integration_pymc_examples" name="test_state_space_time_series" time="96.596" /><testcase classname="causalpy.tests.test_integration_pymc_examples.TestSyntheticControlMultiUnit" name="test_multi_unit_initialization" time="0.268" /><testcase classname="causalpy.tests.test_integration_pymc_examples.TestSyntheticControlMultiUnit" name="test_multi_unit_scoring" time="0.217" /><testcase classname="causalpy.tests.test_integration_pymc_examples.TestSyntheticControlMultiUnit" name="test_multi_unit_summary" time="0.232" /><testcase classname="causalpy.tests.test_integration_pymc_examples.TestSyntheticControlMultiUnit" name="test_single_unit_backward_compatibility" time="0.178" /><testcase classname="causalpy.tests.test_integration_pymc_examples.TestSyntheticControlMultiUnit" name="test_multi_unit_plotting" time="0.447" /><testcase classname="causalpy.tests.test_integration_pymc_examples.TestSyntheticControlMultiUnit" name="test_multi_unit_plot_data" time="0.406" /><testcase classname="causalpy.tests.test_integration_pymc_examples.TestSyntheticControlMultiUnit" name="test_multi_unit_plotting_invalid_unit" time="0.194" /><testcase classname="causalpy.tests.test_integration_skl_examples" name="test_did" time="0.073" /><testcase classname="causalpy.tests.test_integration_skl_examples" name="test_rd_drinking" time="0.040" /><testcase classname="causalpy.tests.test_integration_skl_examples" name="test_its" time="0.056" /><testcase classname="causalpy.tests.test_integration_skl_examples" name="test_sc" time="0.084" /><testcase classname="causalpy.tests.test_integration_skl_examples" name="test_sc_datetime_treatment_time_plot" time="0.041" /><testcase classname="causalpy.tests.test_integration_skl_examples" name="test_sc_convert_treatment_time_for_axis_fallback[TypeError]" time="0.003" /><testcase classname="causalpy.tests.test_integration_skl_examples" name="test_sc_convert_treatment_time_for_axis_fallback[ValueError]" time="0.001" /><testcase classname="causalpy.tests.test_integration_skl_examples" name="test_rd_linear_main_effects" time="0.053" /><testcase classname="causalpy.tests.test_integration_skl_examples" name="test_rd_linear_main_effects_bandwidth" time="0.047" /><testcase classname="causalpy.tests.test_integration_skl_examples" name="test_rd_linear_main_effects_bandwidth_custom_running_variable" time="0.050" /><testcase classname="causalpy.tests.test_integration_skl_examples" name="test_rd_linear_with_interaction" time="0.039" /><testcase classname="causalpy.tests.test_integration_skl_examples" name="test_rd_linear_with_gaussian_process" time="0.086" /><testcase classname="causalpy.tests.test_ipw_extreme_ps.TestPlotAteExtremeScores" name="test_plot_ate_no_crash[raw]" time="0.555" /><testcase classname="causalpy.tests.test_ipw_extreme_ps.TestPlotAteExtremeScores" name="test_plot_ate_no_crash[robust]" time="0.310" /><testcase classname="causalpy.tests.test_ipw_extreme_ps.TestPlotAteExtremeScores" name="test_plot_ate_no_crash[overlap]" time="0.470" /><testcase classname="causalpy.tests.test_ipw_extreme_ps.TestPlotBalanceEcdfExtremeScores" name="test_plot_balance_ecdf_no_crash[raw]" time="0.557" /><testcase classname="causalpy.tests.test_ipw_extreme_ps.TestPlotBalanceEcdfExtremeScores" name="test_plot_balance_ecdf_no_crash[robust]" time="0.553" /><testcase classname="causalpy.tests.test_ipw_extreme_ps.TestPlotBalanceEcdfExtremeScores" name="test_plot_balance_ecdf_no_crash[overlap]" time="0.560" /><testcase classname="causalpy.tests.test_ipw_extreme_ps.TestPreparePs" name="test_clips_zeros" time="0.003" /><testcase classname="causalpy.tests.test_ipw_extreme_ps.TestPreparePs" name="test_warns_on_extreme" time="0.001" /><testcase classname="causalpy.tests.test_ipw_extreme_ps.TestPreparePs" name="test_no_warn_on_safe" time="0.001" /><testcase classname="causalpy.tests.test_ipw_get_ate.TestComputeAteRobust" name="test_returns_tuple_of_three_floats" time="0.233" /><testcase classname="causalpy.tests.test_ipw_get_ate.TestComputeAteRobust" name="test_ate_equals_trt_minus_ntrt" time="0.009" /><testcase classname="causalpy.tests.test_ipw_get_ate.TestComputeAteRaw" name="test_returns_tuple_of_three_floats" time="0.021" /><testcase classname="causalpy.tests.test_ipw_get_ate.TestComputeAteRaw" name="test_ate_equals_trt_minus_ntrt" time="0.008" /><testcase classname="causalpy.tests.test_ipw_get_ate.TestComputeAteOverlap" name="test_returns_tuple_of_three_floats" time="0.012" /><testcase classname="causalpy.tests.test_ipw_get_ate.TestComputeAteOverlap" name="test_ate_equals_trt_minus_ntrt" time="0.009" /><testcase classname="causalpy.tests.test_ipw_get_ate.TestComputeAteDoublyRobust" name="test_returns_tuple_of_three_floats" time="0.016" /><testcase classname="causalpy.tests.test_ipw_get_ate.TestComputeAteDoublyRobust" name="test_ate_equals_trt_minus_ntrt" time="0.011" /><testcase classname="causalpy.tests.test_ipw_get_ate.TestGetAteDispatch" name="test_get_ate_dispatches_to_robust" time="0.019" /><testcase classname="causalpy.tests.test_ipw_get_ate.TestGetAteDispatch" name="test_get_ate_dispatches_to_raw" time="0.018" /><testcase classname="causalpy.tests.test_ipw_get_ate.TestGetAteDispatch" name="test_get_ate_dispatches_to_overlap" time="0.019" /><testcase classname="causalpy.tests.test_ipw_get_ate.TestGetAteDispatch" name="test_get_ate_dispatches_to_doubly_robust_by_default" time="0.030" /><testcase classname="causalpy.tests.test_ipw_get_ate.TestGetAteDispatch" name="test_get_ate_with_explicit_doubly_robust" time="0.024" /><testcase classname="causalpy.tests.test_ipw_get_ate.TestGetAteDispatch" name="test_get_ate_with_unknown_method_falls_back_to_doubly_robust" time="0.032" /><testcase classname="causalpy.tests.test_ipw_get_ate.TestDesignInfoAttributes" name="test_t_design_info_is_treatment_side" time="0.004" /><testcase classname="causalpy.tests.test_ipw_get_ate.TestDesignInfoAttributes" name="test_x_design_info_is_covariate_side" time="0.008" /><testcase classname="causalpy.tests.test_ipw_get_ate.TestDesignInfoAttributes" name="test_t_and_x_design_info_are_distinct" time="0.004" /><testcase classname="causalpy.tests.test_its_effect_summary" name="test_effect_summary_2period_pymc_datetime" time="0.235" /><testcase classname="causalpy.tests.test_its_effect_summary" name="test_effect_summary_2period_ols_datetime" time="0.026" /><testcase classname="causalpy.tests.test_its_effect_summary" name="test_effect_summary_2period_pymc_integer" time="0.200" /><testcase classname="causalpy.tests.test_its_effect_summary" name="test_effect_summary_2period_ols_integer" time="0.016" /><testcase classname="causalpy.tests.test_its_effect_summary" name="test_effect_summary_2period_with_window" time="0.201" /><testcase classname="causalpy.tests.test_its_effect_summary" name="test_effect_summary_2period_with_parameters" time="0.225" /><testcase classname="causalpy.tests.test_its_effect_summary" name="test_effect_summary_3period_intervention_pymc_datetime" time="0.215" /><testcase classname="causalpy.tests.test_its_effect_summary" name="test_effect_summary_3period_intervention_ols_datetime" time="0.029" /><testcase classname="causalpy.tests.test_its_effect_summary" name="test_effect_summary_3period_intervention_pymc_integer" time="0.198" /><testcase classname="causalpy.tests.test_its_effect_summary" name="test_effect_summary_3period_intervention_ols_integer" time="0.019" /><testcase classname="causalpy.tests.test_its_effect_summary" name="test_effect_summary_3period_post_pymc_datetime" time="0.228" /><testcase classname="causalpy.tests.test_its_effect_summary" name="test_effect_summary_3period_post_ols_datetime" time="0.034" /><testcase classname="causalpy.tests.test_its_effect_summary" name="test_effect_summary_3period_post_pymc_integer" time="0.259" /><testcase classname="causalpy.tests.test_its_effect_summary" name="test_effect_summary_3period_post_ols_integer" time="0.027" /><testcase classname="causalpy.tests.test_its_effect_summary" name="test_effect_summary_3period_comparison_pymc_datetime" time="0.373" /><testcase classname="causalpy.tests.test_its_effect_summary" name="test_effect_summary_3period_comparison_ols_datetime" time="0.039" /><testcase classname="causalpy.tests.test_its_effect_summary" name="test_effect_summary_3period_comparison_pymc_integer" time="0.193" /><testcase classname="causalpy.tests.test_its_effect_summary" name="test_effect_summary_3period_comparison_ols_integer" time="0.021" /><testcase classname="causalpy.tests.test_its_effect_summary" name="test_effect_summary_3period_default_pymc" time="0.216" /><testcase classname="causalpy.tests.test_its_effect_summary" name="test_effect_summary_3period_default_ols" time="0.028" /><testcase classname="causalpy.tests.test_its_effect_summary" name="test_effect_summary_3period_intervention_with_parameters" time="0.230" /><testcase classname="causalpy.tests.test_its_effect_summary" name="test_effect_summary_3period_post_with_parameters" time="0.218" /><testcase classname="causalpy.tests.test_its_effect_summary" name="test_effect_summary_period_without_treatment_end_time_raises_error" time="0.191" /><testcase classname="causalpy.tests.test_its_effect_summary" name="test_effect_summary_invalid_period_raises_error" time="0.192" /><testcase classname="causalpy.tests.test_its_effect_summary" name="test_effect_summary_3period_consistency_pymc" time="0.221" /><testcase classname="causalpy.tests.test_its_effect_summary" name="test_effect_summary_3period_consistency_ols" time="0.036" /><testcase classname="causalpy.tests.test_maketables_plugin" name="test_maketables_coef_table_pymc_contract" time="0.228" /><testcase classname="causalpy.tests.test_maketables_plugin" name="test_maketables_coef_table_sklearn_contract" time="0.030" /><testcase classname="causalpy.tests.test_maketables_plugin" name="test_maketables_multi_treated_unit_requires_explicit_selection" time="0.197" /><testcase classname="causalpy.tests.test_maketables_plugin" name="test_maketables_stat_and_metadata_hooks" time="0.029" /><testcase classname="causalpy.tests.test_maketables_plugin" name="test_maketables_depvar_fallback_for_ipw" time="0.161" /><testcase classname="causalpy.tests.test_maketables_plugin" name="test_maketables_hdi_prob_user_control" time="0.192" /><testcase classname="causalpy.tests.test_maketables_plugin" name="test_maketables_hdi_prob_validation" time="0.220" /><testcase classname="causalpy.tests.test_maketables_plugin" name="test_maketables_prepostnegd_pymc_contract" time="0.266" /><testcase classname="causalpy.tests.test_maketables_plugin" name="test_maketables_regression_kink_pymc_contract" time="0.361" /><testcase classname="causalpy.tests.test_maketables_plugin" name="test_maketables_piecewise_its_pymc_contract" time="0.213" /><testcase classname="causalpy.tests.test_maketables_plugin" name="test_maketables_staggered_did_pymc_contract" time="0.211" /><testcase classname="causalpy.tests.test_maketables_plugin" name="test_maketables_interrupted_time_series_pymc_contract" time="0.207" /><testcase classname="causalpy.tests.test_maketables_plugin" name="test_maketables_regression_discontinuity_pymc_contract" time="0.194" /><testcase classname="causalpy.tests.test_maketables_plugin" name="test_maketables_synthetic_control_single_treated_pymc_contract" time="0.211" /><testcase classname="causalpy.tests.test_maketables_plugin" name="test_maketables_inverse_propensity_weighting_pymc_contract" time="0.208" /><testcase classname="causalpy.tests.test_maketables_plugin" name="test_maketables_instrumental_variable_pymc_contract" time="0.233" /><testcase classname="causalpy.tests.test_maketables_plugin" name="test_maketables_interrupted_time_series_sklearn_contract" time="0.027" /><testcase classname="causalpy.tests.test_maketables_plugin" name="test_maketables_regression_discontinuity_sklearn_contract" time="0.016" /><testcase classname="causalpy.tests.test_maketables_plugin" name="test_maketables_piecewise_its_sklearn_contract" time="0.014" /><testcase classname="causalpy.tests.test_maketables_plugin" name="test_maketables_synthetic_control_single_treated_sklearn_contract" time="0.025" /><testcase classname="causalpy.tests.test_maketables_plugin" name="test_maketables_staggered_did_sklearn_contract" time="0.067" /><testcase classname="causalpy.tests.test_maketables_plugin" name="test_maketables_missing_pymc_coef_variable_raises" time="0.183" /><testcase classname="causalpy.tests.test_maketables_plugin" name="test_maketables_incompatible_pymc_label_dim_raises" time="0.182" /><testcase classname="causalpy.tests.test_maketables_plugin.TestSafeObservationCount" name="test_returns_count_from_data_attr" time="0.002" /><testcase classname="causalpy.tests.test_maketables_plugin.TestSafeObservationCount" name="test_returns_count_from_design_dataset" time="0.002" /><testcase classname="causalpy.tests.test_maketables_plugin.TestSafeObservationCount" name="test_returns_none_when_no_attrs" time="0.002" /><testcase classname="causalpy.tests.test_maketables_plugin.TestSafeObservationCount" name="test_skips_none_attrs" time="0.002" /><testcase classname="causalpy.tests.test_maketables_plugin.TestSafeObservationCount" name="test_skips_attr_without_shape" time="0.002" /><testcase classname="causalpy.tests.test_maketables_plugin.TestSafeObservationCount" name="test_skips_empty_shape" time="0.002" /><testcase classname="causalpy.tests.test_maketables_plugin.TestSafeR2Value" name="test_returns_none_when_no_score" time="0.002" /><testcase classname="causalpy.tests.test_maketables_plugin.TestSafeR2Value" name="test_returns_none_when_score_is_none" time="0.004" /><testcase classname="causalpy.tests.test_maketables_plugin.TestSafeR2Value" name="test_returns_float_for_numeric_score" time="0.003" /><testcase classname="causalpy.tests.test_maketables_plugin.TestSafeR2Value" name="test_returns_float_for_numpy_int" time="0.004" /><testcase classname="causalpy.tests.test_maketables_plugin.TestSafeR2Value" name="test_series_with_r2_key" time="0.003" /><testcase classname="causalpy.tests.test_maketables_plugin.TestSafeR2Value" name="test_series_with_no_r2_keys" time="0.004" /><testcase classname="causalpy.tests.test_maketables_plugin.TestSafeR2Value" name="test_series_with_only_nan_r2" time="0.004" /><testcase classname="causalpy.tests.test_maketables_plugin.TestSafeR2Value" name="test_returns_none_for_string_score" time="0.002" /><testcase classname="causalpy.tests.test_maketables_plugin.TestSafeR2Value" name="test_returns_none_for_dict_score" time="0.006" /><testcase classname="causalpy.tests.test_maketables_plugin.TestSafeR2Value" name="test_exception_in_series_ops_returns_none" time="0.005" /><testcase classname="causalpy.tests.test_maketables_plugin.TestCanonicalFrame" name="test_fills_nan_when_ci_not_provided" time="0.004" /><testcase classname="causalpy.tests.test_maketables_plugin.TestExtractHdiBoundsDataArray" name="test_dataarray_path" time="0.008" /><testcase classname="causalpy.tests.test_maketables_plugin.TestExtractHdiBoundsDataArray" name="test_dataset_with_explicit_var" time="0.005" /><testcase classname="causalpy.tests.test_maketables_plugin.TestExtractHdiBoundsDataArray" name="test_dataset_without_var_name_uses_first" time="0.006" /><testcase classname="causalpy.tests.test_maketables_plugin.TestExtractHdiBoundsDataArray" name="test_dataset_with_missing_var_name_uses_first" time="0.005" /><testcase classname="causalpy.tests.test_maketables_plugin.TestGetMaketablesHdiProb" name="test_explicit_override" time="0.005" /><testcase classname="causalpy.tests.test_maketables_plugin.TestGetMaketablesHdiProb" name="test_fallback_to_hdi_prob_attr" time="0.003" /><testcase classname="causalpy.tests.test_maketables_plugin.TestGetMaketablesHdiProb" name="test_default_094" time="0.003" /><testcase classname="causalpy.tests.test_maketables_plugin.TestGetMaketablesHdiProb" name="test_none_hdi_prob_attr_falls_to_default" time="0.003" /><testcase classname="causalpy.tests.test_maketables_plugin.TestGetMaketablesHdiProb" name="test_non_convertible_raises" time="0.001" /><testcase classname="causalpy.tests.test_maketables_plugin.TestGetMaketablesHdiProb" name="test_out_of_range_raises" time="0.001" /><testcase classname="causalpy.tests.test_maketables_plugin.TestGetMaketablesHdiProb" name="test_zero_raises" time="0.001" /><testcase classname="causalpy.tests.test_maketables_plugin.TestGetMaketablesAdapter" name="test_unsupported_model_raises" time="0.001" /><testcase classname="causalpy.tests.test_maketables_plugin.TestSklearnAdapterUnit" name="test_coef_table_success" time="0.006" /><testcase classname="causalpy.tests.test_maketables_plugin.TestSklearnAdapterUnit" name="test_stat_returns_expected_keys" time="0.009" /><testcase classname="causalpy.tests.test_maketables_plugin.TestSklearnAdapterUnit" name="test_vcov_info" time="0.002" /><testcase classname="causalpy.tests.test_maketables_plugin.TestSklearnAdapterUnit" name="test_stat_labels" time="0.003" /><testcase classname="causalpy.tests.test_maketables_plugin.TestSklearnAdapterUnit" name="test_default_stat_keys_includes_r2_when_available" time="0.003" /><testcase classname="causalpy.tests.test_maketables_plugin.TestSklearnAdapterUnit" name="test_default_stat_keys_excludes_r2_when_none" time="0.002" /><testcase classname="causalpy.tests.test_maketables_plugin.TestSklearnAdapterCoefMismatch" name="test_coef_count_mismatch_raises" time="0.001" /><testcase classname="causalpy.tests.test_maketables_plugin.TestSklearnAdapterNoLabelsRaises" name="test_empty_labels_raises" time="0.002" /><testcase classname="causalpy.tests.test_maketables_plugin" name="test_maketables_pymc_stat_hooks" time="0.196" /><testcase classname="causalpy.tests.test_maketables_plugin" name="test_maketables_pymc_no_labels_raises" time="0.001" /><testcase classname="causalpy.tests.test_method_specific_checks.TestBandwidthSensitivity" name="test_satisfies_check_protocol" time="0.014" /><testcase classname="causalpy.tests.test_method_specific_checks.TestBandwidthSensitivity" name="test_applicable_methods" time="0.002" /><testcase classname="causalpy.tests.test_method_specific_checks.TestBandwidthSensitivity" name="test_validate_rejects_non_rd" time="0.011" /><testcase classname="causalpy.tests.test_method_specific_checks.TestBandwidthSensitivity" name="test_run_on_rd" time="0.040" /><testcase classname="causalpy.tests.test_method_specific_checks.TestLeaveOneOut" name="test_satisfies_check_protocol" time="0.002" /><testcase classname="causalpy.tests.test_method_specific_checks.TestLeaveOneOut" name="test_applicable_methods" time="0.002" /><testcase classname="causalpy.tests.test_method_specific_checks.TestLeaveOneOut" name="test_validate_rejects_non_sc" time="0.013" /><testcase classname="causalpy.tests.test_method_specific_checks.TestLeaveOneOut" name="test_run_on_sc" time="0.122" /><testcase classname="causalpy.tests.test_method_specific_checks.TestPlaceboInSpace" name="test_satisfies_check_protocol" time="0.002" /><testcase classname="causalpy.tests.test_method_specific_checks.TestPlaceboInSpace" name="test_applicable_methods" time="0.002" /><testcase classname="causalpy.tests.test_method_specific_checks.TestPlaceboInSpace" name="test_validate_rejects_non_sc" time="0.015" /><testcase classname="causalpy.tests.test_method_specific_checks.TestPlaceboInSpace" name="test_run_on_sc" time="0.063" /><testcase classname="causalpy.tests.test_method_specific_checks.TestMcCraryDensityTest" name="test_satisfies_check_protocol" time="0.002" /><testcase classname="causalpy.tests.test_method_specific_checks.TestMcCraryDensityTest" name="test_applicable_methods" time="0.002" /><testcase classname="causalpy.tests.test_method_specific_checks.TestMcCraryDensityTest" name="test_validate_rejects_non_rd" time="0.013" /><testcase classname="causalpy.tests.test_method_specific_checks.TestMcCraryDensityTest" name="test_run_on_rd" time="0.019" /><testcase classname="causalpy.tests.test_method_specific_checks.TestMcCraryDensityTest" name="test_balanced_data_passes" time="0.018" /><testcase classname="causalpy.tests.test_method_specific_checks.TestMcCraryDensityTest" name="test_empty_data_returns_none_passed" time="0.004" /><testcase classname="causalpy.tests.test_method_specific_checks.TestBandwidthSensitivityEdgeCases" name="test_run_missing_experiment_config_raises" time="0.011" /><testcase classname="causalpy.tests.test_method_specific_checks.TestBandwidthSensitivityEdgeCases" name="test_run_handles_failing_bandwidth" time="0.018" /><testcase classname="causalpy.tests.test_method_specific_checks.TestBandwidthSensitivityEdgeCases" name="test_run_handles_fitting_exception" time="0.013" /><testcase classname="causalpy.tests.test_method_specific_checks.TestLeaveOneOutEdgeCases" name="test_run_missing_experiment_config_raises" time="0.018" /><testcase classname="causalpy.tests.test_method_specific_checks.TestLeaveOneOutEdgeCases" name="test_run_with_single_control" time="0.021" /><testcase classname="causalpy.tests.test_method_specific_checks.TestLeaveOneOutEdgeCases" name="test_run_handles_fitting_failure" time="0.022" /><testcase classname="causalpy.tests.test_method_specific_checks.TestPlaceboInSpaceEdgeCases" name="test_run_missing_experiment_config_raises" time="0.020" /><testcase classname="causalpy.tests.test_method_specific_checks.TestPlaceboInSpaceEdgeCases" name="test_run_with_single_control" time="0.020" /><testcase classname="causalpy.tests.test_method_specific_checks.TestPlaceboInSpaceEdgeCases" name="test_run_handles_fitting_failure" time="0.021" /><testcase classname="causalpy.tests.test_method_specific_checks.TestPlaceboInSpaceEdgeCases" name="test_run_skips_unit_with_no_donors" time="0.039" /><testcase classname="causalpy.tests.test_misc" name="test_regression_kink_gradient_change" time="0.028" /><testcase classname="causalpy.tests.test_model_adapter" name="test_make_model_adapter_default_pymc" time="0.008" /><testcase classname="causalpy.tests.test_model_adapter" name="test_make_model_adapter_explicit_pymc" time="0.003" /><testcase classname="causalpy.tests.test_model_adapter" name="test_make_model_adapter_sklearn_coercion_and_fit_intercept_warning" time="0.007" /><testcase classname="causalpy.tests.test_model_adapter" name="test_make_model_adapter_bayes_not_supported" time="0.001" /><testcase classname="causalpy.tests.test_model_adapter" name="test_make_model_adapter_ols_not_supported" time="0.001" /><testcase classname="causalpy.tests.test_model_adapter" name="test_make_model_adapter_no_model_no_default_raises" time="0.001" /><testcase classname="causalpy.tests.test_model_adapter" name="test_sklearn_adapter_idata_raises" time="0.001" /><testcase classname="causalpy.tests.test_model_adapter" name="test_sklearn_adapter_fit_predict_score" time="0.006" /><testcase classname="causalpy.tests.test_model_adapter" name="test_pymc_adapter_fit_predict_score" time="0.180" /><testcase classname="causalpy.tests.test_model_adapter" name="test_panel_regression_requires_explicit_model" time="0.002" /><testcase classname="causalpy.tests.test_model_adapter" name="test_base_experiment_exposes_model_backend" time="0.018" /><testcase classname="causalpy.tests.test_model_adapter_normalization" name="test_build_coords_defaults" time="0.014" /><testcase classname="causalpy.tests.test_model_adapter_normalization" name="test_build_coords_extra_and_treated_units" time="0.002" /><testcase classname="causalpy.tests.test_model_adapter_normalization" name="test_sklearn_adapter_2d_y_matches_1d_slice" time="0.019" /><testcase classname="causalpy.tests.test_model_adapter_normalization" name="test_sklearn_adapter_xarray_inputs_match_numpy" time="0.019" /><testcase classname="causalpy.tests.test_model_adapter_normalization" name="test_sklearn_adapter_predict_ignores_out_of_sample" time="0.004" /><testcase classname="causalpy.tests.test_model_experiment_compatability" name="test_olsmodel_and_regressionkink" time="0.004" /><testcase classname="causalpy.tests.test_model_experiment_compatability" name="test_olsmodel_and_iv" time="0.003" /><testcase classname="causalpy.tests.test_model_experiment_compatability" name="test_olsmodel_and_prepostnegd" time="0.002" /><testcase classname="causalpy.tests.test_model_experiment_compatability" name="test_olsmodel_and_ipw" time="0.006" /><testcase classname="causalpy.tests.test_notebook_validation" name="test_validate_notebooks_accepts_valid_notebook" time="0.271" /><testcase classname="causalpy.tests.test_notebook_validation" name="test_validate_notebooks_reports_schema_details_for_invalid_output" time="0.269" /><testcase classname="causalpy.tests.test_notebook_validation" name="test_docs_notebook_with_single_h1_passes" time="0.246" /><testcase classname="causalpy.tests.test_notebook_validation" name="test_docs_notebook_with_wrong_h1_count_fails[no_h1-cells0-0]" time="0.409" /><testcase classname="causalpy.tests.test_notebook_validation" name="test_docs_notebook_with_wrong_h1_count_fails[multiple_h1_in_one_cell-cells1-2]" time="0.263" /><testcase classname="causalpy.tests.test_notebook_validation" name="test_docs_notebook_with_wrong_h1_count_fails[multiple_h1_across_cells-cells2-3]" time="0.258" /><testcase classname="causalpy.tests.test_notebook_validation" name="test_docs_notebook_with_wrong_h1_count_fails[indented_h1-cells3-2]" time="0.262" /><testcase classname="causalpy.tests.test_notebook_validation" name="test_python_comments_in_code_cells_do_not_count_as_h1" time="0.263" /><testcase classname="causalpy.tests.test_notebook_validation" name="test_fenced_code_block_in_markdown_does_not_count_as_h1" time="0.253" /><testcase classname="causalpy.tests.test_notebook_validation" name="test_tilde_fenced_block_in_markdown_does_not_count_as_h1" time="0.287" /><testcase classname="causalpy.tests.test_notebook_validation" name="test_longer_fenced_block_can_contain_shorter_fence_and_h1_like_comment" time="0.255" /><testcase classname="causalpy.tests.test_notebook_validation" name="test_four_space_indented_hash_does_not_count_as_h1" time="0.246" /><testcase classname="causalpy.tests.test_notebook_validation" name="test_h1_check_only_applies_to_docs_notebooks" time="0.263" /><testcase classname="causalpy.tests.test_notebook_validation" name="test_all_docs_notebooks_pass_h1_check" time="1.222" /><testcase classname="causalpy.tests.test_outcome_falsification" name="test_construction_with_valid_formulas" time="0.019" /><testcase classname="causalpy.tests.test_outcome_falsification" name="test_construction_multiple_formulas" time="0.002" /><testcase classname="causalpy.tests.test_outcome_falsification" name="test_construction_custom_alpha" time="0.002" /><testcase classname="causalpy.tests.test_outcome_falsification" name="test_construction_empty_formulas_raises" time="0.001" /><testcase classname="causalpy.tests.test_outcome_falsification" name="test_construction_non_string_formula_raises" time="0.001" /><testcase classname="causalpy.tests.test_outcome_falsification" name="test_construction_invalid_alpha_zero_raises" time="0.001" /><testcase classname="causalpy.tests.test_outcome_falsification" name="test_construction_invalid_alpha_one_raises" time="0.001" /><testcase classname="causalpy.tests.test_outcome_falsification" name="test_satisfies_check_protocol" time="0.002" /><testcase classname="causalpy.tests.test_outcome_falsification" name="test_applicable_methods" time="0.003" /><testcase classname="causalpy.tests.test_outcome_falsification" name="test_repr" time="0.004" /><testcase classname="causalpy.tests.test_outcome_falsification" name="test_repr_hides_default_alpha" time="0.002" /><testcase classname="causalpy.tests.test_outcome_falsification" name="test_repr_hides_default_store_experiments" time="0.002" /><testcase classname="causalpy.tests.test_outcome_falsification" name="test_repr_shows_non_default_store_experiments" time="0.002" /><testcase classname="causalpy.tests.test_outcome_falsification" name="test_validate_rejects_ols_model" time="0.013" /><testcase classname="causalpy.tests.test_outcome_falsification" name="test_validate_rejects_no_formula" time="0.002" /><testcase classname="causalpy.tests.test_outcome_falsification" name="test_validate_accepts_pymc_its" time="0.198" /><testcase classname="causalpy.tests.test_outcome_falsification" name="test_run_produces_check_result" time="0.394" /><testcase classname="causalpy.tests.test_outcome_falsification" name="test_run_table_has_hdi_columns" time="0.387" /><testcase classname="causalpy.tests.test_outcome_falsification" name="test_run_with_multiple_formulas" time="0.573" /><testcase classname="causalpy.tests.test_outcome_falsification" name="test_run_handles_failed_formula" time="0.423" /><testcase classname="causalpy.tests.test_outcome_falsification" name="test_metadata_contains_results" time="0.398" /><testcase classname="causalpy.tests.test_outcome_falsification" name="test_store_experiments_false_drops_fitted_experiment" time="0.388" /><testcase classname="causalpy.tests.test_outcome_falsification" name="test_run_warns_when_many_formulas_with_store_experiments" time="1.017" /><testcase classname="causalpy.tests.test_outcome_falsification" name="test_run_does_not_warn_when_store_experiments_false" time="0.742" /><testcase classname="causalpy.tests.test_outcome_falsification" name="test_run_does_not_warn_for_few_formulas" time="0.577" /><testcase classname="causalpy.tests.test_outcome_falsification" name="test_text_contains_formula_and_effect" time="0.404" /><testcase classname="causalpy.tests.test_outcome_falsification" name="test_pipeline_integration" time="0.412" /><testcase classname="causalpy.tests.test_outcome_falsification" name="test_run_across_applicable_methods[did]" time="0.670" /><testcase classname="causalpy.tests.test_outcome_falsification" name="test_run_across_applicable_methods[piecewise_its]" time="0.399" /><testcase classname="causalpy.tests.test_panel_regression" name="test_panel_regression_pymc_dummies" time="0.217" /><testcase classname="causalpy.tests.test_panel_regression" name="test_panel_regression_pymc_demeaned" time="0.160" /><testcase classname="causalpy.tests.test_panel_regression" name="test_panel_regression_skl_dummies" time="0.042" /><testcase classname="causalpy.tests.test_panel_regression" name="test_panel_regression_skl_demeaned" time="0.044" /><testcase classname="causalpy.tests.test_panel_regression" name="test_panel_regression_validation_errors" time="0.005" /><testcase classname="causalpy.tests.test_panel_regression" name="test_panel_regression_plot_coefficients" time="0.174" /><testcase classname="causalpy.tests.test_panel_regression" name="test_panel_regression_plot_unit_effects" time="0.258" /><testcase classname="causalpy.tests.test_panel_regression" name="test_panel_regression_plot_trajectories" time="0.507" /><testcase classname="causalpy.tests.test_panel_regression" name="test_panel_regression_plot_residuals" time="0.243" /><testcase classname="causalpy.tests.test_panel_regression" name="test_panel_regression_get_plot_data" time="0.144" /><testcase classname="causalpy.tests.test_panel_regression" name="test_panel_regression_one_way_fe" time="0.015" /><testcase classname="causalpy.tests.test_panel_regression" name="test_panel_regression_two_way_fe" time="0.022" /><testcase classname="causalpy.tests.test_panel_regression" name="test_demean_transform_boolean_treatment" time="0.013" /><testcase classname="causalpy.tests.test_panel_regression" name="test_summary_ols_dummies_correct_coefficients" time="0.013" /><testcase classname="causalpy.tests.test_panel_regression" name="test_effect_summary_raises" time="0.013" /><testcase classname="causalpy.tests.test_panel_regression" name="test_plot_trajectories_select_extreme" time="0.144" /><testcase classname="causalpy.tests.test_panel_regression" name="test_plot_trajectories_select_high_variance" time="0.248" /><testcase classname="causalpy.tests.test_panel_regression" name="test_plot_coefficients_with_var_names" time="0.035" /><testcase classname="causalpy.tests.test_panel_regression" name="test_plot_coefficients_rejects_invalid_hdi_prob" time="0.009" /><testcase classname="causalpy.tests.test_panel_regression" name="test_group_means_from_original_data" time="0.016" /><testcase classname="causalpy.tests.test_panel_regression" name="test_plot_unit_effects_ols" time="0.041" /><testcase classname="causalpy.tests.test_panel_regression" name="test_plot_residuals_ols" time="0.040" /><testcase classname="causalpy.tests.test_panel_regression" name="test_plot_trajectories_all_units" time="0.204" /><testcase classname="causalpy.tests.test_panel_regression" name="test_plot_trajectories_single_unit" time="0.041" /><testcase classname="causalpy.tests.test_panel_regression" name="test_get_plot_data_bayesian_raises_on_ols" time="0.009" /><testcase classname="causalpy.tests.test_panel_regression" name="test_get_plot_data_ols_raises_on_pymc" time="0.100" /><testcase classname="causalpy.tests.test_panel_regression" name="test_plot_unit_effects_no_fe_labels" time="0.007" /><testcase classname="causalpy.tests.test_piecewise_its" name="test_step_transform_numeric" time="0.001" /><testcase classname="causalpy.tests.test_piecewise_its" name="test_step_transform_datetime" time="0.007" /><testcase classname="causalpy.tests.test_piecewise_its" name="test_ramp_transform_numeric" time="0.001" /><testcase classname="causalpy.tests.test_piecewise_its" name="test_ramp_transform_datetime" time="0.002" /><testcase classname="causalpy.tests.test_piecewise_its" name="test_transforms_with_patsy_dmatrix" time="0.000"><skipped type="pytest.skip" message="Known Python 3.13 + patsy + pytest interaction bug causes INTERNAL ERROR">C:\Users\PICHAU\Desktop\CausalPy\causalpy\tests\test_piecewise_its.py:110: Known Python 3.13 + patsy + pytest interaction bug causes INTERNAL ERROR</skipped></testcase><testcase classname="causalpy.tests.test_piecewise_its" name="test_transforms_with_patsy_datetime" time="0.000"><skipped type="pytest.skip" message="Known Python 3.13 + patsy + pytest interaction bug causes INTERNAL ERROR">C:\Users\PICHAU\Desktop\CausalPy\causalpy\tests\test_piecewise_its.py:139: Known Python 3.13 + patsy + pytest interaction bug causes INTERNAL ERROR</skipped></testcase><testcase classname="causalpy.tests.test_piecewise_its" name="test_generate_piecewise_its_data_single_interruption" time="0.037" /><testcase classname="causalpy.tests.test_piecewise_its" name="test_generate_piecewise_its_data_multiple_interruptions" time="0.006" /><testcase classname="causalpy.tests.test_piecewise_its" name="test_generate_piecewise_its_data_level_only" time="0.003" /><testcase classname="causalpy.tests.test_piecewise_its" name="test_generate_piecewise_its_data_slope_only" time="0.004" /><testcase classname="causalpy.tests.test_piecewise_its" name="test_generate_piecewise_its_data_effect_consistency" time="0.001" /><testcase classname="causalpy.tests.test_piecewise_its" name="test_generate_piecewise_its_data_invalid_interruption_time" time="0.001" /><testcase classname="causalpy.tests.test_piecewise_its" name="test_generate_piecewise_its_data_mismatched_lengths" time="0.001" /><testcase classname="causalpy.tests.test_piecewise_its" name="test_piecewise_its_no_step_or_ramp" time="0.002" /><testcase classname="causalpy.tests.test_piecewise_its" name="test_piecewise_its_missing_column" time="0.002" /><testcase classname="causalpy.tests.test_piecewise_its" name="test_piecewise_its_mixed_step_variables_fail_fast" time="0.003" /><testcase classname="causalpy.tests.test_piecewise_its" name="test_piecewise_its_invalid_datetime_threshold_fail_fast" time="0.003" /><testcase classname="causalpy.tests.test_piecewise_its" name="test_piecewise_its_invalid_numeric_threshold_fail_fast" time="0.002" /><testcase classname="causalpy.tests.test_piecewise_its" name="test_piecewise_its_ols_single_interruption" time="0.012" /><testcase classname="causalpy.tests.test_piecewise_its" name="test_piecewise_its_ols_multiple_interruptions" time="0.017" /><testcase classname="causalpy.tests.test_piecewise_its" name="test_piecewise_its_ols_level_only" time="0.012" /><testcase classname="causalpy.tests.test_piecewise_its" name="test_piecewise_its_ols_slope_only" time="0.012" /><testcase classname="causalpy.tests.test_piecewise_its" name="test_piecewise_its_ols_mixed_effects_per_intervention" time="0.014" /><testcase classname="causalpy.tests.test_piecewise_its" name="test_piecewise_its_ols_effect_consistency" time="0.008" /><testcase classname="causalpy.tests.test_piecewise_its" name="test_piecewise_its_ols_cumulative_effect" time="0.008" /><testcase classname="causalpy.tests.test_piecewise_its" name="test_piecewise_its_ols_plot" time="0.087" /><testcase classname="causalpy.tests.test_piecewise_its" name="test_piecewise_its_ols_get_plot_data" time="0.016" /><testcase classname="causalpy.tests.test_piecewise_its" name="test_piecewise_its_ols_summary" time="0.007" /><testcase classname="causalpy.tests.test_piecewise_its" name="test_piecewise_its_extract_interruption_times" time="0.012" /><testcase classname="causalpy.tests.test_piecewise_its" name="test_piecewise_its_pymc_single_interruption" time="0.166" /><testcase classname="causalpy.tests.test_piecewise_its" name="test_piecewise_its_pymc_multiple_interruptions" time="0.162" /><testcase classname="causalpy.tests.test_piecewise_its" name="test_piecewise_its_pymc_level_only" time="0.159" /><testcase classname="causalpy.tests.test_piecewise_its" name="test_piecewise_its_pymc_slope_only" time="0.162" /><testcase classname="causalpy.tests.test_piecewise_its" name="test_piecewise_its_pymc_plot" time="0.254" /><testcase classname="causalpy.tests.test_piecewise_its" name="test_piecewise_its_pymc_get_plot_data" time="0.173" /><testcase classname="causalpy.tests.test_piecewise_its" name="test_piecewise_its_pymc_summary" time="0.167" /><testcase classname="causalpy.tests.test_piecewise_its" name="test_piecewise_its_with_controls" time="0.012" /><testcase classname="causalpy.tests.test_piecewise_its" name="test_piecewise_its_with_categorical_control" time="0.012" /><testcase classname="causalpy.tests.test_piecewise_its" name="test_piecewise_its_datetime_time" time="0.016" /><testcase classname="causalpy.tests.test_piecewise_its" name="test_piecewise_its_datetime_multiple_interruptions" time="0.021" /><testcase classname="causalpy.tests.test_piecewise_its" name="test_piecewise_its_effect_summary_ols" time="0.028" /><testcase classname="causalpy.tests.test_piecewise_its" name="test_piecewise_its_effect_summary_pymc" time="0.215" /><testcase classname="causalpy.tests.test_piecewise_its" name="test_piecewise_its_effect_summary_period_not_supported" time="0.008" /><testcase classname="causalpy.tests.test_piecewise_its" name="test_piecewise_its_post_impact_attributes" time="0.027" /><testcase classname="causalpy.tests.test_piecewise_its" name="test_piecewise_its_class_attributes" time="0.004" /><testcase classname="causalpy.tests.test_piecewise_its" name="test_piecewise_its_instance_attributes" time="0.041" /><testcase classname="causalpy.tests.test_piecewise_its" name="test_piecewise_its_float_threshold" time="0.009" /><testcase classname="causalpy.tests.test_piecewise_its" name="test_piecewise_its_summary_with_round_to" time="0.007" /><testcase classname="causalpy.tests.test_piecewise_its" name="test_piecewise_its_plot_with_round_to" time="0.239" /><testcase classname="causalpy.tests.test_piecewise_its" name="test_piecewise_its_ols_multiple_interruptions_plot" time="0.084" /><testcase classname="causalpy.tests.test_piecewise_its" name="test_piecewise_its_datetime_plot" time="0.097" /><testcase classname="causalpy.tests.test_piecewise_its" name="test_piecewise_its_pymc_get_plot_data_custom_hdi" time="0.173" /><testcase classname="causalpy.tests.test_piecewise_its" name="test_piecewise_its_pymc_multiple_interruptions_plot" time="0.268" /><testcase classname="causalpy.tests.test_piecewise_its" name="test_piecewise_its_pymc_post_impact_attributes" time="0.174" /><testcase classname="causalpy.tests.test_piecewise_its" name="test_piecewise_its_datetime_post_intervention_attributes" time="0.014" /><testcase classname="causalpy.tests.test_piecewise_its" name="test_piecewise_its_interruption_column_indices" time="0.012" /><testcase classname="causalpy.tests.test_piecewise_its" name="test_piecewise_its_counterfactual_zeros_interruption_terms" time="0.011" /><testcase classname="causalpy.tests.test_piecewise_its" name="test_piecewise_its_data_index_name" time="0.011" /><testcase classname="causalpy.tests.test_piecewise_its" name="test_piecewise_its_ols_various_effects[5.0-0.0]" time="0.012" /><testcase classname="causalpy.tests.test_piecewise_its" name="test_piecewise_its_ols_various_effects[0.0-0.2]" time="0.007" /><testcase classname="causalpy.tests.test_piecewise_its" name="test_piecewise_its_ols_various_effects[5.0-0.2]" time="0.007" /><testcase classname="causalpy.tests.test_piecewise_its" name="test_piecewise_its_ols_various_effects[-3.0--0.1]" time="0.008" /><testcase classname="causalpy.tests.test_piecewise_its" name="test_piecewise_its_ols_multiple_interruption_configs[1-interruption_times0-level_changes0-slope_changes0]" time="0.015" /><testcase classname="causalpy.tests.test_piecewise_its" name="test_piecewise_its_ols_multiple_interruption_configs[2-interruption_times1-level_changes1-slope_changes1]" time="0.008" /><testcase classname="causalpy.tests.test_piecewise_its" name="test_piecewise_its_ols_multiple_interruption_configs[3-interruption_times2-level_changes2-slope_changes2]" time="0.010" /><testcase classname="causalpy.tests.test_piecewise_its" name="test_generate_piecewise_its_data_slope_changes_mismatched" time="0.001" /><testcase classname="causalpy.tests.test_piecewise_its" name="test_generate_piecewise_its_data_default_values" time="0.005" /><testcase classname="causalpy.tests.test_piecewise_its" name="test_piecewise_its_unrecognized_model_type" time="0.002" /><testcase classname="causalpy.tests.test_piecewise_its" name="test_piecewise_its_score_attribute_ols" time="0.011" /><testcase classname="causalpy.tests.test_piecewise_its" name="test_piecewise_its_ols_model_without_fit_intercept" time="0.008" /><testcase classname="causalpy.tests.test_piecewise_its" name="test_piecewise_its_x_y_shapes" time="0.011" /><testcase classname="causalpy.tests.test_piecewise_its" name="test_piecewise_its_y_pred_shape" time="0.010" /><testcase classname="causalpy.tests.test_piecewise_its" name="test_piecewise_its_effect_pre_intervention_zero" time="0.008" /><testcase classname="causalpy.tests.test_piecewise_its" name="test_piecewise_its_get_plot_data_stores_attribute" time="0.010" /><testcase classname="causalpy.tests.test_piecewise_its" name="test_piecewise_its_step_variable_not_in_data" time="0.002" /><testcase classname="causalpy.tests.test_piecewise_its" name="test_piecewise_its_non_numeric_non_datetime_time" time="0.002" /><testcase classname="causalpy.tests.test_piecewise_its" name="test_step_transform_chunked_data" time="0.001" /><testcase classname="causalpy.tests.test_piecewise_its" name="test_ramp_transform_chunked_data" time="0.001" /><testcase classname="causalpy.tests.test_piecewise_its" name="test_step_transform_datetime_chunked" time="0.003" /><testcase classname="causalpy.tests.test_piecewise_its" name="test_ramp_transform_datetime_chunked" time="0.003" /><testcase classname="causalpy.tests.test_
[...]
ggered_did_plot_elements_ols" time="0.057" /><testcase classname="causalpy.tests.test_staggered_did" name="test_staggered_did_plot_group_time_elements_ols" time="0.092" /><testcase classname="causalpy.tests.test_staggered_did" name="test_staggered_did_plot_group_time_overlay_calendar_ols" time="0.078" /><testcase classname="causalpy.tests.test_staggered_did" name="test_staggered_did_plot_elements_bayesian" time="0.345" /><testcase classname="causalpy.tests.test_staggered_did" name="test_staggered_did_plot_group_time_elements_bayesian" time="0.200" /><testcase classname="causalpy.tests.test_staggered_did" name="test_staggered_did_summary_can_include_group_time" time="0.046" /><testcase classname="causalpy.tests.test_staggered_did" name="test_staggered_did_n_obs_column" time="0.027" /><testcase classname="causalpy.tests.test_staggered_did" name="test_staggered_did_bayesian_uncertainty_reasonable" time="0.167" /><testcase classname="causalpy.tests.test_staggered_did" name="test_staggered_did_reference_event_time_param" time="0.035" /><testcase classname="causalpy.tests.test_staggered_did" name="test_staggered_did_expt_type" time="0.027" /><testcase classname="causalpy.tests.test_staggered_did" name="test_staggered_did_outcome_variable_name" time="0.049" /><testcase classname="causalpy.tests.test_staggered_did" name="test_staggered_did_x_full_shape" time="0.028" /><testcase classname="causalpy.tests.test_staggered_did" name="test_staggered_did_training_data_shape" time="0.042" /><testcase classname="causalpy.tests.test_staggered_did" name="test_staggered_did_get_plot_data_bayesian" time="0.183" /><testcase classname="causalpy.tests.test_staggered_did" name="test_staggered_did_get_plot_data_bayesian_hdi_prob_respected" time="0.176" /><testcase classname="causalpy.tests.test_staggered_did" name="test_staggered_did_get_plot_data_ols" time="0.044" /><testcase classname="causalpy.tests.test_staggered_did" name="test_staggered_did_only_never_treated_as_controls" time="0.017" /><testcase classname="causalpy.tests.test_staggered_did" name="test_staggered_did_supports_ols_bayes_attrs" time="0.003" /><testcase classname="causalpy.tests.test_staggered_did" name="test_staggered_did_skip_absorbing_validation_when_using_treatment_time" time="0.016" /><testcase classname="causalpy.tests.test_staggered_did" name="test_staggered_did_unrecognized_model_type_fit" time="0.002" /><testcase classname="causalpy.tests.test_staggered_did" name="test_staggered_did_single_cohort" time="0.030" /><testcase classname="causalpy.tests.test_staggered_did" name="test_staggered_did_many_cohorts" time="0.083" /><testcase classname="causalpy.tests.test_staggered_did" name="test_staggered_did_late_treatment" time="0.039" /><testcase classname="causalpy.tests.test_staggered_did" name="test_staggered_did_early_treatment" time="0.037" /><testcase classname="causalpy.tests.test_staggered_did" name="test_staggered_did_event_window_restricts_negative" time="0.036" /><testcase classname="causalpy.tests.test_staggered_did" name="test_staggered_did_group_time_att_bayesian" time="0.176" /><testcase classname="causalpy.tests.test_staggered_did" name="test_staggered_did_plot_only_post_treatment" time="0.055" /><testcase classname="causalpy.tests.test_staggered_did" name="test_staggered_did_plot_only_post_treatment_bayesian" time="0.175" /><testcase classname="causalpy.tests.test_staggered_did" name="test_staggered_did_sklearn_model_without_fit_intercept" time="1.258" /><testcase classname="causalpy.tests.test_staggered_did" name="test_staggered_did_att_event_time_includes_pre_and_post_treatment" time="0.059" /><testcase classname="causalpy.tests.test_synthetic_data" name="test_generate_multicell_geolift_data" time="0.026" /><testcase classname="causalpy.tests.test_synthetic_data" name="test_generate_geolift_data" time="0.013" /><testcase classname="causalpy.tests.test_synthetic_data" name="test_generate_regression_discontinuity_data" time="0.012" /><testcase classname="causalpy.tests.test_synthetic_data" name="test_generate_synthetic_control_data" time="0.043" /><testcase classname="causalpy.tests.test_three_period_its" name="test_three_period_pymc_datetime_index" time="0.238" /><testcase classname="causalpy.tests.test_three_period_its" name="test_three_period_pymc_integer_index" time="0.221" /><testcase classname="causalpy.tests.test_three_period_its" name="test_three_period_sklearn_datetime_index" time="0.048" /><testcase classname="causalpy.tests.test_three_period_its" name="test_three_period_sklearn_integer_index" time="0.048" /><testcase classname="causalpy.tests.test_three_period_its" name="test_backward_compatibility_no_treatment_end_time" time="0.222" /><testcase classname="causalpy.tests.test_three_period_its" name="test_existing_methods_work_without_treatment_end_time" time="0.435" /><testcase classname="causalpy.tests.test_three_period_its" name="test_effect_summary_intervention_period" time="0.217" /><testcase classname="causalpy.tests.test_three_period_its" name="test_effect_summary_post_period" time="0.208" /><testcase classname="causalpy.tests.test_three_period_its" name="test_effect_summary_default_behavior" time="0.214" /><testcase classname="causalpy.tests.test_three_period_its" name="test_effect_summary_comparison_pymc" time="0.215" /><testcase classname="causalpy.tests.test_three_period_its" name="test_effect_summary_comparison_sklearn" time="0.033" /><testcase classname="causalpy.tests.test_three_period_its" name="test_effect_summary_comparison_persistence_ratio" time="0.203" /><testcase classname="causalpy.tests.test_three_period_its" name="test_effect_summary_comparison_prob_persisted" time="0.201" /><testcase classname="causalpy.tests.test_three_period_its" name="test_effect_summary_comparison_hdi_intervals" time="0.197" /><testcase classname="causalpy.tests.test_three_period_its" name="test_effect_summary_invalid_period_raises_error" time="0.192" /><testcase classname="causalpy.tests.test_three_period_its" name="test_treatment_end_time_less_than_treatment_time_raises_error" time="0.003" /><testcase classname="causalpy.tests.test_three_period_its" name="test_treatment_end_time_beyond_data_range_raises_error" time="0.003" /><testcase classname="causalpy.tests.test_three_period_its" name="test_index_type_mismatch_datetime_raises_error" time="0.003" /><testcase classname="causalpy.tests.test_three_period_its" name="test_index_type_mismatch_integer_raises_error" time="0.002" /><testcase classname="causalpy.tests.test_three_period_its" name="test_very_short_post_intervention_period" time="0.205" /><testcase classname="causalpy.tests.test_three_period_its" name="test_treatment_end_time_at_data_boundary" time="0.199" /><testcase classname="causalpy.tests.test_three_period_its" name="test_all_new_attributes_exist" time="0.256" /><testcase classname="causalpy.tests.test_three_period_its" name="test_data_splits_no_overlap" time="0.362" /><testcase classname="causalpy.tests.test_three_period_its" name="test_cumulative_impacts_calculated_correctly" time="0.201" /><testcase classname="causalpy.tests.test_three_period_its" name="test_intervention_pred_is_slice_of_post_pred" time="0.199" /><testcase classname="causalpy.tests.test_three_period_its" name="test_analyze_persistence_pymc" time="0.220" /><testcase classname="causalpy.tests.test_three_period_its" name="test_analyze_persistence_sklearn" time="0.031" /><testcase classname="causalpy.tests.test_three_period_its" name="test_analyze_persistence_raises_error_without_treatment_end_time" time="0.199" /><testcase classname="causalpy.tests.test_three_period_its" name="test_analyze_persistence_with_custom_hdi_prob" time="0.201" /><testcase classname="causalpy.tests.test_three_period_its" name="test_analyze_persistence_persistence_ratio_calculation" time="0.204" /><testcase classname="causalpy.tests.test_three_period_its" name="test_plot_three_period_pymc" time="0.250" /><testcase classname="causalpy.tests.test_three_period_its" name="test_plot_three_period_sklearn" time="0.046" /><testcase classname="causalpy.tests.test_three_period_its" name="test_plot_two_period_backward_compatible" time="0.242" /><testcase classname="causalpy.tests.test_timeseries_model_coverage.TestBayesianBasisExpansionTimeSeriesCoverage" name="test_custom_trend_component_without_apply_method" time="0.001"><skipped type="pytest.skip" message="pymc-marketing optional for default BSTS components">C:\Users\PICHAU\Desktop\CausalPy\causalpy\tests\test_timeseries_model_coverage.py:72: pymc-marketing optional for default BSTS components</skipped></testcase><testcase classname="causalpy.tests.test_timeseries_model_coverage.TestBayesianBasisExpansionTimeSeriesCoverage" name="test_custom_seasonality_component_without_apply_method" time="0.001"><skipped type="pytest.skip" message="pymc-marketing optional for default BSTS components">C:\Users\PICHAU\Desktop\CausalPy\causalpy\tests\test_timeseries_model_coverage.py:83: pymc-marketing optional for default BSTS components</skipped></testcase><testcase classname="causalpy.tests.test_timeseries_model_coverage.TestBayesianBasisExpansionTimeSeriesCoverage" name="test_custom_components_with_apply_method" time="0.001"><skipped type="pytest.skip" message="pymc-marketing optional for default BSTS components">C:\Users\PICHAU\Desktop\CausalPy\causalpy\tests\test_timeseries_model_coverage.py:94: pymc-marketing optional for default BSTS components</skipped></testcase><testcase classname="causalpy.tests.test_timeseries_model_coverage.TestBayesianBasisExpansionTimeSeriesCoverage" name="test_prepare_time_features_none_x" time="0.003"><skipped type="pytest.skip" message="pymc-marketing optional for default BSTS components">C:\Users\PICHAU\Desktop\CausalPy\causalpy\tests\test_timeseries_model_coverage.py:108: pymc-marketing optional for default BSTS components</skipped></testcase><testcase classname="causalpy.tests.test_timeseries_model_coverage.TestBayesianBasisExpansionTimeSeriesCoverage" name="test_prepare_time_features_not_xarray" time="0.002"><skipped type="pytest.skip" message="pymc-marketing optional for default BSTS components">C:\Users\PICHAU\Desktop\CausalPy\causalpy\tests\test_timeseries_model_coverage.py:117: pymc-marketing optional for default BSTS components</skipped></testcase><testcase classname="causalpy.tests.test_timeseries_model_coverage.TestBayesianBasisExpansionTimeSeriesCoverage" name="test_prepare_time_features_no_obs_ind_coord" time="0.002"><skipped type="pytest.skip" message="pymc-marketing optional for default BSTS components">C:\Users\PICHAU\Desktop\CausalPy\causalpy\tests\test_timeseries_model_coverage.py:126: pymc-marketing optional for default BSTS components</skipped></testcase><testcase classname="causalpy.tests.test_timeseries_model_coverage.TestBayesianBasisExpansionTimeSeriesCoverage" name="test_prepare_time_features_empty_obs_ind" time="0.001"><skipped type="pytest.skip" message="pymc-marketing optional for default BSTS components">C:\Users\PICHAU\Desktop\CausalPy\causalpy\tests\test_timeseries_model_coverage.py:137: pymc-marketing optional for default BSTS components</skipped></testcase><testcase classname="causalpy.tests.test_timeseries_model_coverage.TestBayesianBasisExpansionTimeSeriesCoverage" name="test_prepare_time_features_non_datetime_obs_ind" time="0.001"><skipped type="pytest.skip" message="pymc-marketing optional for default BSTS components">C:\Users\PICHAU\Desktop\CausalPy\causalpy\tests\test_timeseries_model_coverage.py:152: pymc-marketing optional for default BSTS components</skipped></testcase><testcase classname="causalpy.tests.test_timeseries_model_coverage.TestBayesianBasisExpansionTimeSeriesCoverage" name="test_data_setter_error_x_mismatch" time="0.001"><skipped type="pytest.skip" message="pymc-marketing optional for default BSTS components">C:\Users\PICHAU\Desktop\CausalPy\causalpy\tests\test_timeseries_model_coverage.py:170: pymc-marketing optional for default BSTS components</skipped></testcase><testcase classname="causalpy.tests.test_timeseries_model_coverage.TestBayesianBasisExpansionTimeSeriesCoverage" name="test_data_setter_error_missing_exog_vars" time="0.001"><skipped type="pytest.skip" message="pymc-marketing optional for default BSTS components">C:\Users\PICHAU\Desktop\CausalPy\causalpy\tests\test_timeseries_model_coverage.py:195: pymc-marketing optional for default BSTS components</skipped></testcase><testcase classname="causalpy.tests.test_timeseries_model_coverage.TestStateSpaceTimeSeriesCoverage" name="test_custom_trend_component_without_apply_method" time="0.012" /><testcase classname="causalpy.tests.test_timeseries_model_coverage.TestStateSpaceTimeSeriesCoverage" name="test_custom_seasonality_component_without_apply_method" time="0.001" /><testcase classname="causalpy.tests.test_timeseries_model_coverage.TestStateSpaceTimeSeriesCoverage" name="test_backwards_compatibility_coords_datetime_index" time="12.053" /><testcase classname="causalpy.tests.test_timeseries_model_coverage.TestStateSpaceTimeSeriesCoverage" name="test_coords_datetime_index_not_datetimeindex" time="0.003" /><testcase classname="causalpy.tests.test_timeseries_model_coverage.TestStateSpaceTimeSeriesCoverage" name="test_build_model_y_none" time="0.001" /><testcase classname="causalpy.tests.test_timeseries_model_coverage.TestStateSpaceTimeSeriesCoverage" name="test_build_model_y_no_obs_ind" time="0.002" /><testcase classname="causalpy.tests.test_timeseries_model_coverage.TestStateSpaceTimeSeriesCoverage" name="test_build_model_y_empty_obs_ind" time="0.002" /><testcase classname="causalpy.tests.test_timeseries_model_coverage.TestStateSpaceTimeSeriesCoverage" name="test_fit_y_none" time="0.001" /><testcase classname="causalpy.tests.test_timeseries_model_coverage.TestStateSpaceTimeSeriesCoverage" name="test_predict_out_of_sample_x_none" time="12.192" /><testcase classname="causalpy.tests.test_timeseries_model_coverage.TestStateSpaceTimeSeriesCoverage" name="test_predict_out_of_sample_x_no_coords" time="12.419" /><testcase classname="causalpy.tests.test_timeseries_model_coverage.TestStateSpaceTimeSeriesCoverage" name="test_score_y_none" time="12.372" /><testcase classname="causalpy.tests.test_timeseries_model_coverage.TestTimeSeriesModelClonePreservesPriors" name="test_bayesian_basis_expansion_clone_forwards_priors" time="0.001"><skipped type="pytest.skip" message="pymc-marketing optional for default BSTS components">C:\Users\PICHAU\Desktop\CausalPy\causalpy\tests\test_timeseries_model_coverage.py:454: pymc-marketing optional for default BSTS components</skipped></testcase><testcase classname="causalpy.tests.test_timeseries_model_coverage.TestTimeSeriesModelClonePreservesPriors" name="test_state_space_clone_forwards_priors" time="0.003" /><testcase classname="causalpy.tests.test_timeseries_model_coverage.TestTimeSeriesModelCloneIsUnfitted" name="test_linear_regression_clone_has_no_fitted_state" time="0.003" /><testcase classname="causalpy.tests.test_timeseries_model_coverage.TestTimeSeriesModelCloneIsUnfitted" name="test_bayesian_basis_expansion_clone_has_no_fitted_state" time="0.001"><skipped type="pytest.skip" message="pymc-marketing optional for default BSTS components">C:\Users\PICHAU\Desktop\CausalPy\causalpy\tests\test_timeseries_model_coverage.py:507: pymc-marketing optional for default BSTS components</skipped></testcase><testcase classname="causalpy.tests.test_timeseries_model_coverage.TestTimeSeriesModelCloneIsUnfitted" name="test_state_space_clone_has_no_fitted_state" time="0.004" /><testcase classname="causalpy.tests.test_timeseries_model_coverage.TestTimeSeriesModelCloneIsUnfitted" name="test_clone_after_fit_does_not_inherit_idata" time="0.115" /><testcase classname="causalpy.tests.test_utils" name="test_dummy_coding" time="0.020" /><testcase classname="causalpy.tests.test_utils" name="test_2_level_series" time="0.026" /><testcase classname="causalpy.tests.test_utils" name="test_round_num" time="0.043" /><testcase classname="causalpy.tests.test_utils" name="test_get_interaction_terms" time="0.175" /><testcase classname="causalpy.tests.test_utils" name="test_check_convex_hull_violation_passes" time="0.004" /><testcase classname="causalpy.tests.test_utils" name="test_check_convex_hull_violation_above" time="0.004" /><testcase classname="causalpy.tests.test_utils" name="test_check_convex_hull_violation_below" time="0.004" /><testcase classname="causalpy.tests.test_utils" name="test_check_convex_hull_violation_both" time="0.005" /><testcase classname="causalpy.tests.test_utils" name="test_check_convex_hull_violation_boundary" time="0.003" /><testcase classname="causalpy.tests.test_utils" name="test_check_convex_hull_violation_empty_series" time="0.004" /><testcase classname="causalpy.tests.test_utils" name="test_extract_lift_for_mmm_single_unit" time="0.222" /><testcase classname="causalpy.tests.test_utils" name="test_extract_lift_for_mmm_multi_unit" time="0.228" /><testcase classname="causalpy.tests.test_utils" name="test_extract_lift_for_mmm_sum_aggregate" time="0.006" /><testcase classname="causalpy.tests.test_utils" name="test_extract_lift_for_mmm_raises_for_ols" time="0.019" /><testcase classname="causalpy.tests.test_utils" name="test_plot_correlations_returns_matrix_and_axes" time="0.055" /><testcase classname="causalpy.tests.test_utils" name="test_plot_correlations_diagonal_is_one" time="0.043" /><testcase classname="causalpy.tests.test_utils" name="test_plot_correlations_symmetric" time="0.044" /><testcase classname="causalpy.tests.test_utils" name="test_plot_correlations_column_subset" time="0.045" /><testcase classname="causalpy.tests.test_utils" name="test_plot_correlations_custom_ax" time="0.044" /><testcase classname="causalpy.tests.test_utils" name="test_plot_correlations_kwargs_forwarded" time="0.042" /><testcase classname="causalpy.tests.test_utils" name="test_pre_treatment_correlations_single_unit" time="0.003" /><testcase classname="causalpy.tests.test_utils" name="test_pre_treatment_correlations_multi_unit" time="0.005" /><testcase classname="causalpy.tests.test_utils" name="test_summary_prints_correlation" time="0.015" /><testcase classname="causalpy.tests.test_validate_docstring_lists" name="test_flags_inline_bullet_list_for_each_marker[-]" time="0.025" /><testcase classname="causalpy.tests.test_validate_docstring_lists" name="test_flags_inline_bullet_list_for_each_marker[*]" time="0.017" /><testcase classname="causalpy.tests.test_validate_docstring_lists" name="test_flags_inline_bullet_list_for_each_marker[+]" time="0.008" /><testcase classname="causalpy.tests.test_validate_docstring_lists" name="test_passes_when_blank_line_separates_bullets" time="0.011" /><testcase classname="causalpy.tests.test_validate_docstring_lists" name="test_does_not_flag_bullet_continuation_lines" time="0.011" /><testcase classname="causalpy.tests.test_validate_docstring_lists" name="test_does_not_flag_list_when_intro_lacks_trailing_colon" time="0.011" /><testcase classname="causalpy.tests.test_validate_docstring_lists" name="test_cli_exits_nonzero_when_offenders_present" time="0.064" /><testcase classname="causalpy.tests.test_validate_docstring_lists" name="test_cli_exits_zero_on_clean_file" time="0.068" /><testcase classname="causalpy.tests.test_variable_selection_priors" name="test_create_variable_in_model_context" time="0.020" /><testcase classname="causalpy.tests.test_variable_selection_priors" name="test_create_variable_in_model_context_horseshoe" time="0.020" /><testcase classname="causalpy.tests.test_variable_selection_priors" name="test_create_prior_spike_and_slab" time="0.014" /><testcase classname="causalpy.tests.test_variable_selection_priors" name="test_create_prior_horseshoe" time="0.015" /><testcase classname="causalpy.tests.test_variable_selection_priors" name="test_create_prior_normal" time="0.006" /><testcase classname="causalpy.tests.test_variable_selection_priors" name="test_convenience_function_with_custom_hyperparams" time="0.015" /></testsuite></testsuites>